===============================================================================
 RRRR   AAA  TTTTT  OOO   M   M      Zbigniew Romanowski          
 R   R A   A  TTT  O   O  MM MM                                   
 RRRR  AAAAA   T   O   O  M M M      VERSION   1.4.1              
 R  R  A   A   T   O   O  M   M                                   
 R   R A   A   T    OOO   M   M      compilation date: Apr 20 2011         
===============================================================================


  C A L C U L A T I O N   D A T E   Wed Apr 20 13:05:16 2011



*************************************
*                                   *
*      I N P U T   P A R A M S      *
*                                   *
*************************************
Atom_Proton                      43

Atom_Rc                          30

Out_EigNode                      10

Out_RhoNode                      10

Rho0_Alpha                       0.0

Rho0_Default                     Yes

Rho0_c                           0.0

Rho_Deg                          8

Rho_Delta                        1E-9

Scf_Diff                         1E-9

Scf_MaxIter                      100

Scf_Mix                          0.3

Solver_EigAbsMaxCoef             1E-4

Solver_EigAbsTol                 1E-14

Solver_EigAdapt                  Yes

Solver_EigDeg                    6

Solver_EigNode                   4

Solver_PsnAbsMaxCoef             1E-4

Solver_PsnAdapt                  Yes

Solver_PsnDeg                    6

Solver_PsnNode                   4

XC_Corr                          vwn

XC_Exch                          slater



===================================================================
     E I G E N V A L U E S
-------------------------------------------------------------------
           State          Value [Ha]           Value [eV]
-------------------------------------------------------------------
   (n=0, L=0) 1s2      -745.7420241 Ha =  -20292.8709494 eV
   (n=1, L=0) 2s2      -104.5675084 Ha =   -2845.4544395 eV
   (n=0, L=1) 2p6       -96.6102102 Ha =   -2628.9232266 eV
   (n=2, L=0) 3s2       -18.1353035 Ha =    -493.4915325 eV
   (n=1, L=1) 3p6       -15.0417382 Ha =    -409.3105140 eV
   (n=0, L=2) 3d10       -9.3398605 Ha =    -254.1530140 eV
   (n=3, L=0) 4s2        -2.5507124 Ha =     -69.4090942 eV
   (n=2, L=1) 4p6        -1.6432300 Ha =     -44.7150007 eV
   (n=1, L=2) 4d5        -0.2702617 Ha =      -7.3542678 eV
   (n=4, L=0) 5s2        -0.1836364 Ha =      -4.9970499 eV
===================================================================


==========================================================
     E N E R G Y 
----------------------------------------------------------
	 Etot   =   -4202.1888574 Ha =   -114348.4924 eV
	 Ekin   =    4199.3317925 Ha =    114270.7470 eV
	 Ecoul  =    1724.9007405 Ha =     46937.3952 eV
	 Eenucl =  -10004.7906167 Ha =   -272246.8606 eV
	 Eexch  =    -117.6395012 Ha =     -3201.1649 eV
	 Ecorr  =      -3.9912725 Ha =      -108.6091 eV
	 Exc    =    -121.6307737 Ha =     -3309.7740 eV
==========================================================


C A L C U L A T I O N   T I M E :   33  [s]
