===============================================================================
 RRRR   AAA  TTTTT  OOO   M   M      Zbigniew Romanowski          
 R   R A   A  TTT  O   O  MM MM                                   
 RRRR  AAAAA   T   O   O  M M M      VERSION   1.4.1              
 R  R  A   A   T   O   O  M   M                                   
 R   R A   A   T    OOO   M   M      compilation date: Apr 20 2011         
===============================================================================


  C A L C U L A T I O N   D A T E   Wed Apr 20 13:50:51 2011



*************************************
*                                   *
*      I N P U T   P A R A M S      *
*                                   *
*************************************
Atom_Proton                      87

Atom_Rc                          110

Out_EigNode                      10

Out_RhoNode                      10

Rho0_Alpha                       0.0

Rho0_Default                     Yes

Rho0_c                           0.0

Rho_Deg                          8

Rho_Delta                        1E-9

Scf_Diff                         1E-9

Scf_MaxIter                      100

Scf_Mix                          0.3

Solver_EigAbsMaxCoef             1E-4

Solver_EigAbsTol                 1E-14

Solver_EigAdapt                  Yes

Solver_EigDeg                    6

Solver_EigNode                   4

Solver_PsnAbsMaxCoef             1E-4

Solver_PsnAdapt                  Yes

Solver_PsnDeg                    6

Solver_PsnNode                   4

XC_Corr                          vwn

XC_Exch                          slater



===================================================================
     E I G E N V A L U E S
-------------------------------------------------------------------
           State          Value [Ha]           Value [eV]
-------------------------------------------------------------------
   (n=0, L=0) 1s2     -3283.2633990 Ha =  -89343.0144724 eV
   (n=1, L=0) 2s2      -561.7304504 Ha =  -15285.6124097 eV
   (n=0, L=1) 2p6      -542.4142400 Ha =  -14759.9864532 eV
   (n=2, L=0) 3s2      -137.9596325 Ha =   -3754.1092331 eV
   (n=1, L=1) 3p6      -128.6071356 Ha =   -3499.6123622 eV
   (n=0, L=2) 3d10     -111.0852234 Ha =   -3022.8122203 eV
   (n=3, L=0) 4s2       -32.8610132 Ha =    -894.2023902 eV
   (n=2, L=1) 4p6       -28.6481308 Ha =    -779.5629072 eV
   (n=1, L=2) 4d10      -20.8124616 Ha =    -566.3414219 eV
   (n=4, L=0) 5s2        -6.5095164 Ha =    -177.1346819 eV
   (n=3, L=1) 5p6        -4.9732805 Ha =    -135.3311686 eV
   (n=0, L=3) 4f14      -10.0506484 Ha =    -273.4947256 eV
   (n=2, L=2) 5d10       -2.3609908 Ha =     -64.2464541 eV
   (n=5, L=0) 6s2        -0.8418484 Ha =     -22.9080843 eV
   (n=4, L=1) 6p6        -0.4661976 Ha =     -12.6860049 eV
   (n=6, L=0) 7s1        -0.0761759 Ha =      -2.0728709 eV
===================================================================


==========================================================
     E N E R G Y 
----------------------------------------------------------
	 Etot   =  -22470.3196548 Ha =   -611454.4738 eV
	 Ekin   =   22463.5738089 Ha =    611270.9082 eV
	 Ecoul  =    8837.3039330 Ha =    240477.6216 eV
	 Eenucl =  -53382.4258035 Ha =  -1452623.8871 eV
	 Eexch  =    -379.6514952 Ha =    -10330.9436 eV
	 Ecorr  =      -9.1200980 Ha =      -248.1729 eV
	 Exc    =    -388.7715932 Ha =    -10579.1165 eV
==========================================================


C A L C U L A T I O N   T I M E :   116  [s]
