===============================================================================
 RRRR   AAA  TTTTT  OOO   M   M      Zbigniew Romanowski          
 R   R A   A  TTT  O   O  MM MM                                   
 RRRR  AAAAA   T   O   O  M M M      VERSION   1.4.1              
 R  R  A   A   T   O   O  M   M                                   
 R   R A   A   T    OOO   M   M      compilation date: Apr 20 2011         
===============================================================================


  C A L C U L A T I O N   D A T E   Wed Apr 20 13:23:03 2011



*************************************
*                                   *
*      I N P U T   P A R A M S      *
*                                   *
*************************************
Atom_Proton                      65

Atom_Rc                          40

Out_EigNode                      10

Out_RhoNode                      10

Rho0_Alpha                       0.0

Rho0_Default                     Yes

Rho0_c                           0.0

Rho_Deg                          8

Rho_Delta                        1E-9

Scf_Diff                         1E-9

Scf_MaxIter                      100

Scf_Mix                          0.3

Solver_EigAbsMaxCoef             1E-4

Solver_EigAbsTol                 1E-14

Solver_EigAdapt                  Yes

Solver_EigDeg                    6

Solver_EigNode                   4

Solver_PsnAbsMaxCoef             1E-4

Solver_PsnAdapt                  Yes

Solver_PsnDeg                    6

Solver_PsnNode                   4

XC_Corr                          vwn

XC_Exch                          slater



===================================================================
     E I G E N V A L U E S
-------------------------------------------------------------------
           State          Value [Ha]           Value [eV]
-------------------------------------------------------------------
   (n=0, L=0) 1s2     -1785.3319416 Ha =  -48581.8279277 eV
   (n=1, L=0) 2s2      -285.1210129 Ha =   -7758.6132112 eV
   (n=0, L=1) 2p6      -271.5905849 Ha =   -7390.4279393 eV
   (n=2, L=0) 3s2       -62.8515632 Ha =   -1710.2947395 eV
   (n=1, L=1) 3p6       -56.7851133 Ha =   -1545.2166275 eV
   (n=0, L=2) 3d10      -45.4438633 Ha =   -1236.6025035 eV
   (n=3, L=0) 4s2       -12.1204860 Ha =    -329.8184226 eV
   (n=2, L=1) 4p6        -9.7356374 Ha =    -264.9227581 eV
   (n=1, L=2) 4d10       -5.4676620 Ha =    -148.7841039 eV
   (n=4, L=0) 5s2        -1.5136691 Ha =     -41.1894335 eV
   (n=3, L=1) 5p6        -0.8872305 Ha =     -24.1430068 eV
   (n=0, L=3) 4f9        -0.2563110 Ha =      -6.9746459 eV
   (n=5, L=0) 6s2        -0.1316769 Ha =      -3.5831456 eV
===================================================================


==========================================================
     E N E R G Y 
----------------------------------------------------------
	 Etot   =  -11222.9419748 Ha =   -305394.7690 eV
	 Ekin   =   11218.2043473 Ha =    305265.8503 eV
	 Ecoul  =    4461.4815203 Ha =    121404.2736 eV
	 Eenucl =  -26663.6091340 Ha =   -725560.7995 eV
	 Eexch  =    -232.5287422 Ha =     -6327.4907 eV
	 Ecorr  =      -6.4899662 Ha =      -176.6027 eV
	 Exc    =    -239.0187084 Ha =     -6504.0934 eV
==========================================================


C A L C U L A T I O N   T I M E :   78  [s]
