===============================================================================
 RRRR   AAA  TTTTT  OOO   M   M      Zbigniew Romanowski          
 R   R A   A  TTT  O   O  MM MM                                   
 RRRR  AAAAA   T   O   O  M M M      VERSION   1.4.1              
 R  R  A   A   T   O   O  M   M                                   
 R   R A   A   T    OOO   M   M      compilation date: Apr 20 2011         
===============================================================================


  C A L C U L A T I O N   D A T E   Wed Apr 20 13:56:56 2011



*************************************
*                                   *
*      I N P U T   P A R A M S      *
*                                   *
*************************************
Atom_Proton                      90

Atom_Rc                          140

Out_EigNode                      10

Out_RhoNode                      10

Rho0_Alpha                       0.0

Rho0_Default                     Yes

Rho0_c                           0.0

Rho_Deg                          8

Rho_Delta                        1E-9

Scf_Diff                         1E-9

Scf_MaxIter                      100

Scf_Mix                          0.3

Solver_EigAbsMaxCoef             1E-4

Solver_EigAbsTol                 1E-14

Solver_EigAdapt                  Yes

Solver_EigDeg                    6

Solver_EigNode                   4

Solver_PsnAbsMaxCoef             1E-4

Solver_PsnAdapt                  Yes

Solver_PsnDeg                    6

Solver_PsnNode                   4

XC_Corr                          vwn

XC_Exch                          slater



===================================================================
     E I G E N V A L U E S
-------------------------------------------------------------------
           State          Value [Ha]           Value [eV]
-------------------------------------------------------------------
   (n=0, L=0) 1s2     -3524.4390508 Ha =  -95905.8018969 eV
   (n=1, L=0) 2s2      -608.3509580 Ha =  -16554.2333454 eV
   (n=0, L=1) 2p6      -588.2181119 Ha =  -16006.3853842 eV
   (n=2, L=0) 3s2      -152.0797410 Ha =   -4138.3406829 eV
   (n=1, L=1) 3p6      -142.2558097 Ha =   -3871.0153027 eV
   (n=0, L=2) 3d10     -123.8463958 Ha =   -3370.0647764 eV
   (n=3, L=0) 4s2       -37.8140939 Ha =   -1028.9838896 eV
   (n=2, L=1) 4p6       -33.3252523 Ha =    -906.8351019 eV
   (n=1, L=2) 4d10      -24.9551845 Ha =    -679.0717457 eV
   (n=4, L=0) 5s2        -8.2870568 Ha =    -225.5044902 eV
   (n=3, L=1) 5p6        -6.5828099 Ha =    -179.1291202 eV
   (n=0, L=3) 4f14      -13.3973890 Ha =    -364.5650598 eV
   (n=2, L=2) 5d10       -3.6257295 Ha =     -98.6620815 eV
   (n=5, L=0) 6s2        -1.3337687 Ha =     -36.2940483 eV
   (n=4, L=1) 6p6        -0.8469208 Ha =     -23.0461125 eV
   (n=3, L=2) 6d2        -0.1728965 Ha =      -4.7047979 eV
   (n=6, L=0) 7s2        -0.1358725 Ha =      -3.6973160 eV
===================================================================


==========================================================
     E N E R G Y 
----------------------------------------------------------
	 Etot   =  -24353.8322313 Ha =   -662707.9588 eV
	 Ekin   =   24346.8456502 Ha =    662517.8424 eV
	 Ecoul  =    9483.6549384 Ha =    258065.8989 eV
	 Eenucl =  -57774.5675770 Ha =  -1572141.3118 eV
	 Eexch  =    -400.3253968 Ha =    -10893.5146 eV
	 Ecorr  =      -9.4398460 Ha =      -256.8738 eV
	 Exc    =    -409.7652428 Ha =    -11150.3884 eV
==========================================================


C A L C U L A T I O N   T I M E :   121  [s]
