===============================================================================
 RRRR   AAA  TTTTT  OOO   M   M      Zbigniew Romanowski          
 R   R A   A  TTT  O   O  MM MM                                   
 RRRR  AAAAA   T   O   O  M M M      VERSION   1.4.1              
 R  R  A   A   T   O   O  M   M                                   
 R   R A   A   T    OOO   M   M      compilation date: Apr 20 2011         
===============================================================================


  C A L C U L A T I O N   D A T E   Wed Apr 20 13:02:03 2011



*************************************
*                                   *
*      I N P U T   P A R A M S      *
*                                   *
*************************************
Atom_Proton                      37

Atom_Rc                          30

Out_EigNode                      10

Out_RhoNode                      10

Rho0_Alpha                       0.0

Rho0_Default                     Yes

Rho0_c                           0.0

Rho_Deg                          8

Rho_Delta                        1E-9

Scf_Diff                         1E-9

Scf_MaxIter                      100

Scf_Mix                          0.3

Solver_EigAbsMaxCoef             1E-4

Solver_EigAbsTol                 1E-14

Solver_EigAdapt                  Yes

Solver_EigDeg                    6

Solver_EigNode                   4

Solver_PsnAbsMaxCoef             1E-4

Solver_PsnAdapt                  Yes

Solver_PsnDeg                    6

Solver_PsnNode                   4

XC_Corr                          vwn

XC_Exch                          slater



===================================================================
     E I G E N V A L U E S
-------------------------------------------------------------------
           State          Value [Ha]           Value [eV]
-------------------------------------------------------------------
   (n=0, L=0) 1s2      -540.9571150 Ha =  -14720.3356782 eV
   (n=1, L=0) 2s2       -71.2912022 Ha =   -1939.9512429 eV
   (n=0, L=1) 2p6       -64.7846778 Ha =   -1762.8979773 eV
   (n=2, L=0) 3s2       -10.5138609 Ha =    -286.0995021 eV
   (n=1, L=1) 3p6        -8.1654159 Ha =    -222.1944408 eV
   (n=0, L=2) 3d10       -3.9155085 Ha =    -106.5474467 eV
   (n=3, L=0) 4s2        -1.1350510 Ha =     -30.8866093 eV
   (n=2, L=1) 4p6        -0.5921704 Ha =     -16.1139326 eV
   (n=4, L=0) 5s1        -0.0853749 Ha =      -2.3231917 eV
===================================================================


==========================================================
     E N E R G Y 
----------------------------------------------------------
	 Etot   =   -2936.3372934 Ha =    -79902.5827 eV
	 Ekin   =    2933.9404534 Ha =     79837.3607 eV
	 Ecoul  =    1239.1688645 Ha =     33719.8294 eV
	 Eenucl =   -7013.6895505 Ha =   -190854.0653 eV
	 Eexch  =     -92.3906862 Ha =     -2514.1030 eV
	 Ecorr  =      -3.3663746 Ha =       -91.6046 eV
	 Exc    =     -95.7570608 Ha =     -2605.7076 eV
==========================================================


C A L C U L A T I O N   T I M E :   33  [s]
