===============================================================================
 RRRR   AAA  TTTTT  OOO   M   M      Zbigniew Romanowski          
 R   R A   A  TTT  O   O  MM MM                                   
 RRRR  AAAAA   T   O   O  M M M      VERSION   1.4.1              
 R  R  A   A   T   O   O  M   M                                   
 R   R A   A   T    OOO   M   M      compilation date: Apr 20 2011         
===============================================================================


  C A L C U L A T I O N   D A T E   Wed Apr 20 12:53:11 2011



*************************************
*                                   *
*      I N P U T   P A R A M S      *
*                                   *
*************************************
Atom_Proton                      1

Atom_Rc                          30

Out_EigNode                      10

Out_RhoNode                      10

Rho0_Alpha                       0.0

Rho0_Default                     Yes

Rho0_c                           0.0

Rho_Deg                          8

Rho_Delta                        1E-9

Scf_Diff                         1E-9

Scf_MaxIter                      100

Scf_Mix                          0.3

Solver_EigAbsMaxCoef             1E-4

Solver_EigAbsTol                 1E-14

Solver_EigAdapt                  Yes

Solver_EigDeg                    6

Solver_EigNode                   4

Solver_PsnAbsMaxCoef             1E-4

Solver_PsnAdapt                  Yes

Solver_PsnDeg                    6

Solver_PsnNode                   4

XC_Corr                          vwn

XC_Exch                          slater



===================================================================
     E I G E N V A L U E S
-------------------------------------------------------------------
           State          Value [Ha]           Value [eV]
-------------------------------------------------------------------
   (n=0, L=0) 1s1        -0.2334710 Ha =      -6.3531312 eV
===================================================================


==========================================================
     E N E R G Y 
----------------------------------------------------------
	 Etot   =      -0.4456705 Ha =       -12.1274 eV
	 Ekin   =       0.4250272 Ha =        11.5657 eV
	 Ecoul  =       0.2828269 Ha =         7.6962 eV
	 Eenucl =      -0.9209992 Ha =       -25.0619 eV
	 Eexch  =      -0.1931108 Ha =        -5.2549 eV
	 Ecorr  =      -0.0394147 Ha =        -1.0725 eV
	 Exc    =      -0.2325254 Ha =        -6.3274 eV
==========================================================


C A L C U L A T I O N   T I M E :   2  [s]
