===============================================================================
 RRRR   AAA  TTTTT  OOO   M   M      Zbigniew Romanowski          
 R   R A   A  TTT  O   O  MM MM                                   
 RRRR  AAAAA   T   O   O  M M M      VERSION   1.4.1              
 R  R  A   A   T   O   O  M   M                                   
 R   R A   A   T    OOO   M   M      compilation date: Apr 20 2011         
===============================================================================


  C A L C U L A T I O N   D A T E   Wed Apr 20 13:31:30 2011



*************************************
*                                   *
*      I N P U T   P A R A M S      *
*                                   *
*************************************
Atom_Proton                      72

Atom_Rc                          50

Out_EigNode                      10

Out_RhoNode                      10

Rho0_Alpha                       0.0

Rho0_Default                     Yes

Rho0_c                           0.0

Rho_Deg                          8

Rho_Delta                        1E-9

Scf_Diff                         1E-9

Scf_MaxIter                      100

Scf_Mix                          0.3

Solver_EigAbsMaxCoef             1E-4

Solver_EigAbsTol                 1E-14

Solver_EigAdapt                  Yes

Solver_EigDeg                    6

Solver_EigNode                   4

Solver_PsnAbsMaxCoef             1E-4

Solver_PsnAdapt                  Yes

Solver_PsnDeg                    6

Solver_PsnNode                   4

XC_Corr                          vwn

XC_Exch                          slater



===================================================================
     E I G E N V A L U E S
-------------------------------------------------------------------
           State          Value [Ha]           Value [eV]
-------------------------------------------------------------------
   (n=0, L=0) 1s2     -2210.6519891 Ha =  -60155.4881986 eV
   (n=1, L=0) 2s2      -361.0065268 Ha =   -9823.5832545 eV
   (n=0, L=1) 2p6      -345.6870226 Ha =   -9406.7142679 eV
   (n=2, L=0) 3s2       -81.5228118 Ha =   -2218.3702223 eV
   (n=1, L=1) 3p6       -74.4526560 Ha =   -2025.9796156 eV
   (n=0, L=2) 3d10      -61.2314431 Ha =   -1666.2085984 eV
   (n=3, L=0) 4s2       -15.8836249 Ha =    -432.2196418 eV
   (n=2, L=1) 4p6       -12.9712112 Ha =    -352.9680580 eV
   (n=1, L=2) 4d10       -7.6766376 Ha =    -208.8939768 eV
   (n=4, L=0) 5s2        -2.0498277 Ha =     -55.7791931 eV
   (n=3, L=1) 5p6        -1.2464414 Ha =     -33.9177274 eV
   (n=0, L=3) 4f14       -0.8715745 Ha =     -23.7169813 eV
   (n=2, L=2) 5d2        -0.1438051 Ha =      -3.9131752 eV
   (n=5, L=0) 6s2        -0.1664655 Ha =      -4.5298010 eV
===================================================================


==========================================================
     E N E R G Y 
----------------------------------------------------------
	 Etot   =  -14317.4937200 Ha =   -389602.6280 eV
	 Ekin   =   14312.0768960 Ha =    389455.2273 eV
	 Ecoul  =    5760.5874182 Ha =    156755.0886 eV
	 Eenucl =  -34104.6293004 Ha =   -928043.2359 eV
	 Eexch  =    -278.1545536 Ha =     -7569.0444 eV
	 Ecorr  =      -7.3741803 Ha =      -200.6636 eV
	 Exc    =    -285.5287338 Ha =     -7769.7080 eV
==========================================================


C A L C U L A T I O N   T I M E :   69  [s]
