===============================================================================
 RRRR   AAA  TTTTT  OOO   M   M      Zbigniew Romanowski          
 R   R A   A  TTT  O   O  MM MM                                   
 RRRR  AAAAA   T   O   O  M M M      VERSION   1.4.1              
 R  R  A   A   T   O   O  M   M                                   
 R   R A   A   T    OOO   M   M      compilation date: Apr 20 2011         
===============================================================================


  C A L C U L A T I O N   D A T E   Wed Apr 20 12:56:52 2011



*************************************
*                                   *
*      I N P U T   P A R A M S      *
*                                   *
*************************************
Atom_Proton                      23

Atom_Rc                          30

Out_EigNode                      10

Out_RhoNode                      10

Rho0_Alpha                       0.0

Rho0_Default                     Yes

Rho0_c                           0.0

Rho_Deg                          8

Rho_Delta                        1E-9

Scf_Diff                         1E-9

Scf_MaxIter                      100

Scf_Mix                          0.3

Solver_EigAbsMaxCoef             1E-4

Solver_EigAbsTol                 1E-14

Solver_EigAdapt                  Yes

Solver_EigDeg                    6

Solver_EigNode                   4

Solver_PsnAbsMaxCoef             1E-4

Solver_PsnAdapt                  Yes

Solver_PsnDeg                    6

Solver_PsnNode                   4

XC_Corr                          vwn

XC_Exch                          slater



===================================================================
     E I G E N V A L U E S
-------------------------------------------------------------------
           State          Value [Ha]           Value [eV]
-------------------------------------------------------------------
   (n=0, L=0) 1s2      -195.2240140 Ha =   -5312.3675412 eV
   (n=1, L=0) 2s2       -21.8153457 Ha =    -593.6315509 eV
   (n=0, L=1) 2p6       -18.4351892 Ha =    -501.6519163 eV
   (n=2, L=0) 3s2        -2.5269036 Ha =     -68.7612171 eV
   (n=1, L=1) 3p6        -1.6105156 Ha =     -43.8247862 eV
   (n=0, L=2) 3d3        -0.2046343 Ha =      -5.5684381 eV
   (n=3, L=0) 4s2        -0.1759685 Ha =      -4.7883937 eV
===================================================================


==========================================================
     E N E R G Y 
----------------------------------------------------------
	 Etot   =    -941.6789044 Ha =    -25624.6368 eV
	 Ekin   =     940.3770568 Ha =     25589.2113 eV
	 Ecoul  =     395.1629636 Ha =     10753.0363 eV
	 Eenucl =   -2234.3471139 Ha =    -60800.2716 eV
	 Eexch  =     -40.9877479 Ha =     -1115.3442 eV
	 Ecorr  =      -1.8840630 Ha =       -51.2685 eV
	 Exc    =     -42.8718109 Ha =     -1166.6127 eV
==========================================================


C A L C U L A T I O N   T I M E :   19  [s]
