===============================================================================
 RRRR   AAA  TTTTT  OOO   M   M      Zbigniew Romanowski          
 R   R A   A  TTT  O   O  MM MM                                   
 RRRR  AAAAA   T   O   O  M M M      VERSION   1.4.1              
 R  R  A   A   T   O   O  M   M                                   
 R   R A   A   T    OOO   M   M      compilation date: Apr 20 2011         
===============================================================================


  C A L C U L A T I O N   D A T E   Wed Apr 20 13:21:42 2011



*************************************
*                                   *
*      I N P U T   P A R A M S      *
*                                   *
*************************************
Atom_Proton                      64

Atom_Rc                          40

Out_EigNode                      10

Out_RhoNode                      10

Rho0_Alpha                       0.0

Rho0_Default                     Yes

Rho0_c                           0.0

Rho_Deg                          8

Rho_Delta                        1E-9

Scf_Diff                         1E-9

Scf_MaxIter                      100

Scf_Mix                          0.3

Solver_EigAbsMaxCoef             1E-4

Solver_EigAbsTol                 1E-14

Solver_EigAdapt                  Yes

Solver_EigDeg                    6

Solver_EigNode                   4

Solver_PsnAbsMaxCoef             1E-4

Solver_PsnAdapt                  Yes

Solver_PsnDeg                    6

Solver_PsnNode                   4

XC_Corr                          vwn

XC_Exch                          slater



===================================================================
     E I G E N V A L U E S
-------------------------------------------------------------------
           State          Value [Ha]           Value [eV]
-------------------------------------------------------------------
   (n=0, L=0) 1s2     -1728.6251952 Ha =  -47038.7437919 eV
   (n=1, L=0) 2s2      -275.3631306 Ha =   -7493.0851318 eV
   (n=0, L=1) 2p6      -262.0816162 Ha =   -7131.6732110 eV
   (n=2, L=0) 3s2       -60.7644076 Ha =   -1653.4997929 eV
   (n=1, L=1) 3p6       -54.8369219 Ha =   -1492.2031259 eV
   (n=0, L=2) 3d10      -43.7545560 Ha =   -1190.6336634 eV
   (n=3, L=0) 4s2       -11.9864864 Ha =    -326.1720727 eV
   (n=2, L=1) 4p6        -9.6698660 Ha =    -263.1330090 eV
   (n=1, L=2) 4d10       -5.5318353 Ha =    -150.5303656 eV
   (n=4, L=0) 5s2        -1.6084775 Ha =     -43.7693278 eV
   (n=3, L=1) 5p6        -0.9787488 Ha =     -26.6333688 eV
   (n=0, L=3) 4f7        -0.4890118 Ha =     -13.3068168 eV
   (n=2, L=2) 5d1        -0.1272204 Ha =      -3.4618782 eV
   (n=5, L=0) 6s2        -0.1436273 Ha =      -3.9083349 eV
===================================================================


==========================================================
     E N E R G Y 
----------------------------------------------------------
	 Etot   =  -10816.6538774 Ha =   -294338.9995 eV
	 Ekin   =   10812.0267283 Ha =    294213.0871 eV
	 Ecoul  =    4273.7252031 Ha =    116295.1144 eV
	 Eenucl =  -25670.1653384 Ha =   -698527.5546 eV
	 Eexch  =    -225.8925136 Ha =     -6146.9080 eV
	 Ecorr  =      -6.3479567 Ha =      -172.7384 eV
	 Exc    =    -232.2404703 Ha =     -6319.6464 eV
==========================================================


C A L C U L A T I O N   T I M E :   81  [s]
