===============================================================================
 RRRR   AAA  TTTTT  OOO   M   M      Zbigniew Romanowski          
 R   R A   A  TTT  O   O  MM MM                                   
 RRRR  AAAAA   T   O   O  M M M      VERSION   1.4.1              
 R  R  A   A   T   O   O  M   M                                   
 R   R A   A   T    OOO   M   M      compilation date: Apr 20 2011         
===============================================================================


  C A L C U L A T I O N   D A T E   Wed Apr 20 13:24:21 2011



*************************************
*                                   *
*      I N P U T   P A R A M S      *
*                                   *
*************************************
Atom_Proton                      66

Atom_Rc                          40

Out_EigNode                      10

Out_RhoNode                      10

Rho0_Alpha                       0.0

Rho0_Default                     Yes

Rho0_c                           0.0

Rho_Deg                          8

Rho_Delta                        1E-9

Scf_Diff                         1E-9

Scf_MaxIter                      100

Scf_Mix                          0.3

Solver_EigAbsMaxCoef             1E-4

Solver_EigAbsTol                 1E-14

Solver_EigAdapt                  Yes

Solver_EigDeg                    6

Solver_EigNode                   4

Solver_PsnAbsMaxCoef             1E-4

Solver_PsnAdapt                  Yes

Solver_PsnDeg                    6

Solver_PsnNode                   4

XC_Corr                          vwn

XC_Exch                          slater



===================================================================
     E I G E N V A L U E S
-------------------------------------------------------------------
           State          Value [Ha]           Value [eV]
-------------------------------------------------------------------
   (n=0, L=0) 1s2     -1843.2295849 Ha =  -50157.3183349 eV
   (n=1, L=0) 2s2      -295.3428563 Ha =   -8036.7664358 eV
   (n=0, L=1) 2p6      -281.5585313 Ha =   -7661.6722079 eV
   (n=2, L=0) 3s2       -65.2994423 Ha =   -1776.9055678 eV
   (n=1, L=1) 3p6       -59.0919311 Ha =   -1607.9889457 eV
   (n=0, L=2) 3d10      -47.4867004 Ha =   -1292.1914699 eV
   (n=3, L=0) 4s2       -12.5512507 Ha =    -341.5402410 eV
   (n=2, L=1) 4p6       -10.0940906 Ha =    -274.6768615 eV
   (n=1, L=2) 4d10       -5.6863522 Ha =    -154.7350257 eV
   (n=4, L=0) 5s2        -1.5479769 Ha =     -42.1230050 eV
   (n=3, L=1) 5p6        -0.9034901 Ha =     -24.5854557 eV
   (n=0, L=3) 4f10       -0.2653017 Ha =      -7.2192977 eV
   (n=5, L=0) 6s2        -0.1327694 Ha =      -3.6128750 eV
===================================================================


==========================================================
     E N E R G Y 
----------------------------------------------------------
	 Etot   =  -11637.8696644 Ha =   -316685.6361 eV
	 Ekin   =   11633.0333506 Ha =    316554.0320 eV
	 Ecoul  =    4637.6075320 Ha =    126196.9530 eV
	 Eenucl =  -27663.0219440 Ha =   -752756.4711 eV
	 Eexch  =    -238.8702420 Ha =     -6500.0534 eV
	 Ecorr  =      -6.6183610 Ha =      -180.0965 eV
	 Exc    =    -245.4886030 Ha =     -6680.1499 eV
==========================================================


C A L C U L A T I O N   T I M E :   80  [s]
