===============================================================================
 RRRR   AAA  TTTTT  OOO   M   M      Zbigniew Romanowski          
 R   R A   A  TTT  O   O  MM MM                                   
 RRRR  AAAAA   T   O   O  M M M      VERSION   1.4.1              
 R  R  A   A   T   O   O  M   M                                   
 R   R A   A   T    OOO   M   M      compilation date: Apr 20 2011         
===============================================================================


  C A L C U L A T I O N   D A T E   Wed Apr 20 12:54:51 2011



*************************************
*                                   *
*      I N P U T   P A R A M S      *
*                                   *
*************************************
Atom_Proton                      15

Atom_Rc                          30

Out_EigNode                      10

Out_RhoNode                      10

Rho0_Alpha                       0.0

Rho0_Default                     Yes

Rho0_c                           0.0

Rho_Deg                          8

Rho_Delta                        1E-9

Scf_Diff                         1E-9

Scf_MaxIter                      100

Scf_Mix                          0.3

Solver_EigAbsMaxCoef             1E-4

Solver_EigAbsTol                 1E-14

Solver_EigAdapt                  Yes

Solver_EigDeg                    6

Solver_EigNode                   4

Solver_PsnAbsMaxCoef             1E-4

Solver_PsnAdapt                  Yes

Solver_PsnDeg                    6

Solver_PsnNode                   4

XC_Corr                          vwn

XC_Exch                          slater



===================================================================
     E I G E N V A L U E S
-------------------------------------------------------------------
           State          Value [Ha]           Value [eV]
-------------------------------------------------------------------
   (n=0, L=0) 1s2       -76.0618968 Ha =   -2069.7697136 eV
   (n=1, L=0) 2s2        -6.3293459 Ha =    -172.2319462 eV
   (n=0, L=1) 2p6        -4.5766169 Ha =    -124.5372972 eV
   (n=2, L=0) 3s2        -0.5123639 Ha =     -13.9422672 eV
   (n=1, L=1) 3p3        -0.2060799 Ha =      -5.6077744 eV
===================================================================


==========================================================
     E N E R G Y 
----------------------------------------------------------
	 Etot   =    -339.9462190 Ha =     -9250.4975 eV
	 Ekin   =     339.1734588 Ha =      9229.4694 eV
	 Ecoul  =     153.0650063 Ha =      4165.1514 eV
	 Eenucl =    -810.4000991 Ha =    -22052.3239 eV
	 Eexch  =     -20.6416525 Ha =      -561.6934 eV
	 Ecorr  =      -1.1429324 Ha =       -31.1011 eV
	 Exc    =     -21.7845850 Ha =      -592.7945 eV
==========================================================


C A L C U L A T I O N   T I M E :   12  [s]
