===============================================================================
 RRRR   AAA  TTTTT  OOO   M   M      Zbigniew Romanowski          
 R   R A   A  TTT  O   O  MM MM                                   
 RRRR  AAAAA   T   O   O  M M M      VERSION   1.4.1              
 R  R  A   A   T   O   O  M   M                                   
 R   R A   A   T    OOO   M   M      compilation date: Apr 20 2011         
===============================================================================


  C A L C U L A T I O N   D A T E   Wed Apr 20 13:11:30 2011



*************************************
*                                   *
*      I N P U T   P A R A M S      *
*                                   *
*************************************
Atom_Proton                      53

Atom_Rc                          30

Out_EigNode                      10

Out_RhoNode                      10

Rho0_Alpha                       0.0

Rho0_Default                     Yes

Rho0_c                           0.0

Rho_Deg                          8

Rho_Delta                        1E-9

Scf_Diff                         1E-9

Scf_MaxIter                      100

Scf_Mix                          0.3

Solver_EigAbsMaxCoef             1E-4

Solver_EigAbsTol                 1E-14

Solver_EigAdapt                  Yes

Solver_EigDeg                    6

Solver_EigNode                   4

Solver_PsnAbsMaxCoef             1E-4

Solver_PsnAdapt                  Yes

Solver_PsnDeg                    6

Solver_PsnNode                   4

XC_Corr                          vwn

XC_Exch                          slater



===================================================================
     E I G E N V A L U E S
-------------------------------------------------------------------
           State          Value [Ha]           Value [eV]
-------------------------------------------------------------------
   (n=0, L=0) 1s2     -1161.7870464 Ha =  -31614.1424804 eV
   (n=1, L=0) 2s2      -175.0738042 Ha =   -4764.0470837 eV
   (n=0, L=1) 2p6      -164.6037884 Ha =   -4479.1406791 eV
   (n=2, L=0) 3s2       -35.2433507 Ha =    -959.0297253 eV
   (n=1, L=1) 3p6       -30.8310920 Ha =    -838.9648842 eV
   (n=0, L=2) 3d10      -22.6006931 Ha =    -615.0021499 eV
   (n=3, L=0) 4s2        -6.1158111 Ha =    -166.4213099 eV
   (n=2, L=1) 4p6        -4.5725223 Ha =    -124.4258771 eV
   (n=1, L=2) 4d10       -1.9381789 Ha =     -52.7410446 eV
   (n=4, L=0) 5s2        -0.5963393 Ha =     -16.2273750 eV
   (n=3, L=1) 5p5        -0.2679041 Ha =      -7.2901133 eV
===================================================================


==========================================================
     E N E R G Y 
----------------------------------------------------------
	 Etot   =   -6914.7730918 Ha =   -188162.3852 eV
	 Ekin   =    6911.0959011 Ha =    188062.3228 eV
	 Ecoul  =    2766.0127335 Ha =     75267.7704 eV
	 Eenucl =  -16421.2695398 Ha =   -446849.8393 eV
	 Eexch  =    -165.5211948 Ha =     -4504.1048 eV
	 Ecorr  =      -5.0909918 Ha =      -138.5343 eV
	 Exc    =    -170.6121866 Ha =     -4642.6391 eV
==========================================================


C A L C U L A T I O N   T I M E :   33  [s]
