===============================================================================
 RRRR   AAA  TTTTT  OOO   M   M      Zbigniew Romanowski          
 R   R A   A  TTT  O   O  MM MM                                   
 RRRR  AAAAA   T   O   O  M M M      VERSION   1.4.1              
 R  R  A   A   T   O   O  M   M                                   
 R   R A   A   T    OOO   M   M      compilation date: Apr 20 2011         
===============================================================================


  C A L C U L A T I O N   D A T E   Wed Apr 20 12:55:03 2011



*************************************
*                                   *
*      I N P U T   P A R A M S      *
*                                   *
*************************************
Atom_Proton                      16

Atom_Rc                          30

Out_EigNode                      10

Out_RhoNode                      10

Rho0_Alpha                       0.0

Rho0_Default                     Yes

Rho0_c                           0.0

Rho_Deg                          8

Rho_Delta                        1E-9

Scf_Diff                         1E-9

Scf_MaxIter                      100

Scf_Mix                          0.3

Solver_EigAbsMaxCoef             1E-4

Solver_EigAbsTol                 1E-14

Solver_EigAdapt                  Yes

Solver_EigDeg                    6

Solver_EigNode                   4

Solver_PsnAbsMaxCoef             1E-4

Solver_PsnAdapt                  Yes

Solver_PsnDeg                    6

Solver_PsnNode                   4

XC_Corr                          vwn

XC_Exch                          slater



===================================================================
     E I G E N V A L U E S
-------------------------------------------------------------------
           State          Value [Ha]           Value [eV]
-------------------------------------------------------------------
   (n=0, L=0) 1s2       -87.7899370 Ha =   -2388.9090392 eV
   (n=1, L=0) 2s2        -7.6999403 Ha =    -209.5280793 eV
   (n=0, L=1) 2p6        -5.7512572 Ha =    -156.5011975 eV
   (n=2, L=0) 3s2        -0.6309119 Ha =     -17.1681548 eV
   (n=1, L=1) 3p4        -0.2616757 Ha =      -7.1206282 eV
===================================================================


==========================================================
     E N E R G Y 
----------------------------------------------------------
	 Etot   =    -396.7160805 Ha =    -10795.2991 eV
	 Ekin   =     395.8781432 Ha =     10772.4975 eV
	 Ecoul  =     176.6879501 Ha =      4807.9707 eV
	 Eenucl =    -945.1411545 Ha =    -25718.8503 eV
	 Eexch  =     -22.9056067 Ha =      -623.2994 eV
	 Ecorr  =      -1.2354126 Ha =       -33.6176 eV
	 Exc    =     -24.1410193 Ha =      -656.9170 eV
==========================================================


C A L C U L A T I O N   T I M E :   13  [s]
