===============================================================================
 RRRR   AAA  TTTTT  OOO   M   M      Zbigniew Romanowski          
 R   R A   A  TTT  O   O  MM MM                                   
 RRRR  AAAAA   T   O   O  M M M      VERSION   1.4.1              
 R  R  A   A   T   O   O  M   M                                   
 R   R A   A   T    OOO   M   M      compilation date: Apr 20 2011         
===============================================================================


  C A L C U L A T I O N   D A T E   Wed Apr 20 13:10:54 2011



*************************************
*                                   *
*      I N P U T   P A R A M S      *
*                                   *
*************************************
Atom_Proton                      52

Atom_Rc                          30

Out_EigNode                      10

Out_RhoNode                      10

Rho0_Alpha                       0.0

Rho0_Default                     Yes

Rho0_c                           0.0

Rho_Deg                          8

Rho_Delta                        1E-9

Scf_Diff                         1E-9

Scf_MaxIter                      100

Scf_Mix                          0.3

Solver_EigAbsMaxCoef             1E-4

Solver_EigAbsTol                 1E-14

Solver_EigAdapt                  Yes

Solver_EigDeg                    6

Solver_EigNode                   4

Solver_PsnAbsMaxCoef             1E-4

Solver_PsnAdapt                  Yes

Solver_PsnDeg                    6

Solver_PsnNode                   4

XC_Corr                          vwn

XC_Exch                          slater



===================================================================
     E I G E N V A L U E S
-------------------------------------------------------------------
           State          Value [Ha]           Value [eV]
-------------------------------------------------------------------
   (n=0, L=0) 1s2     -1115.8318184 Ha =  -30363.6249007 eV
   (n=1, L=0) 2s2      -167.0217755 Ha =   -4544.9380984 eV
   (n=0, L=1) 2p6      -156.8085833 Ha =   -4267.0202854 eV
   (n=2, L=0) 3s2       -33.1374853 Ha =    -901.7256508 eV
   (n=1, L=1) 3p6       -28.8606850 Ha =    -785.3468597 eV
   (n=0, L=2) 3d10      -20.8878007 Ha =    -568.3915206 eV
   (n=3, L=0) 4s2        -5.5728457 Ha =    -151.6463254 eV
   (n=2, L=1) 4p6        -4.1000845 Ha =    -111.5700638 eV
   (n=1, L=2) 4d10       -1.6083811 Ha =     -43.7667035 eV
   (n=4, L=0) 5s2        -0.5209968 Ha =     -14.1771824 eV
   (n=3, L=1) 5p4        -0.2265938 Ha =      -6.1659907 eV
===================================================================


==========================================================
     E N E R G Y 
----------------------------------------------------------
	 Etot   =   -6608.6314134 Ha =   -179831.7650 eV
	 Ekin   =    6605.0342135 Ha =    179733.8793 eV
	 Ecoul  =    2653.9693685 Ha =     72218.8856 eV
	 Eenucl =  -15702.0614736 Ha =   -427279.0011 eV
	 Eexch  =    -160.5903719 Ha =     -4369.9290 eV
	 Ecorr  =      -4.9831499 Ha =      -135.5997 eV
	 Exc    =    -165.5735217 Ha =     -4505.5287 eV
==========================================================


C A L C U L A T I O N   T I M E :   36  [s]
