===============================================================================
 RRRR   AAA  TTTTT  OOO   M   M      Zbigniew Romanowski          
 R   R A   A  TTT  O   O  MM MM                                   
 RRRR  AAAAA   T   O   O  M M M      VERSION   1.4.1              
 R  R  A   A   T   O   O  M   M                                   
 R   R A   A   T    OOO   M   M      compilation date: Apr 20 2011         
===============================================================================


  C A L C U L A T I O N   D A T E   Wed Apr 20 12:54:18 2011



*************************************
*                                   *
*      I N P U T   P A R A M S      *
*                                   *
*************************************
Atom_Proton                      12

Atom_Rc                          30

Out_EigNode                      10

Out_RhoNode                      10

Rho0_Alpha                       0.0

Rho0_Default                     Yes

Rho0_c                           0.0

Rho_Deg                          8

Rho_Delta                        1E-9

Scf_Diff                         1E-9

Scf_MaxIter                      100

Scf_Mix                          0.3

Solver_EigAbsMaxCoef             1E-4

Solver_EigAbsTol                 1E-14

Solver_EigAdapt                  Yes

Solver_EigDeg                    6

Solver_EigNode                   4

Solver_PsnAbsMaxCoef             1E-4

Solver_PsnAdapt                  Yes

Solver_PsnDeg                    6

Solver_PsnNode                   4

XC_Corr                          vwn

XC_Exch                          slater



===================================================================
     E I G E N V A L U E S
-------------------------------------------------------------------
           State          Value [Ha]           Value [eV]
-------------------------------------------------------------------
   (n=0, L=0) 1s2       -45.9731673 Ha =   -1251.0057376 eV
   (n=1, L=0) 2s2        -2.9037464 Ha =     -79.0157314 eV
   (n=0, L=1) 2p6        -1.7189698 Ha =     -46.7760052 eV
   (n=2, L=0) 3s2        -0.1754266 Ha =      -4.7736474 eV
===================================================================


==========================================================
     E N E R G Y 
----------------------------------------------------------
	 Etot   =    -199.1394063 Ha =     -5418.9118 eV
	 Ekin   =     198.5415041 Ha =      5402.6419 eV
	 Ecoul  =      95.6732899 Ha =      2603.4281 eV
	 Eenucl =    -477.8991489 Ha =    -13004.4244 eV
	 Eexch  =     -14.5636271 Ha =      -396.3003 eV
	 Ecorr  =      -0.8914243 Ha =       -24.2571 eV
	 Exc    =     -15.4550514 Ha =      -420.5574 eV
==========================================================


C A L C U L A T I O N   T I M E :   9  [s]
