===============================================================================
 RRRR   AAA  TTTTT  OOO   M   M      Zbigniew Romanowski          
 R   R A   A  TTT  O   O  MM MM                                   
 RRRR  AAAAA   T   O   O  M M M      VERSION   1.4.1              
 R  R  A   A   T   O   O  M   M                                   
 R   R A   A   T    OOO   M   M      compilation date: Apr 20 2011         
===============================================================================


  C A L C U L A T I O N   D A T E   Wed Apr 20 13:19:33 2011



*************************************
*                                   *
*      I N P U T   P A R A M S      *
*                                   *
*************************************
Atom_Proton                      62

Atom_Rc                          40

Out_EigNode                      10

Out_RhoNode                      10

Rho0_Alpha                       0.0

Rho0_Default                     Yes

Rho0_c                           0.0

Rho_Deg                          8

Rho_Delta                        1E-9

Scf_Diff                         1E-9

Scf_MaxIter                      100

Scf_Mix                          0.3

Solver_EigAbsMaxCoef             1E-4

Solver_EigAbsTol                 1E-14

Solver_EigAdapt                  Yes

Solver_EigDeg                    6

Solver_EigNode                   4

Solver_PsnAbsMaxCoef             1E-4

Solver_PsnAdapt                  Yes

Solver_PsnDeg                    6

Solver_PsnNode                   4

XC_Corr                          vwn

XC_Exch                          slater



===================================================================
     E I G E N V A L U E S
-------------------------------------------------------------------
           State          Value [Ha]           Value [eV]
-------------------------------------------------------------------
   (n=0, L=0) 1s2     -1617.1834262 Ha =  -44006.2293807 eV
   (n=1, L=0) 2s2      -255.4988460 Ha =   -6952.5451734 eV
   (n=0, L=1) 2p6      -242.7297257 Ha =   -6605.0763395 eV
   (n=2, L=0) 3s2       -55.7311328 Ha =   -1516.5360803 eV
   (n=1, L=1) 3p6       -50.0842601 Ha =   -1362.8753570 eV
   (n=0, L=2) 3d10      -39.5286562 Ha =   -1075.6399586 eV
   (n=3, L=0) 4s2       -10.8446674 Ha =    -295.1012935 eV
   (n=2, L=1) 4p6        -8.6726853 Ha =    -235.9980764 eV
   (n=1, L=2) 4d10       -4.8149781 Ha =    -131.0234996 eV
   (n=4, L=0) 5s2        -1.4085516 Ha =     -38.3290138 eV
   (n=3, L=1) 5p6        -0.8359868 Ha =     -22.7485791 eV
   (n=0, L=3) 4f6        -0.2177603 Ha =      -5.9256167 eV
   (n=5, L=0) 6s2        -0.1282588 Ha =      -3.4901346 eV
===================================================================


==========================================================
     E N E R G Y 
----------------------------------------------------------
	 Etot   =  -10031.2590898 Ha =   -272967.1114 eV
	 Ekin   =   10026.8127315 Ha =    272846.1187 eV
	 Ecoul  =    3962.9217823 Ha =    107837.6405 eV
	 Eenucl =  -23800.7533137 Ha =   -647657.7689 eV
	 Eexch  =    -214.1304824 Ha =     -5826.8437 eV
	 Ecorr  =      -6.1098075 Ha =      -166.2579 eV
	 Exc    =    -220.2402899 Ha =     -5993.1017 eV
==========================================================


C A L C U L A T I O N   T I M E :   57  [s]
