===============================================================================
 RRRR   AAA  TTTTT  OOO   M   M      Zbigniew Romanowski          
 R   R A   A  TTT  O   O  MM MM                                   
 RRRR  AAAAA   T   O   O  M M M      VERSION   1.4.1              
 R  R  A   A   T   O   O  M   M                                   
 R   R A   A   T    OOO   M   M      compilation date: Apr 20 2011         
===============================================================================


  C A L C U L A T I O N   D A T E   Wed Apr 20 13:08:59 2011



*************************************
*                                   *
*      I N P U T   P A R A M S      *
*                                   *
*************************************
Atom_Proton                      49

Atom_Rc                          30

Out_EigNode                      10

Out_RhoNode                      10

Rho0_Alpha                       0.0

Rho0_Default                     Yes

Rho0_c                           0.0

Rho_Deg                          8

Rho_Delta                        1E-9

Scf_Diff                         1E-9

Scf_MaxIter                      100

Scf_Mix                          0.3

Solver_EigAbsMaxCoef             1E-4

Solver_EigAbsTol                 1E-14

Solver_EigAdapt                  Yes

Solver_EigDeg                    6

Solver_EigNode                   4

Solver_PsnAbsMaxCoef             1E-4

Solver_PsnAdapt                  Yes

Solver_PsnDeg                    6

Solver_PsnNode                   4

XC_Corr                          vwn

XC_Exch                          slater



===================================================================
     E I G E N V A L U E S
-------------------------------------------------------------------
           State          Value [Ha]           Value [eV]
-------------------------------------------------------------------
   (n=0, L=0) 1s2      -983.6474459 Ha =  -26766.6700205 eV
   (n=1, L=0) 2s2      -144.0783577 Ha =   -3920.6098425 eV
   (n=0, L=1) 2p6      -134.6288460 Ha =   -3663.4730386 eV
   (n=2, L=0) 3s2       -27.2206008 Ha =    -740.7174617 eV
   (n=1, L=1) 3p6       -23.3457782 Ha =    -635.2771454 eV
   (n=0, L=2) 3d10      -16.1398239 Ha =    -439.1912386 eV
   (n=3, L=0) 4s2        -4.0626393 Ha =    -110.5511192 eV
   (n=2, L=1) 4p6        -2.7958316 Ha =     -76.0791910 eV
   (n=1, L=2) 4d10       -0.7304810 Ha =     -19.8775933 eV
   (n=4, L=0) 5s2        -0.2904974 Ha =      -7.9049146 eV
   (n=3, L=1) 5p1        -0.1017822 Ha =      -2.7696615 eV
===================================================================


==========================================================
     E N E R G Y 
----------------------------------------------------------
	 Etot   =   -5737.3090658 Ha =   -156121.6462 eV
	 Ekin   =    5733.9440878 Ha =    156030.0796 eV
	 Ecoul  =    2334.4324305 Ha =     63523.7582 eV
	 Eenucl =  -13654.8706009 Ha =   -371571.5596 eV
	 Eexch  =    -146.1452966 Ha =     -3976.8547 eV
	 Ecorr  =      -4.6696867 Ha =      -127.0699 eV
	 Exc    =    -150.8149832 Ha =     -4103.9245 eV
==========================================================


C A L C U L A T I O N   T I M E :   41  [s]
