===============================================================================
 RRRR   AAA  TTTTT  OOO   M   M      Zbigniew Romanowski          
 R   R A   A  TTT  O   O  MM MM                                   
 RRRR  AAAAA   T   O   O  M M M      VERSION   1.4.1              
 R  R  A   A   T   O   O  M   M                                   
 R   R A   A   T    OOO   M   M      compilation date: Apr 20 2011         
===============================================================================


  C A L C U L A T I O N   D A T E   Wed Apr 20 13:28:14 2011



*************************************
*                                   *
*      I N P U T   P A R A M S      *
*                                   *
*************************************
Atom_Proton                      69

Atom_Rc                          50

Out_EigNode                      10

Out_RhoNode                      10

Rho0_Alpha                       0.0

Rho0_Default                     Yes

Rho0_c                           0.0

Rho_Deg                          8

Rho_Delta                        1E-9

Scf_Diff                         1E-9

Scf_MaxIter                      100

Scf_Mix                          0.3

Solver_EigAbsMaxCoef             1E-4

Solver_EigAbsTol                 1E-14

Solver_EigAdapt                  Yes

Solver_EigDeg                    6

Solver_EigNode                   4

Solver_PsnAbsMaxCoef             1E-4

Solver_PsnAdapt                  Yes

Solver_PsnDeg                    6

Solver_PsnNode                   4

XC_Corr                          vwn

XC_Exch                          slater



===================================================================
     E I G E N V A L U E S
-------------------------------------------------------------------
           State          Value [Ha]           Value [eV]
-------------------------------------------------------------------
   (n=0, L=0) 1s2     -2022.4716074 Ha =  -55034.7895166 eV
   (n=1, L=0) 2s2      -327.0571206 Ha =   -8899.7638949 eV
   (n=0, L=1) 2p6      -312.5106083 Ha =   -8503.9292955 eV
   (n=2, L=0) 3s2       -72.8737527 Ha =   -1983.0150526 eV
   (n=1, L=1) 3p6       -66.2393384 Ha =   -1802.4816915 eV
   (n=0, L=2) 3d10      -53.8354941 Ha =   -1464.9526237 eV
   (n=3, L=0) 4s2       -13.8656647 Ha =    -377.3076150 eV
   (n=2, L=1) 4p6       -11.1871512 Ha =    -304.4208442 eV
   (n=1, L=2) 4d10       -6.3503069 Ha =    -172.8023283 eV
   (n=4, L=0) 5s2        -1.6499896 Ha =     -44.8989404 eV
   (n=3, L=1) 5p6        -0.9507479 Ha =     -25.8714202 eV
   (n=0, L=3) 4f13       -0.2831197 Ha =      -7.7041542 eV
   (n=5, L=0) 6s2        -0.1359526 Ha =      -3.6994947 eV
===================================================================


==========================================================
     E N E R G Y 
----------------------------------------------------------
	 Etot   =  -12936.7864937 Ha =   -352031.3062 eV
	 Ekin   =   12931.6497331 Ha =    351891.5265 eV
	 Ecoul  =    5196.6111234 Ha =    141408.3631 eV
	 Eenucl =  -30799.5152508 Ha =   -838105.6292 eV
	 Eexch  =    -258.5239720 Ha =     -7034.8638 eV
	 Ecorr  =      -7.0081273 Ha =      -190.7027 eV
	 Exc    =    -265.5320993 Ha =     -7225.5666 eV
==========================================================


C A L C U L A T I O N   T I M E :   63  [s]
