===============================================================================
 RRRR   AAA  TTTTT  OOO   M   M      Zbigniew Romanowski          
 R   R A   A  TTT  O   O  MM MM                                   
 RRRR  AAAAA   T   O   O  M M M      VERSION   1.4.1              
 R  R  A   A   T   O   O  M   M                                   
 R   R A   A   T    OOO   M   M      compilation date: Apr 20 2011         
===============================================================================


  C A L C U L A T I O N   D A T E   Wed Apr 20 12:58:59 2011



*************************************
*                                   *
*      I N P U T   P A R A M S      *
*                                   *
*************************************
Atom_Proton                      29

Atom_Rc                          30

Out_EigNode                      10

Out_RhoNode                      10

Rho0_Alpha                       0.0

Rho0_Default                     Yes

Rho0_c                           0.0

Rho_Deg                          8

Rho_Delta                        1E-9

Scf_Diff                         1E-9

Scf_MaxIter                      100

Scf_Mix                          0.3

Solver_EigAbsMaxCoef             1E-4

Solver_EigAbsTol                 1E-14

Solver_EigAdapt                  Yes

Solver_EigDeg                    6

Solver_EigNode                   4

Solver_PsnAbsMaxCoef             1E-4

Solver_PsnAdapt                  Yes

Solver_PsnDeg                    6

Solver_PsnNode                   4

XC_Corr                          vwn

XC_Exch                          slater



===================================================================
     E I G E N V A L U E S
-------------------------------------------------------------------
           State          Value [Ha]           Value [eV]
-------------------------------------------------------------------
   (n=0, L=0) 1s2      -320.7885196 Ha =   -8729.1849200 eV
   (n=1, L=0) 2s2       -38.1413099 Ha =   -1037.8879745 eV
   (n=0, L=1) 2p6       -33.4812466 Ha =    -911.0799648 eV
   (n=2, L=0) 3s2        -4.0574532 Ha =    -110.4099964 eV
   (n=1, L=1) 3p6        -2.6092442 Ha =     -71.0018412 eV
   (n=0, L=2) 3d10       -0.2022716 Ha =      -5.5041447 eV
   (n=3, L=0) 4s1        -0.1720558 Ha =      -4.6819218 eV
===================================================================


==========================================================
     E N E R G Y 
----------------------------------------------------------
	 Etot   =   -1637.7858618 Ha =    -44566.8556 eV
	 Ekin   =    1635.9828004 Ha =     44517.7914 eV
	 Ecoul  =     713.9284774 Ha =     19427.1719 eV
	 Eenucl =   -3923.3293833 Ha =   -106760.2660 eV
	 Eexch  =     -61.8068435 Ha =     -1681.8662 eV
	 Ecorr  =      -2.5609128 Ha =       -69.6867 eV
	 Exc    =     -64.3677563 Ha =     -1751.5529 eV
==========================================================


C A L C U L A T I O N   T I M E :   20  [s]
