===============================================================================
 RRRR   AAA  TTTTT  OOO   M   M      Zbigniew Romanowski          
 R   R A   A  TTT  O   O  MM MM                                   
 RRRR  AAAAA   T   O   O  M M M      VERSION   1.4.1              
 R  R  A   A   T   O   O  M   M                                   
 R   R A   A   T    OOO   M   M      compilation date: Apr 20 2011         
===============================================================================


  C A L C U L A T I O N   D A T E   Wed Apr 20 13:08:02 2011



*************************************
*                                   *
*      I N P U T   P A R A M S      *
*                                   *
*************************************
Atom_Proton                      48

Atom_Rc                          30

Out_EigNode                      10

Out_RhoNode                      10

Rho0_Alpha                       0.0

Rho0_Default                     Yes

Rho0_c                           0.0

Rho_Deg                          8

Rho_Delta                        1E-9

Scf_Diff                         1E-9

Scf_MaxIter                      100

Scf_Mix                          0.3

Solver_EigAbsMaxCoef             1E-4

Solver_EigAbsTol                 1E-14

Solver_EigAdapt                  Yes

Solver_EigDeg                    6

Solver_EigNode                   4

Solver_PsnAbsMaxCoef             1E-4

Solver_PsnAdapt                  Yes

Solver_PsnDeg                    6

Solver_PsnNode                   4

XC_Corr                          vwn

XC_Exch                          slater



===================================================================
     E I G E N V A L U E S
-------------------------------------------------------------------
           State          Value [Ha]           Value [eV]
-------------------------------------------------------------------
   (n=0, L=0) 1s2      -941.4766457 Ha =  -25619.1329649 eV
   (n=1, L=0) 2s2      -136.8324902 Ha =   -3723.4378314 eV
   (n=0, L=1) 2p6      -127.6351200 Ha =   -3473.1622123 eV
   (n=2, L=0) 3s2       -25.3799083 Ha =    -690.6291828 eV
   (n=1, L=1) 3p6       -21.6375219 Ha =    -588.7926736 eV
   (n=0, L=2) 3d10      -14.6852525 Ha =    -399.6099505 eV
   (n=3, L=0) 4s2        -3.5960694 Ha =     -97.8549814 eV
   (n=2, L=1) 4p6        -2.3952602 Ha =     -65.1789820 eV
   (n=1, L=2) 4d10       -0.4705297 Ha =     -12.8038887 eV
   (n=4, L=0) 5s2        -0.2042278 Ha =      -5.5573759 eV
===================================================================


==========================================================
     E N E R G Y 
----------------------------------------------------------
	 Etot   =   -5462.3909820 Ha =   -148640.6716 eV
	 Ekin   =    5459.0999209 Ha =    148551.1164 eV
	 Ecoul  =    2233.4193077 Ha =     60775.0245 eV
	 Eenucl =  -13008.9024222 Ha =   -353993.6996 eV
	 Eexch  =    -141.4372184 Ha =     -3848.7401 eV
	 Ecorr  =      -4.5705700 Ha =      -124.3728 eV
	 Exc    =    -146.0077884 Ha =     -3973.1128 eV
==========================================================


C A L C U L A T I O N   T I M E :   57  [s]
