===============================================================================
 RRRR   AAA  TTTTT  OOO   M   M      Zbigniew Romanowski          
 R   R A   A  TTT  O   O  MM MM                                   
 RRRR  AAAAA   T   O   O  M M M      VERSION   1.4.1              
 R  R  A   A   T   O   O  M   M                                   
 R   R A   A   T    OOO   M   M      compilation date: Apr 20 2011         
===============================================================================


  C A L C U L A T I O N   D A T E   Wed Apr 20 13:30:27 2011



*************************************
*                                   *
*      I N P U T   P A R A M S      *
*                                   *
*************************************
Atom_Proton                      71

Atom_Rc                          50

Out_EigNode                      10

Out_RhoNode                      10

Rho0_Alpha                       0.0

Rho0_Default                     Yes

Rho0_c                           0.0

Rho_Deg                          8

Rho_Delta                        1E-9

Scf_Diff                         1E-9

Scf_MaxIter                      100

Scf_Mix                          0.3

Solver_EigAbsMaxCoef             1E-4

Solver_EigAbsTol                 1E-14

Solver_EigAdapt                  Yes

Solver_EigDeg                    6

Solver_EigNode                   4

Solver_PsnAbsMaxCoef             1E-4

Solver_PsnAdapt                  Yes

Solver_PsnDeg                    6

Solver_PsnNode                   4

XC_Corr                          vwn

XC_Exch                          slater



===================================================================
     E I G E N V A L U E S
-------------------------------------------------------------------
           State          Value [Ha]           Value [eV]
-------------------------------------------------------------------
   (n=0, L=0) 1s2     -2146.8853504 Ha =  -58420.2927450 eV
   (n=1, L=0) 2s2      -349.3904922 Ha =   -9507.4917866 eV
   (n=0, L=1) 2p6      -334.3309022 Ha =   -9097.6954946 eV
   (n=2, L=0) 3s2       -78.4623983 Ha =   -2135.0913202 eV
   (n=1, L=1) 3p6       -71.5387791 Ha =   -1946.6882193 eV
   (n=0, L=2) 3d10      -58.5929817 Ha =   -1594.4117109 eV
   (n=3, L=0) 4s2       -15.0833704 Ha =    -410.4433949 eV
   (n=2, L=1) 4p6       -12.2509045 Ha =    -333.3673259 eV
   (n=1, L=2) 4d10       -7.1133646 Ha =    -193.5663866 eV
   (n=4, L=0) 5s2        -1.8720857 Ha =     -50.9425418 eV
   (n=3, L=1) 5p6        -1.1119915 Ha =     -30.2591238 eV
   (n=0, L=3) 4f14       -0.5680965 Ha =     -15.4588435 eV
   (n=2, L=2) 5d1        -0.1036864 Ha =      -2.8214792 eV
   (n=5, L=0) 6s2        -0.1551125 Ha =      -4.2208665 eV
===================================================================


==========================================================
     E N E R G Y 
----------------------------------------------------------
	 Etot   =  -13848.2303745 Ha =   -376833.1981 eV
	 Ekin   =   13842.9035236 Ha =    376688.2457 eV
	 Ecoul  =    5575.2253138 Ha =    151711.0799 eV
	 Eenucl =  -32987.4067947 Ha =   -897641.7681 eV
	 Eexch  =    -271.6965665 Ha =     -7393.3119 eV
	 Ecorr  =      -7.2558508 Ha =      -197.4437 eV
	 Exc    =    -278.9524173 Ha =     -7590.7555 eV
==========================================================


C A L C U L A T I O N   T I M E :   63  [s]
