===============================================================================
 RRRR   AAA  TTTTT  OOO   M   M      Zbigniew Romanowski          
 R   R A   A  TTT  O   O  MM MM                                   
 RRRR  AAAAA   T   O   O  M M M      VERSION   1.4.1              
 R  R  A   A   T   O   O  M   M                                   
 R   R A   A   T    OOO   M   M      compilation date: Apr 20 2011         
===============================================================================


  C A L C U L A T I O N   D A T E   Wed Apr 20 12:58:39 2011



*************************************
*                                   *
*      I N P U T   P A R A M S      *
*                                   *
*************************************
Atom_Proton                      28

Atom_Rc                          30

Out_EigNode                      10

Out_RhoNode                      10

Rho0_Alpha                       0.0

Rho0_Default                     Yes

Rho0_c                           0.0

Rho_Deg                          8

Rho_Delta                        1E-9

Scf_Diff                         1E-9

Scf_MaxIter                      100

Scf_Mix                          0.3

Solver_EigAbsMaxCoef             1E-4

Solver_EigAbsTol                 1E-14

Solver_EigAdapt                  Yes

Solver_EigDeg                    6

Solver_EigNode                   4

Solver_PsnAbsMaxCoef             1E-4

Solver_PsnAdapt                  Yes

Solver_PsnDeg                    6

Solver_PsnNode                   4

XC_Corr                          vwn

XC_Exch                          slater



===================================================================
     E I G E N V A L U E S
-------------------------------------------------------------------
           State          Value [Ha]           Value [eV]
-------------------------------------------------------------------
   (n=0, L=0) 1s2      -297.8708243 Ha =   -8105.5566172 eV
   (n=1, L=0) 2s2       -35.3121119 Ha =    -960.9008301 eV
   (n=0, L=1) 2p6       -30.8680275 Ha =    -839.9699607 eV
   (n=2, L=0) 3s2        -3.9507170 Ha =    -107.5055271 eV
   (n=1, L=1) 3p6        -2.5941576 Ha =     -70.5913099 eV
   (n=0, L=2) 3d8        -0.3486986 Ha =      -9.4886643 eV
   (n=3, L=0) 4s2        -0.2107645 Ha =      -5.7352504 eV
===================================================================


==========================================================
     E N E R G Y 
----------------------------------------------------------
	 Etot   =   -1505.5801967 Ha =    -40969.3214 eV
	 Ekin   =    1503.8733316 Ha =     40922.8747 eV
	 Ecoul  =     646.8333018 Ha =     17601.4014 eV
	 Eenucl =   -3596.0660446 Ha =    -97854.8906 eV
	 Eexch  =     -57.7874011 Ha =     -1572.4905 eV
	 Ecorr  =      -2.4333845 Ha =       -66.2164 eV
	 Exc    =     -60.2207856 Ha =     -1638.7069 eV
==========================================================


C A L C U L A T I O N   T I M E :   20  [s]
