===============================================================================
 RRRR   AAA  TTTTT  OOO   M   M      Zbigniew Romanowski          
 R   R A   A  TTT  O   O  MM MM                                   
 RRRR  AAAAA   T   O   O  M M M      VERSION   1.4.1              
 R  R  A   A   T   O   O  M   M                                   
 R   R A   A   T    OOO   M   M      compilation date: Apr 20 2011         
===============================================================================


  C A L C U L A T I O N   D A T E   Wed Apr 20 13:12:04 2011



*************************************
*                                   *
*      I N P U T   P A R A M S      *
*                                   *
*************************************
Atom_Proton                      54

Atom_Rc                          30

Out_EigNode                      10

Out_RhoNode                      10

Rho0_Alpha                       0.0

Rho0_Default                     Yes

Rho0_c                           0.0

Rho_Deg                          8

Rho_Delta                        1E-9

Scf_Diff                         1E-9

Scf_MaxIter                      100

Scf_Mix                          0.3

Solver_EigAbsMaxCoef             1E-4

Solver_EigAbsTol                 1E-14

Solver_EigAdapt                  Yes

Solver_EigDeg                    6

Solver_EigNode                   4

Solver_PsnAbsMaxCoef             1E-4

Solver_PsnAdapt                  Yes

Solver_PsnDeg                    6

Solver_PsnNode                   4

XC_Corr                          vwn

XC_Exch                          slater



===================================================================
     E I G E N V A L U E S
-------------------------------------------------------------------
           State          Value [Ha]           Value [eV]
-------------------------------------------------------------------
   (n=0, L=0) 1s2     -1208.6889930 Ha =  -32890.4218376 eV
   (n=1, L=0) 2s2      -183.3274952 Ha =   -4988.6436352 eV
   (n=0, L=1) 2p6      -172.5995830 Ha =   -4696.7194418 eV
   (n=2, L=0) 3s2       -37.4154539 Ha =   -1018.1362374 eV
   (n=1, L=1) 3p6       -32.8670422 Ha =    -894.3664490 eV
   (n=0, L=2) 3d10      -24.3782305 Ha =    -663.3718747 eV
   (n=3, L=0) 4s2        -6.6783397 Ha =    -181.7286432 eV
   (n=2, L=1) 4p6        -5.0638020 Ha =    -137.7944083 eV
   (n=1, L=2) 4d10       -2.2866661 Ha =     -62.2239581 eV
   (n=4, L=0) 5s2        -0.6720861 Ha =     -18.2885714 eV
   (n=3, L=1) 5p6        -0.3098353 Ha =      -8.4311304 eV
===================================================================


==========================================================
     E N E R G Y 
----------------------------------------------------------
	 Etot   =   -7228.8561065 Ha =   -196709.1023 eV
	 Ekin   =    7225.0978147 Ha =    196606.8329 eV
	 Ecoul  =    2880.9193477 Ha =     78394.5690 eV
	 Eenucl =  -17159.1594238 Ha =   -466929.0405 eV
	 Eexch  =    -170.5136479 Ha =     -4639.9577 eV
	 Ecorr  =      -5.2001972 Ha =      -141.5059 eV
	 Exc    =    -175.7138451 Ha =     -4781.4637 eV
==========================================================


C A L C U L A T I O N   T I M E :   39  [s]
