===============================================================================
 RRRR   AAA  TTTTT  OOO   M   M      Zbigniew Romanowski          
 R   R A   A  TTT  O   O  MM MM                                   
 RRRR  AAAAA   T   O   O  M M M      VERSION   1.4.1              
 R  R  A   A   T   O   O  M   M                                   
 R   R A   A   T    OOO   M   M      compilation date: Apr 20 2011         
===============================================================================


  C A L C U L A T I O N   D A T E   Wed Apr 20 13:44:51 2011



*************************************
*                                   *
*      I N P U T   P A R A M S      *
*                                   *
*************************************
Atom_Proton                      83

Atom_Rc                          110

Out_EigNode                      10

Out_RhoNode                      10

Rho0_Alpha                       0.0

Rho0_Default                     Yes

Rho0_c                           0.0

Rho_Deg                          8

Rho_Delta                        1E-9

Scf_Diff                         1E-9

Scf_MaxIter                      100

Scf_Mix                          0.3

Solver_EigAbsMaxCoef             1E-4

Solver_EigAbsTol                 1E-14

Solver_EigAdapt                  Yes

Solver_EigDeg                    6

Solver_EigNode                   4

Solver_PsnAbsMaxCoef             1E-4

Solver_PsnAdapt                  Yes

Solver_PsnDeg                    6

Solver_PsnNode                   4

XC_Corr                          vwn

XC_Exch                          slater



===================================================================
     E I G E N V A L U E S
-------------------------------------------------------------------
           State          Value [Ha]           Value [eV]
-------------------------------------------------------------------
   (n=0, L=0) 1s2     -2975.5509586 Ha =  -80969.6512429 eV
   (n=1, L=0) 2s2      -502.9507578 Ha =  -13686.1199894 eV
   (n=0, L=1) 2p6      -484.7163590 Ha =  -13189.9319101 eV
   (n=2, L=0) 3s2      -120.6139977 Ha =   -3282.1058892 eV
   (n=1, L=1) 3p6      -111.8833929 Ha =   -3044.5317294 eV
   (n=0, L=2) 3d10      -95.5324764 Ha =   -2599.5963119 eV
   (n=3, L=0) 4s2       -27.0703402 Ha =    -736.6286224 eV
   (n=2, L=1) 4p6       -23.2186416 Ha =    -631.8175482 eV
   (n=1, L=2) 4d10      -16.0848175 Ha =    -437.6944243 eV
   (n=4, L=0) 5s2        -4.6119339 Ha =    -125.4983320 eV
   (n=3, L=1) 5p6        -3.2936370 Ha =     -89.6252963 eV
   (n=0, L=3) 4f14       -6.3827446 Ha =    -173.6850114 eV
   (n=2, L=2) 5d10       -1.1394082 Ha =     -31.0051775 eV
   (n=5, L=0) 6s2        -0.4261293 Ha =     -11.5956812 eV
   (n=4, L=1) 6p3        -0.1801976 Ha =      -4.9034748 eV
===================================================================


==========================================================
     E N E R G Y 
----------------------------------------------------------
	 Etot   =  -20090.4144487 Ha =   -546693.3263 eV
	 Ekin   =   20083.9995180 Ha =    546518.7655 eV
	 Ecoul  =    7989.9994571 Ha =    217421.0687 eV
	 Eenucl =  -47803.4841000 Ha =  -1300811.6781 eV
	 Eexch  =    -352.2453010 Ha =     -9585.1758 eV
	 Ecorr  =      -8.6840227 Ha =      -236.3066 eV
	 Exc    =    -360.9293237 Ha =     -9821.4824 eV
==========================================================


C A L C U L A T I O N   T I M E :   90  [s]
