===============================================================================
 RRRR   AAA  TTTTT  OOO   M   M      Zbigniew Romanowski          
 R   R A   A  TTT  O   O  MM MM                                   
 RRRR  AAAAA   T   O   O  M M M      VERSION   1.4.1              
 R  R  A   A   T   O   O  M   M                                   
 R   R A   A   T    OOO   M   M      compilation date: Apr 20 2011         
===============================================================================


  C A L C U L A T I O N   D A T E   Wed Apr 20 13:09:40 2011



*************************************
*                                   *
*      I N P U T   P A R A M S      *
*                                   *
*************************************
Atom_Proton                      50

Atom_Rc                          30

Out_EigNode                      10

Out_RhoNode                      10

Rho0_Alpha                       0.0

Rho0_Default                     Yes

Rho0_c                           0.0

Rho_Deg                          8

Rho_Delta                        1E-9

Scf_Diff                         1E-9

Scf_MaxIter                      100

Scf_Mix                          0.3

Solver_EigAbsMaxCoef             1E-4

Solver_EigAbsTol                 1E-14

Solver_EigAdapt                  Yes

Solver_EigDeg                    6

Solver_EigNode                   4

Solver_PsnAbsMaxCoef             1E-4

Solver_PsnAdapt                  Yes

Solver_PsnDeg                    6

Solver_PsnNode                   4

XC_Corr                          vwn

XC_Exch                          slater



===================================================================
     E I G E N V A L U E S
-------------------------------------------------------------------
           State          Value [Ha]           Value [eV]
-------------------------------------------------------------------
   (n=0, L=0) 1s2     -1026.7621685 Ha =  -27939.8927632 eV
   (n=1, L=0) 2s2      -151.5239915 Ha =   -4123.2178223 eV
   (n=0, L=1) 2p6      -141.8210928 Ha =   -3859.1859393 eV
   (n=2, L=0) 3s2       -29.1259694 Ha =    -792.5656841 eV
   (n=1, L=1) 3p6       -25.1179129 Ha =    -683.4998543 eV
   (n=0, L=2) 3d10      -17.6572761 Ha =    -480.4836164 eV
   (n=3, L=0) 4s2        -4.5463349 Ha =    -123.7132741 eV
   (n=2, L=1) 4p6        -3.2119976 Ha =     -87.4037554 eV
   (n=1, L=2) 4d10       -1.0049517 Ha =     -27.3463950 eV
   (n=4, L=0) 5s2        -0.3693491 Ha =     -10.0505992 eV
   (n=3, L=1) 5p2        -0.1444496 Ha =      -3.9307114 eV
===================================================================


==========================================================
     E N E R G Y 
----------------------------------------------------------
	 Etot   =   -6019.9533529 Ha =   -163812.8637 eV
	 Ekin   =    6016.5124295 Ha =    163719.2305 eV
	 Ecoul  =    2438.2259866 Ha =     66348.1522 eV
	 Eenucl =  -14319.0144730 Ha =   -389644.0102 eV
	 Eexch  =    -150.9051166 Ha =     -4106.3772 eV
	 Ecorr  =      -4.7721794 Ha =      -129.8589 eV
	 Exc    =    -155.6772959 Ha =     -4236.2361 eV
==========================================================


C A L C U L A T I O N   T I M E :   37  [s]
