===============================================================================
 RRRR   AAA  TTTTT  OOO   M   M      Zbigniew Romanowski          
 R   R A   A  TTT  O   O  MM MM                                   
 RRRR  AAAAA   T   O   O  M M M      VERSION   1.4.1              
 R  R  A   A   T   O   O  M   M                                   
 R   R A   A   T    OOO   M   M      compilation date: Apr 20 2011         
===============================================================================


  C A L C U L A T I O N   D A T E   Wed Apr 20 12:55:16 2011



*************************************
*                                   *
*      I N P U T   P A R A M S      *
*                                   *
*************************************
Atom_Proton                      17

Atom_Rc                          30

Out_EigNode                      10

Out_RhoNode                      10

Rho0_Alpha                       0.0

Rho0_Default                     Yes

Rho0_c                           0.0

Rho_Deg                          8

Rho_Delta                        1E-9

Scf_Diff                         1E-9

Scf_MaxIter                      100

Scf_Mix                          0.3

Solver_EigAbsMaxCoef             1E-4

Solver_EigAbsTol                 1E-14

Solver_EigAdapt                  Yes

Solver_EigDeg                    6

Solver_EigNode                   4

Solver_PsnAbsMaxCoef             1E-4

Solver_PsnAdapt                  Yes

Solver_PsnDeg                    6

Solver_PsnNode                   4

XC_Corr                          vwn

XC_Exch                          slater



===================================================================
     E I G E N V A L U E S
-------------------------------------------------------------------
           State          Value [Ha]           Value [eV]
-------------------------------------------------------------------
   (n=0, L=0) 1s2      -100.3692289 Ha =   -2731.2123273 eV
   (n=1, L=0) 2s2        -9.1879929 Ha =    -250.0204469 eV
   (n=0, L=1) 2p6        -7.0399823 Ha =    -191.5695351 eV
   (n=2, L=0) 3s2        -0.7544584 Ha =     -20.5300569 eV
   (n=1, L=1) 3p5        -0.3203797 Ha =      -8.7180596 eV
===================================================================


==========================================================
     E N E R G Y 
----------------------------------------------------------
	 Etot   =    -458.6641795 Ha =    -12481.0091 eV
	 Ekin   =     457.7582930 Ha =     12456.3585 eV
	 Ecoul  =     202.7723367 Ha =      5517.7699 eV
	 Eenucl =   -1092.5689930 Ha =    -29730.6050 eV
	 Eexch  =     -25.2947255 Ha =      -688.3112 eV
	 Ecorr  =      -1.3310906 Ha =       -36.2212 eV
	 Exc    =     -26.6258161 Ha =      -724.5324 eV
==========================================================


C A L C U L A T I O N   T I M E :   14  [s]
