===============================================================================
 RRRR   AAA  TTTTT  OOO   M   M      Zbigniew Romanowski          
 R   R A   A  TTT  O   O  MM MM                                   
 RRRR  AAAAA   T   O   O  M M M      VERSION   1.4.1              
 R  R  A   A   T   O   O  M   M                                   
 R   R A   A   T    OOO   M   M      compilation date: Apr 20 2011         
===============================================================================


  C A L C U L A T I O N   D A T E   Wed Apr 20 12:57:11 2011



*************************************
*                                   *
*      I N P U T   P A R A M S      *
*                                   *
*************************************
Atom_Proton                      24

Atom_Rc                          30

Out_EigNode                      10

Out_RhoNode                      10

Rho0_Alpha                       0.0

Rho0_Default                     Yes

Rho0_c                           0.0

Rho_Deg                          8

Rho_Delta                        1E-9

Scf_Diff                         1E-9

Scf_MaxIter                      100

Scf_Mix                          0.3

Solver_EigAbsMaxCoef             1E-4

Solver_EigAbsTol                 1E-14

Solver_EigAdapt                  Yes

Solver_EigDeg                    6

Solver_EigNode                   4

Solver_PsnAbsMaxCoef             1E-4

Solver_PsnAdapt                  Yes

Solver_PsnDeg                    6

Solver_PsnNode                   4

XC_Corr                          vwn

XC_Exch                          slater



===================================================================
     E I G E N V A L U E S
-------------------------------------------------------------------
           State          Value [Ha]           Value [eV]
-------------------------------------------------------------------
   (n=0, L=0) 1s2      -213.8811912 Ha =   -5820.0601157 eV
   (n=1, L=0) 2s2       -24.1134573 Ha =    -656.1669596 eV
   (n=0, L=1) 2p6       -20.5262735 Ha =    -558.5537691 eV
   (n=2, L=0) 3s2        -2.6490849 Ha =     -72.0859699 eV
   (n=1, L=1) 3p6        -1.6542296 Ha =     -45.0143168 eV
   (n=0, L=2) 3d5        -0.1181227 Ha =      -3.2143145 eV
   (n=3, L=0) 4s1        -0.1504455 Ha =      -4.0938698 eV
===================================================================


==========================================================
     E N E R G Y 
----------------------------------------------------------
	 Etot   =   -1042.0302380 Ha =    -28355.3621 eV
	 Ekin   =    1040.6427161 Ha =     28317.6054 eV
	 Ecoul  =     441.8679867 Ha =     12023.9570 eV
	 Eenucl =   -2478.3055408 Ha =    -67438.7830 eV
	 Eexch  =     -44.2351924 Ha =     -1203.7126 eV
	 Ecorr  =      -2.0002076 Ha =       -54.4290 eV
	 Exc    =     -46.2354000 Ha =     -1258.1415 eV
==========================================================


C A L C U L A T I O N   T I M E :   19  [s]
