===============================================================================
 RRRR   AAA  TTTTT  OOO   M   M      Zbigniew Romanowski          
 R   R A   A  TTT  O   O  MM MM                                   
 RRRR  AAAAA   T   O   O  M M M      VERSION   1.4.1              
 R  R  A   A   T   O   O  M   M                                   
 R   R A   A   T    OOO   M   M      compilation date: Apr 20 2011         
===============================================================================


  C A L C U L A T I O N   D A T E   Wed Apr 20 12:53:52 2011



*************************************
*                                   *
*      I N P U T   P A R A M S      *
*                                   *
*************************************
Atom_Proton                      9

Atom_Rc                          30

Out_EigNode                      10

Out_RhoNode                      10

Rho0_Alpha                       0.0

Rho0_Default                     Yes

Rho0_c                           0.0

Rho_Deg                          8

Rho_Delta                        1E-9

Scf_Diff                         1E-9

Scf_MaxIter                      100

Scf_Mix                          0.3

Solver_EigAbsMaxCoef             1E-4

Solver_EigAbsTol                 1E-14

Solver_EigAdapt                  Yes

Solver_EigDeg                    6

Solver_EigNode                   4

Solver_PsnAbsMaxCoef             1E-4

Solver_PsnAdapt                  Yes

Solver_PsnDeg                    6

Solver_PsnNode                   4

XC_Corr                          vwn

XC_Exch                          slater



===================================================================
     E I G E N V A L U E S
-------------------------------------------------------------------
           State          Value [Ha]           Value [eV]
-------------------------------------------------------------------
   (n=0, L=0) 1s2       -24.1893911 Ha =    -658.2332453 eV
   (n=1, L=0) 2s2        -1.0868587 Ha =     -29.5752181 eV
   (n=0, L=1) 2p5        -0.4156061 Ha =     -11.3093278 eV
===================================================================


==========================================================
     E N E R G Y 
----------------------------------------------------------
	 Etot   =     -99.0996481 Ha =     -2696.6649 eV
	 Ekin   =      98.6761312 Ha =      2685.1403 eV
	 Ecoul  =      49.5353853 Ha =      1347.9396 eV
	 Eenucl =    -237.6888456 Ha =     -6467.9057 eV
	 Eexch  =      -8.9786142 Ha =      -244.3229 eV
	 Ecorr  =      -0.6437048 Ha =       -17.5163 eV
	 Exc    =      -9.6223190 Ha =      -261.8392 eV
==========================================================


C A L C U L A T I O N   T I M E :   8  [s]
