===============================================================================
 RRRR   AAA  TTTTT  OOO   M   M      Zbigniew Romanowski          
 R   R A   A  TTT  O   O  MM MM                                   
 RRRR  AAAAA   T   O   O  M M M      VERSION   1.4.1              
 R  R  A   A   T   O   O  M   M                                   
 R   R A   A   T    OOO   M   M      compilation date: Apr 20 2011         
===============================================================================


  C A L C U L A T I O N   D A T E   Wed Apr 20 12:53:23 2011



*************************************
*                                   *
*      I N P U T   P A R A M S      *
*                                   *
*************************************
Atom_Proton                      5

Atom_Rc                          30

Out_EigNode                      10

Out_RhoNode                      10

Rho0_Alpha                       0.0

Rho0_Default                     Yes

Rho0_c                           0.0

Rho_Deg                          8

Rho_Delta                        1E-9

Scf_Diff                         1E-9

Scf_MaxIter                      100

Scf_Mix                          0.3

Solver_EigAbsMaxCoef             1E-4

Solver_EigAbsTol                 1E-14

Solver_EigAdapt                  Yes

Solver_EigDeg                    6

Solver_EigNode                   4

Solver_PsnAbsMaxCoef             1E-4

Solver_PsnAdapt                  Yes

Solver_PsnDeg                    6

Solver_PsnNode                   4

XC_Corr                          vwn

XC_Exch                          slater



===================================================================
     E I G E N V A L U E S
-------------------------------------------------------------------
           State          Value [Ha]           Value [eV]
-------------------------------------------------------------------
   (n=0, L=0) 1s2        -6.5643469 Ha =    -178.6267099 eV
   (n=1, L=0) 2s2        -0.3447008 Ha =      -9.3798784 eV
   (n=0, L=1) 2p1        -0.1366030 Ha =      -3.7171926 eV
===================================================================


==========================================================
     E N E R G Y 
----------------------------------------------------------
	 Etot   =     -24.3441981 Ha =      -662.4458 eV
	 Ekin   =      24.1610466 Ha =       657.4619 eV
	 Ecoul  =      11.5030024 Ha =       313.0157 eV
	 Eenucl =     -56.4845875 Ha =     -1537.0388 eV
	 Eexch  =      -3.2291695 Ha =       -87.8710 eV
	 Ecorr  =      -0.2944902 Ha =        -8.0136 eV
	 Exc    =      -3.5236597 Ha =       -95.8846 eV
==========================================================


C A L C U L A T I O N   T I M E :   6  [s]
