===============================================================================
 RRRR   AAA  TTTTT  OOO   M   M      Zbigniew Romanowski          
 R   R A   A  TTT  O   O  MM MM                                   
 RRRR  AAAAA   T   O   O  M M M      VERSION   1.4.1              
 R  R  A   A   T   O   O  M   M                                   
 R   R A   A   T    OOO   M   M      compilation date: Apr 20 2011         
===============================================================================


  C A L C U L A T I O N   D A T E   Wed Apr 20 13:42:01 2011



*************************************
*                                   *
*      I N P U T   P A R A M S      *
*                                   *
*************************************
Atom_Proton                      81

Atom_Rc                          110

Out_EigNode                      10

Out_RhoNode                      10

Rho0_Alpha                       0.0

Rho0_Default                     Yes

Rho0_c                           0.0

Rho_Deg                          8

Rho_Delta                        1E-9

Scf_Diff                         1E-9

Scf_MaxIter                      100

Scf_Mix                          0.3

Solver_EigAbsMaxCoef             1E-4

Solver_EigAbsTol                 1E-14

Solver_EigAdapt                  Yes

Solver_EigDeg                    6

Solver_EigNode                   4

Solver_PsnAbsMaxCoef             1E-4

Solver_PsnAdapt                  Yes

Solver_PsnDeg                    6

Solver_PsnNode                   4

XC_Corr                          vwn

XC_Exch                          slater



===================================================================
     E I G E N V A L U E S
-------------------------------------------------------------------
           State          Value [Ha]           Value [eV]
-------------------------------------------------------------------
   (n=0, L=0) 1s2     -2827.5694080 Ha =  -76942.8290820 eV
   (n=1, L=0) 2s2      -474.9533683 Ha =  -12924.2648235 eV
   (n=0, L=1) 2p6      -457.2559714 Ha =  -12442.6894535 eV
   (n=2, L=0) 3s2      -112.5221797 Ha =   -3061.9141713 eV
   (n=1, L=1) 3p6      -104.0992961 Ha =   -2832.7136114 eV
   (n=0, L=2) 3d10      -88.3282989 Ha =   -2403.5587544 eV
   (n=3, L=0) 4s2       -24.4715122 Ha =    -665.9102262 eV
   (n=2, L=1) 4p6       -20.7970781 Ha =    -565.9228107 eV
   (n=1, L=2) 4d10      -14.0088483 Ha =    -381.2038756 eV
   (n=4, L=0) 5s2        -3.8115117 Ha =    -103.7175215 eV
   (n=3, L=1) 5p6        -2.5987301 Ha =     -70.7157341 eV
   (n=0, L=3) 4f14       -4.8357470 Ha =    -131.5886537 eV
   (n=2, L=2) 5d10       -0.6745440 Ha =     -18.3554539 eV
   (n=5, L=0) 6s2        -0.2850203 Ha =      -7.7558732 eV
   (n=4, L=1) 6p1        -0.1015072 Ha =      -2.7621779 eV
===================================================================


==========================================================
     E N E R G Y 
----------------------------------------------------------
	 Etot   =  -18956.9576272 Ha =   -515850.0960 eV
	 Ekin   =   18950.7103857 Ha =    515680.0983 eV
	 Ecoul  =    7576.9427227 Ha =    206181.1134 eV
	 Eenucl =  -45137.4542177 Ha =  -1228264.6061 eV
	 Eexch  =    -338.6940256 Ha =     -9216.4233 eV
	 Ecorr  =      -8.4624923 Ha =      -230.2784 eV
	 Exc    =    -347.1565180 Ha =     -9446.7017 eV
==========================================================


C A L C U L A T I O N   T I M E :   90  [s]
