===============================================================================
 RRRR   AAA  TTTTT  OOO   M   M      Zbigniew Romanowski          
 R   R A   A  TTT  O   O  MM MM                                   
 RRRR  AAAAA   T   O   O  M M M      VERSION   1.4.1              
 R  R  A   A   T   O   O  M   M                                   
 R   R A   A   T    OOO   M   M      compilation date: Apr 20 2011         
===============================================================================


  C A L C U L A T I O N   D A T E   Wed Apr 20 13:32:39 2011



*************************************
*                                   *
*      I N P U T   P A R A M S      *
*                                   *
*************************************
Atom_Proton                      73

Atom_Rc                          50

Out_EigNode                      10

Out_RhoNode                      10

Rho0_Alpha                       0.0

Rho0_Default                     Yes

Rho0_c                           0.0

Rho_Deg                          8

Rho_Delta                        1E-9

Scf_Diff                         1E-9

Scf_MaxIter                      100

Scf_Mix                          0.3

Solver_EigAbsMaxCoef             1E-4

Solver_EigAbsTol                 1E-14

Solver_EigAdapt                  Yes

Solver_EigDeg                    6

Solver_EigNode                   4

Solver_PsnAbsMaxCoef             1E-4

Solver_PsnAdapt                  Yes

Solver_PsnDeg                    6

Solver_PsnNode                   4

XC_Corr                          vwn

XC_Exch                          slater



===================================================================
     E I G E N V A L U E S
-------------------------------------------------------------------
           State          Value [Ha]           Value [eV]
-------------------------------------------------------------------
   (n=0, L=0) 1s2     -2275.3713863 Ha =  -61916.6097834 eV
   (n=1, L=0) 2s2      -372.8287243 Ha =  -10145.2847563 eV
   (n=0, L=1) 2p6      -357.2483339 Ha =   -9721.3166255 eV
   (n=2, L=0) 3s2       -84.6584676 Ha =   -2303.6965886 eV
   (n=1, L=1) 3p6       -77.4409416 Ha =   -2107.2957986 eV
   (n=0, L=2) 3d10      -63.9425209 Ha =   -1739.9814979 eV
   (n=3, L=0) 4s2       -16.7133366 Ha =    -454.7974659 eV
   (n=2, L=1) 4p6       -13.7198104 Ha =    -373.3386793 eV
   (n=1, L=2) 4d10       -8.2658478 Ha =    -224.9273586 eV
   (n=4, L=0) 5s2        -2.2238069 Ha =     -60.5134538 eV
   (n=3, L=1) 5p6        -1.3765303 Ha =     -37.4576612 eV
   (n=0, L=3) 4f14       -1.1993469 Ha =     -32.6362072 eV
   (n=2, L=2) 5d3        -0.1824639 Ha =      -4.9651436 eV
   (n=5, L=0) 6s2        -0.1748141 Ha =      -4.7569799 eV
===================================================================


==========================================================
     E N E R G Y 
----------------------------------------------------------
	 Etot   =  -14795.8842018 Ha =   -402620.4223 eV
	 Ekin   =   14790.3764487 Ha =    402470.5473 eV
	 Ecoul  =    5949.3576674 Ha =    161891.8386 eV
	 Eenucl =  -35243.4600577 Ha =   -959032.6999 eV
	 Eexch  =    -284.6645248 Ha =     -7746.1914 eV
	 Ecorr  =      -7.4937353 Ha =      -203.9169 eV
	 Exc    =    -292.1582601 Ha =     -7950.1083 eV
==========================================================


C A L C U L A T I O N   T I M E :   70  [s]
