===============================================================================
 RRRR   AAA  TTTTT  OOO   M   M      Zbigniew Romanowski          
 R   R A   A  TTT  O   O  MM MM                                   
 RRRR  AAAAA   T   O   O  M M M      VERSION   1.4.1              
 R  R  A   A   T   O   O  M   M                                   
 R   R A   A   T    OOO   M   M      compilation date: Apr 20 2011         
===============================================================================


  C A L C U L A T I O N   D A T E   Wed Apr 20 13:03:06 2011



*************************************
*                                   *
*      I N P U T   P A R A M S      *
*                                   *
*************************************
Atom_Proton                      39

Atom_Rc                          30

Out_EigNode                      10

Out_RhoNode                      10

Rho0_Alpha                       0.0

Rho0_Default                     Yes

Rho0_c                           0.0

Rho_Deg                          8

Rho_Delta                        1E-9

Scf_Diff                         1E-9

Scf_MaxIter                      100

Scf_Mix                          0.3

Solver_EigAbsMaxCoef             1E-4

Solver_EigAbsTol                 1E-14

Solver_EigAdapt                  Yes

Solver_EigDeg                    6

Solver_EigNode                   4

Solver_PsnAbsMaxCoef             1E-4

Solver_PsnAdapt                  Yes

Solver_PsnDeg                    6

Solver_PsnNode                   4

XC_Corr                          vwn

XC_Exch                          slater



===================================================================
     E I G E N V A L U E S
-------------------------------------------------------------------
           State          Value [Ha]           Value [eV]
-------------------------------------------------------------------
   (n=0, L=0) 1s2      -605.6319809 Ha =  -16480.2454917 eV
   (n=1, L=0) 2s2       -81.7891020 Ha =   -2225.6164181 eV
   (n=0, L=1) 2p6       -74.8032014 Ha =   -2035.5185349 eV
   (n=2, L=0) 3s2       -12.9922173 Ha =    -353.5396710 eV
   (n=1, L=1) 3p6       -10.3999262 Ha =    -282.9991510 eV
   (n=0, L=2) 3d10       -5.6714987 Ha =    -154.3308376 eV
   (n=3, L=0) 4s2        -1.6971242 Ha =     -46.1815488 eV
   (n=2, L=1) 4p6        -1.0244903 Ha =     -27.8780722 eV
   (n=1, L=2) 4d1        -0.1086908 Ha =      -2.9576573 eV
   (n=4, L=0) 5s2        -0.1507269 Ha =      -4.1015268 eV
===================================================================


==========================================================
     E N E R G Y 
----------------------------------------------------------
	 Etot   =   -3329.5206042 Ha =    -90601.7493 eV
	 Ekin   =    3326.9842523 Ha =     90532.7310 eV
	 Ecoul  =    1384.6037879 Ha =     37677.3537 eV
	 Eenucl =   -7937.1876800 Ha =   -215983.9731 eV
	 Eexch  =    -100.3636533 Ha =     -2731.0606 eV
	 Ecorr  =      -3.5573111 Ha =       -96.8003 eV
	 Exc    =    -103.9209644 Ha =     -2827.8609 eV
==========================================================


C A L C U L A T I O N   T I M E :   32  [s]
