===============================================================================
 RRRR   AAA  TTTTT  OOO   M   M      Zbigniew Romanowski          
 R   R A   A  TTT  O   O  MM MM                                   
 RRRR  AAAAA   T   O   O  M M M      VERSION   1.4.1              
 R  R  A   A   T   O   O  M   M                                   
 R   R A   A   T    OOO   M   M      compilation date: Apr 20 2011         
===============================================================================


  C A L C U L A T I O N   D A T E   Wed Apr 20 13:58:57 2011



*************************************
*                                   *
*      I N P U T   P A R A M S      *
*                                   *
*************************************
Atom_Proton                      91

Atom_Rc                          140

Out_EigNode                      10

Out_RhoNode                      10

Rho0_Alpha                       0.0

Rho0_Default                     Yes

Rho0_c                           0.0

Rho_Deg                          8

Rho_Delta                        1E-9

Scf_Diff                         1E-9

Scf_MaxIter                      100

Scf_Mix                          0.3

Solver_EigAbsMaxCoef             1E-4

Solver_EigAbsTol                 1E-14

Solver_EigAdapt                  Yes

Solver_EigDeg                    6

Solver_EigNode                   4

Solver_PsnAbsMaxCoef             1E-4

Solver_PsnAdapt                  Yes

Solver_PsnDeg                    6

Solver_PsnNode                   4

XC_Corr                          vwn

XC_Exch                          slater



===================================================================
     E I G E N V A L U E S
-------------------------------------------------------------------
           State          Value [Ha]           Value [eV]
-------------------------------------------------------------------
   (n=0, L=0) 1s2     -3606.3336284 Ha =  -98134.2884800 eV
   (n=1, L=0) 2s2      -623.8704312 Ha =  -16976.5438181 eV
   (n=0, L=1) 2p6      -603.4702781 Ha =  -16421.4219922 eV
   (n=2, L=0) 3s2      -156.4667421 Ha =   -4257.7182238 eV
   (n=1, L=1) 3p6      -146.4856784 Ha =   -3986.1170110 eV
   (n=0, L=2) 3d10     -127.7811682 Ha =   -3477.1364269 eV
   (n=3, L=0) 4s2       -39.0645075 Ha =   -1063.0097046 eV
   (n=2, L=1) 4p6       -34.4829298 Ha =    -938.3374173 eV
   (n=1, L=2) 4d10      -25.9331207 Ha =    -705.6830048 eV
   (n=4, L=0) 5s2        -8.4634631 Ha =    -230.3047962 eV
   (n=3, L=1) 5p6        -6.7098207 Ha =    -182.5852937 eV
   (n=0, L=3) 4f14      -14.1057467 Ha =    -383.8406431 eV
   (n=2, L=2) 5d10       -3.6599286 Ha =     -99.5926950 eV
   (n=5, L=0) 6s2        -1.2872323 Ha =     -35.0277137 eV
   (n=4, L=1) 6p6        -0.7997564 Ha =     -21.7626922 eV
   (n=1, L=3) 5f2        -0.3168128 Ha =      -8.6210003 eV
   (n=3, L=2) 6d1        -0.1424814 Ha =      -3.8771548 eV
   (n=6, L=0) 7s2        -0.1296530 Ha =      -3.5280710 eV
===================================================================


==========================================================
     E N E R G Y 
----------------------------------------------------------
	 Etot   =  -25001.2913822 Ha =   -680326.3906 eV
	 Ekin   =   24994.2005920 Ha =    680133.4385 eV
	 Ecoul  =    9743.1717062 Ha =    265127.7784 eV
	 Eenucl =  -59321.1694215 Ha =  -1614226.8999 eV
	 Eexch  =    -407.9196093 Ha =    -11100.1656 eV
	 Ecorr  =      -9.5746497 Ha =      -260.5420 eV
	 Exc    =    -417.4942590 Ha =    -11360.7077 eV
==========================================================


C A L C U L A T I O N   T I M E :   116  [s]
