===============================================================================
 RRRR   AAA  TTTTT  OOO   M   M      Zbigniew Romanowski          
 R   R A   A  TTT  O   O  MM MM                                   
 RRRR  AAAAA   T   O   O  M M M      VERSION   1.4.1              
 R  R  A   A   T   O   O  M   M                                   
 R   R A   A   T    OOO   M   M      compilation date: Apr 20 2011         
===============================================================================


  C A L C U L A T I O N   D A T E   Wed Apr 20 13:27:04 2011



*************************************
*                                   *
*      I N P U T   P A R A M S      *
*                                   *
*************************************
Atom_Proton                      68

Atom_Rc                          50

Out_EigNode                      10

Out_RhoNode                      10

Rho0_Alpha                       0.0

Rho0_Default                     Yes

Rho0_c                           0.0

Rho_Deg                          8

Rho_Delta                        1E-9

Scf_Diff                         1E-9

Scf_MaxIter                      100

Scf_Mix                          0.3

Solver_EigAbsMaxCoef             1E-4

Solver_EigAbsTol                 1E-14

Solver_EigAdapt                  Yes

Solver_EigDeg                    6

Solver_EigNode                   4

Solver_PsnAbsMaxCoef             1E-4

Solver_PsnAdapt                  Yes

Solver_PsnDeg                    6

Solver_PsnNode                   4

XC_Corr                          vwn

XC_Exch                          slater



===================================================================
     E I G E N V A L U E S
-------------------------------------------------------------------
           State          Value [Ha]           Value [eV]
-------------------------------------------------------------------
   (n=0, L=0) 1s2     -1961.7991758 Ha =  -53383.7925417 eV
   (n=1, L=0) 2s2      -316.3106315 Ha =   -8607.3341958 eV
   (n=0, L=1) 2p6      -302.0182700 Ha =   -8218.4154563 eV
   (n=2, L=0) 3s2       -70.3101424 Ha =   -1913.2549863 eV
   (n=1, L=1) 3p6       -63.8186554 Ha =   -1736.6109153 eV
   (n=0, L=2) 3d10      -51.6821492 Ha =   -1406.3565556 eV
   (n=3, L=0) 4s2       -13.4235470 Ha =    -365.2768625 eV
   (n=2, L=1) 4p6       -10.8195737 Ha =    -294.4184522 eV
   (n=1, L=2) 4d10       -6.1274433 Ha =    -166.7378424 eV
   (n=4, L=0) 5s2        -1.6160731 Ha =     -43.9760165 eV
   (n=3, L=1) 5p6        -0.9352017 Ha =     -25.4483816 eV
   (n=0, L=3) 4f12       -0.2785767 Ha =      -7.5805314 eV
   (n=5, L=0) 6s2        -0.1349050 Ha =      -3.6709884 eV
===================================================================


==========================================================
     E N E R G Y 
----------------------------------------------------------
	 Etot   =  -12494.7183039 Ha =   -340001.9013 eV
	 Ekin   =   12489.6824001 Ha =    339864.8661 eV
	 Ecoul  =    5005.1100040 Ha =    136197.3016 eV
	 Eenucl =  -29730.7657047 Ha =   -809023.1906 eV
	 Eexch  =    -251.8675362 Ha =     -6853.7312 eV
	 Ecorr  =      -6.8774671 Ha =      -187.1472 eV
	 Exc    =    -258.7450033 Ha =     -7040.8785 eV
==========================================================


C A L C U L A T I O N   T I M E :   70  [s]
