===============================================================================
 RRRR   AAA  TTTTT  OOO   M   M      Zbigniew Romanowski          
 R   R A   A  TTT  O   O  MM MM                                   
 RRRR  AAAAA   T   O   O  M M M      VERSION   1.4.1              
 R  R  A   A   T   O   O  M   M                                   
 R   R A   A   T    OOO   M   M      compilation date: Apr 20 2011         
===============================================================================


  C A L C U L A T I O N   D A T E   Wed Apr 20 13:01:12 2011



*************************************
*                                   *
*      I N P U T   P A R A M S      *
*                                   *
*************************************
Atom_Proton                      35

Atom_Rc                          30

Out_EigNode                      10

Out_RhoNode                      10

Rho0_Alpha                       0.0

Rho0_Default                     Yes

Rho0_c                           0.0

Rho_Deg                          8

Rho_Delta                        1E-9

Scf_Diff                         1E-9

Scf_MaxIter                      100

Scf_Mix                          0.3

Solver_EigAbsMaxCoef             1E-4

Solver_EigAbsTol                 1E-14

Solver_EigAdapt                  Yes

Solver_EigDeg                    6

Solver_EigNode                   4

Solver_PsnAbsMaxCoef             1E-4

Solver_PsnAdapt                  Yes

Solver_PsnDeg                    6

Solver_PsnNode                   4

XC_Corr                          vwn

XC_Exch                          slater



===================================================================
     E I G E N V A L U E S
-------------------------------------------------------------------
           State          Value [Ha]           Value [eV]
-------------------------------------------------------------------
   (n=0, L=0) 1s2      -480.1826425 Ha =  -13066.5620044 eV
   (n=1, L=0) 2s2       -61.7100223 Ha =   -1679.2315294 eV
   (n=0, L=1) 2p6       -55.6779603 Ha =   -1515.0891687 eV
   (n=2, L=0) 3s2        -8.4090575 Ha =    -228.8243285 eV
   (n=1, L=1) 3p6        -6.2988046 Ha =    -171.4008663 eV
   (n=0, L=2) 3d10       -2.5221105 Ha =     -68.6307891 eV
   (n=3, L=0) 4s2        -0.7200664 Ha =     -19.5941949 eV
   (n=2, L=1) 4p5        -0.2953345 Ha =      -8.0365383 eV
===================================================================


==========================================================
     E N E R G Y 
----------------------------------------------------------
	 Etot   =   -2570.6206999 Ha =    -69950.8308 eV
	 Ekin   =    2568.3654245 Ha =     69889.4610 eV
	 Ecoul  =    1098.4923031 Ha =     29891.7881 eV
	 Eenucl =   -6149.8025106 Ha =   -167346.2735 eV
	 Eexch  =     -84.5007482 Ha =     -2299.4048 eV
	 Ecorr  =      -3.1751687 Ha =       -86.4016 eV
	 Exc    =     -87.6759169 Ha =     -2385.8064 eV
==========================================================


C A L C U L A T I O N   T I M E :   25  [s]
