===============================================================================
 RRRR   AAA  TTTTT  OOO   M   M      Zbigniew Romanowski          
 R   R A   A  TTT  O   O  MM MM                                   
 RRRR  AAAAA   T   O   O  M M M      VERSION   1.4.1              
 R  R  A   A   T   O   O  M   M                                   
 R   R A   A   T    OOO   M   M      compilation date: Apr 20 2011         
===============================================================================


  C A L C U L A T I O N   D A T E   Wed Apr 20 13:12:43 2011



*************************************
*                                   *
*      I N P U T   P A R A M S      *
*                                   *
*************************************
Atom_Proton                      55

Atom_Rc                          30

Out_EigNode                      10

Out_RhoNode                      10

Rho0_Alpha                       0.0

Rho0_Default                     Yes

Rho0_c                           0.0

Rho_Deg                          8

Rho_Delta                        1E-9

Scf_Diff                         1E-9

Scf_MaxIter                      100

Scf_Mix                          0.3

Solver_EigAbsMaxCoef             1E-4

Solver_EigAbsTol                 1E-14

Solver_EigAdapt                  Yes

Solver_EigDeg                    6

Solver_EigNode                   4

Solver_PsnAbsMaxCoef             1E-4

Solver_PsnAdapt                  Yes

Solver_PsnDeg                    6

Solver_PsnNode                   4

XC_Corr                          vwn

XC_Exch                          slater



===================================================================
     E I G E N V A L U E S
-------------------------------------------------------------------
           State          Value [Ha]           Value [eV]
-------------------------------------------------------------------
   (n=0, L=0) 1s2     -1256.7387906 Ha =  -34197.9361124 eV
   (n=1, L=0) 2s2      -191.9818735 Ha =   -5224.1435480 eV
   (n=0, L=1) 2p6      -180.9953444 Ha =   -4925.1819630 eV
   (n=2, L=0) 3s2       -39.8515840 Ha =   -1084.4273567 eV
   (n=1, L=1) 3p6       -35.1664226 Ha =    -956.9363848 eV
   (n=0, L=2) 3d10      -26.4183980 Ha =    -718.8882010 eV
   (n=3, L=0) 4s2        -7.4559663 Ha =    -202.8891467 eV
   (n=2, L=1) 4p6        -5.7693264 Ha =    -156.9928894 eV
   (n=1, L=2) 4d10       -2.8483864 Ha =     -77.5092942 eV
   (n=4, L=0) 5s2        -0.9158195 Ha =     -24.9209589 eV
   (n=3, L=1) 5p6        -0.5049033 Ha =     -13.7392510 eV
   (n=5, L=0) 6s1        -0.0786988 Ha =      -2.1415247 eV
===================================================================


==========================================================
     E N E R G Y 
----------------------------------------------------------
	 Etot   =   -7550.5577097 Ha =   -205463.1337 eV
	 Ekin   =    7546.7344877 Ha =    205359.0975 eV
	 Ecoul  =    2988.2421349 Ha =     81314.9991 eV
	 Eenucl =  -17904.9060612 Ha =   -487222.0370 eV
	 Eexch  =    -175.3417823 Ha =     -4771.3392 eV
	 Ecorr  =      -5.2864888 Ha =      -143.8541 eV
	 Exc    =    -180.6282711 Ha =     -4915.1933 eV
==========================================================


C A L C U L A T I O N   T I M E :   47  [s]
