===============================================================================
 RRRR   AAA  TTTTT  OOO   M   M      Zbigniew Romanowski          
 R   R A   A  TTT  O   O  MM MM                                   
 RRRR  AAAAA   T   O   O  M M M      VERSION   1.4.1              
 R  R  A   A   T   O   O  M   M                                   
 R   R A   A   T    OOO   M   M      compilation date: Apr 20 2011         
===============================================================================


  C A L C U L A T I O N   D A T E   Wed Apr 20 13:38:06 2011



*************************************
*                                   *
*      I N P U T   P A R A M S      *
*                                   *
*************************************
Atom_Proton                      78

Atom_Rc                          100

Out_EigNode                      10

Out_RhoNode                      10

Rho0_Alpha                       0.0

Rho0_Default                     Yes

Rho0_c                           0.0

Rho_Deg                          8

Rho_Delta                        1E-9

Scf_Diff                         1E-9

Scf_MaxIter                      100

Scf_Mix                          0.3

Solver_EigAbsMaxCoef             1E-4

Solver_EigAbsTol                 1E-14

Solver_EigAdapt                  Yes

Solver_EigDeg                    6

Solver_EigNode                   4

Solver_PsnAbsMaxCoef             1E-4

Solver_PsnAdapt                  Yes

Solver_PsnDeg                    6

Solver_PsnNode                   4

XC_Corr                          vwn

XC_Exch                          slater



===================================================================
     E I G E N V A L U E S
-------------------------------------------------------------------
           State          Value [Ha]           Value [eV]
-------------------------------------------------------------------
   (n=0, L=0) 1s2     -2613.0965312 Ha =  -71106.6682236 eV
   (n=1, L=0) 2s2      -434.8580035 Ha =  -11833.2037913 eV
   (n=0, L=1) 2p6      -417.9605296 Ha =  -11373.3956442 eV
   (n=2, L=0) 3s2      -101.2748689 Ha =   -2755.8562875 eV
   (n=1, L=1) 3p6       -93.3091080 Ha =   -2539.0947897 eV
   (n=0, L=2) 3d10      -78.4002714 Ha =   -2133.4007455 eV
   (n=3, L=0) 4s2       -21.1106507 Ha =    -574.4556376 eV
   (n=2, L=1) 4p6       -17.6972968 Ha =    -481.5726462 eV
   (n=1, L=2) 4d10      -11.4194759 Ha =    -310.7427823 eV
   (n=4, L=0) 5s2        -2.9505261 Ha =     -80.2886826 eV
   (n=3, L=1) 5p6        -1.8842556 Ha =     -51.2737042 eV
   (n=0, L=3) 4f14       -3.0380494 Ha =     -82.6703380 eV
   (n=2, L=2) 5d9        -0.2736338 Ha =      -7.4460270 eV
   (n=5, L=0) 6s1        -0.1613077 Ha =      -4.3894480 eV
===================================================================


==========================================================
     E N E R G Y 
----------------------------------------------------------
	 Etot   =  -17326.5763768 Ha =   -471484.7321 eV
	 Ekin   =   17320.5928283 Ha =    471321.9098 eV
	 Ecoul  =    6958.3487044 Ha =    189348.1495 eV
	 Eenucl =  -41279.0899597 Ha =  -1123272.1483 eV
	 Eexch  =    -318.3110075 Ha =     -8661.7677 eV
	 Ecorr  =      -8.1169422 Ha =      -220.8754 eV
	 Exc    =    -326.4279497 Ha =     -8882.6431 eV
==========================================================


C A L C U L A T I O N   T I M E :   77  [s]
