===============================================================================
 RRRR   AAA  TTTTT  OOO   M   M      Zbigniew Romanowski          
 R   R A   A  TTT  O   O  MM MM                                   
 RRRR  AAAAA   T   O   O  M M M      VERSION   1.4.1              
 R  R  A   A   T   O   O  M   M                                   
 R   R A   A   T    OOO   M   M      compilation date: Apr 20 2011         
===============================================================================


  C A L C U L A T I O N   D A T E   Wed Apr 20 13:39:24 2011



*************************************
*                                   *
*      I N P U T   P A R A M S      *
*                                   *
*************************************
Atom_Proton                      79

Atom_Rc                          100

Out_EigNode                      10

Out_RhoNode                      10

Rho0_Alpha                       0.0

Rho0_Default                     Yes

Rho0_c                           0.0

Rho_Deg                          8

Rho_Delta                        1E-9

Scf_Diff                         1E-9

Scf_MaxIter                      100

Scf_Mix                          0.3

Solver_EigAbsMaxCoef             1E-4

Solver_EigAbsTol                 1E-14

Solver_EigAdapt                  Yes

Solver_EigDeg                    6

Solver_EigNode                   4

Solver_PsnAbsMaxCoef             1E-4

Solver_PsnAdapt                  Yes

Solver_PsnDeg                    6

Solver_PsnNode                   4

XC_Corr                          vwn

XC_Exch                          slater



===================================================================
     E I G E N V A L U E S
-------------------------------------------------------------------
           State          Value [Ha]           Value [eV]
-------------------------------------------------------------------
   (n=0, L=0) 1s2     -2683.5082453 Ha =  -73022.6871442 eV
   (n=1, L=0) 2s2      -447.8889729 Ha =  -12187.7979685 eV
   (n=0, L=1) 2p6      -430.7257010 Ha =  -11720.7570229 eV
   (n=2, L=0) 3s2      -104.8245157 Ha =   -2852.4480321 eV
   (n=1, L=1) 3p6       -96.7070001 Ha =   -2631.5570388 eV
   (n=0, L=2) 3d10      -81.5117513 Ha =   -2218.0692467 eV
   (n=3, L=0) 4s2       -22.0783566 Ha =    -600.7885120 eV
   (n=2, L=1) 4p6       -18.5786518 Ha =    -505.5557694 eV
   (n=1, L=2) 4d10      -12.1318146 Ha =    -330.1266937 eV
   (n=4, L=0) 5s2        -3.1139362 Ha =     -84.7353414 eV
   (n=3, L=1) 5p6        -2.0024951 Ha =     -54.4911967 eV
   (n=0, L=3) 4f14       -3.4868237 Ha =     -94.8822248 eV
   (n=2, L=2) 5d10       -0.3047385 Ha =      -8.2924380 eV
   (n=5, L=0) 6s1        -0.1623337 Ha =      -4.4173689 eV
===================================================================


==========================================================
     E N E R G Y 
----------------------------------------------------------
	 Etot   =  -17860.7909426 Ha =   -486021.5919 eV
	 Ekin   =   17854.7113577 Ha =    485856.1563 eV
	 Ecoul  =    7170.5460940 Ha =    195122.3906 eV
	 Eenucl =  -42552.5872089 Ha =  -1157926.1097 eV
	 Eexch  =    -325.2187899 Ha =     -8849.7399 eV
	 Ecorr  =      -8.2423954 Ha =      -224.2892 eV
	 Exc    =    -333.4611853 Ha =     -9074.0291 eV
==========================================================


C A L C U L A T I O N   T I M E :   82  [s]
