===============================================================================
 RRRR   AAA  TTTTT  OOO   M   M      Zbigniew Romanowski          
 R   R A   A  TTT  O   O  MM MM                                   
 RRRR  AAAAA   T   O   O  M M M      VERSION   1.4.1              
 R  R  A   A   T   O   O  M   M                                   
 R   R A   A   T    OOO   M   M      compilation date: Apr 20 2011         
===============================================================================


  C A L C U L A T I O N   D A T E   Wed Apr 20 13:10:18 2011



*************************************
*                                   *
*      I N P U T   P A R A M S      *
*                                   *
*************************************
Atom_Proton                      51

Atom_Rc                          30

Out_EigNode                      10

Out_RhoNode                      10

Rho0_Alpha                       0.0

Rho0_Default                     Yes

Rho0_c                           0.0

Rho_Deg                          8

Rho_Delta                        1E-9

Scf_Diff                         1E-9

Scf_MaxIter                      100

Scf_Mix                          0.3

Solver_EigAbsMaxCoef             1E-4

Solver_EigAbsTol                 1E-14

Solver_EigAdapt                  Yes

Solver_EigDeg                    6

Solver_EigNode                   4

Solver_PsnAbsMaxCoef             1E-4

Solver_PsnAdapt                  Yes

Solver_PsnDeg                    6

Solver_PsnNode                   4

XC_Corr                          vwn

XC_Exch                          slater



===================================================================
     E I G E N V A L U E S
-------------------------------------------------------------------
           State          Value [Ha]           Value [eV]
-------------------------------------------------------------------
   (n=0, L=0) 1s2     -1070.8234943 Ha =  -29138.8741379 eV
   (n=1, L=0) 2s2      -159.1717448 Ha =   -4331.3258089 eV
   (n=0, L=1) 2p6      -149.2142708 Ha =   -4060.3665113 eV
   (n=2, L=0) 3s2       -31.0982425 Ha =    -846.2344903 eV
   (n=1, L=1) 3p6       -26.9561844 Ha =    -733.5222566 eV
   (n=0, L=2) 3d10      -19.2398954 Ha =    -523.5492989 eV
   (n=3, L=0) 4s2        -5.0496402 Ha =    -137.4090424 eV
   (n=2, L=1) 4p6        -3.6465793 Ha =     -99.2294384 eV
   (n=1, L=2) 4d10       -1.2973383 Ha =     -35.3027170 eV
   (n=4, L=0) 5s2        -0.4456046 Ha =     -12.1256375 eV
   (n=3, L=1) 5p3        -0.1856233 Ha =      -5.0511174 eV
===================================================================


==========================================================
     E N E R G Y 
----------------------------------------------------------
	 Etot   =   -6310.3762679 Ha =   -171715.7504 eV
	 Ekin   =    6306.8578576 Ha =    171620.0086 eV
	 Ecoul  =    2544.7265890 Ha =     69246.2093 eV
	 Eenucl =  -15001.3647409 Ha =   -408211.8869 eV
	 Eexch  =    -155.7191659 Ha =     -4237.3754 eV
	 Ecorr  =      -4.8768077 Ha =      -132.7060 eV
	 Exc    =    -160.5959735 Ha =     -4370.0814 eV
==========================================================


C A L C U L A T I O N   T I M E :   36  [s]
