===============================================================================
 RRRR   AAA  TTTTT  OOO   M   M      Zbigniew Romanowski          
 R   R A   A  TTT  O   O  MM MM                                   
 RRRR  AAAAA   T   O   O  M M M      VERSION   1.4.1              
 R  R  A   A   T   O   O  M   M                                   
 R   R A   A   T    OOO   M   M      compilation date: Apr 20 2011         
===============================================================================


  C A L C U L A T I O N   D A T E   Wed Apr 20 12:53:13 2011



*************************************
*                                   *
*      I N P U T   P A R A M S      *
*                                   *
*************************************
Atom_Proton                      2

Atom_Rc                          30

Out_EigNode                      10

Out_RhoNode                      10

Rho0_Alpha                       0.0

Rho0_Default                     Yes

Rho0_c                           0.0

Rho_Deg                          8

Rho_Delta                        1E-9

Scf_Diff                         1E-9

Scf_MaxIter                      100

Scf_Mix                          0.3

Solver_EigAbsMaxCoef             1E-4

Solver_EigAbsTol                 1E-14

Solver_EigAdapt                  Yes

Solver_EigDeg                    6

Solver_EigNode                   4

Solver_PsnAbsMaxCoef             1E-4

Solver_PsnAdapt                  Yes

Solver_PsnDeg                    6

Solver_PsnNode                   4

XC_Corr                          vwn

XC_Exch                          slater



===================================================================
     E I G E N V A L U E S
-------------------------------------------------------------------
           State          Value [Ha]           Value [eV]
-------------------------------------------------------------------
   (n=0, L=0) 1s2        -0.5704247 Ha =     -15.5221979 eV
===================================================================


==========================================================
     E N E R G Y 
----------------------------------------------------------
	 Etot   =      -2.8348356 Ha =       -77.1406 eV
	 Ekin   =       2.7679224 Ha =        75.3197 eV
	 Ecoul  =       1.9961198 Ha =        54.3177 eV
	 Eenucl =      -6.6255638 Ha =      -180.2925 eV
	 Eexch  =      -0.8618470 Ha =       -23.4523 eV
	 Ecorr  =      -0.1114670 Ha =        -3.0332 eV
	 Exc    =      -0.9733140 Ha =       -26.4855 eV
==========================================================


C A L C U L A T I O N   T I M E :   2  [s]
