===============================================================================
 RRRR   AAA  TTTTT  OOO   M   M      Zbigniew Romanowski          
 R   R A   A  TTT  O   O  MM MM                                   
 RRRR  AAAAA   T   O   O  M M M      VERSION   1.4.1              
 R  R  A   A   T   O   O  M   M                                   
 R   R A   A   T    OOO   M   M      compilation date: Apr 20 2011         
===============================================================================


  C A L C U L A T I O N   D A T E   Wed Apr 20 12:56:16 2011



*************************************
*                                   *
*      I N P U T   P A R A M S      *
*                                   *
*************************************
Atom_Proton                      21

Atom_Rc                          30

Out_EigNode                      10

Out_RhoNode                      10

Rho0_Alpha                       0.0

Rho0_Default                     Yes

Rho0_c                           0.0

Rho_Deg                          8

Rho_Delta                        1E-9

Scf_Diff                         1E-9

Scf_MaxIter                      100

Scf_Mix                          0.3

Solver_EigAbsMaxCoef             1E-4

Solver_EigAbsTol                 1E-14

Solver_EigAdapt                  Yes

Solver_EigDeg                    6

Solver_EigNode                   4

Solver_PsnAbsMaxCoef             1E-4

Solver_PsnAdapt                  Yes

Solver_PsnDeg                    6

Solver_PsnNode                   4

XC_Corr                          vwn

XC_Exch                          slater



===================================================================
     E I G E N V A L U E S
-------------------------------------------------------------------
           State          Value [Ha]           Value [eV]
-------------------------------------------------------------------
   (n=0, L=0) 1s2      -160.1841088 Ha =   -4358.8739033 eV
   (n=1, L=0) 2s2       -17.2064635 Ha =    -468.2162638 eV
   (n=0, L=1) 2p6       -14.2400058 Ha =    -387.4940532 eV
   (n=2, L=0) 3s2        -1.9883782 Ha =     -54.1070529 eV
   (n=1, L=1) 3p6        -1.2331651 Ha =     -33.5564577 eV
   (n=0, L=2) 3d1        -0.1310800 Ha =      -3.5669042 eV
   (n=3, L=0) 4s2        -0.1564784 Ha =      -4.2580360 eV
===================================================================


==========================================================
     E N E R G Y 
----------------------------------------------------------
	 Etot   =    -758.6792754 Ha =    -20644.9149 eV
	 Ekin   =     757.5251990 Ha =     20613.5106 eV
	 Ecoul  =     318.5557621 Ha =      8668.4279 eV
	 Eenucl =   -1797.8538102 Ha =    -48922.5686 eV
	 Eexch  =     -35.2265627 Ha =      -958.5729 eV
	 Ecorr  =      -1.6798635 Ha =       -45.7119 eV
	 Exc    =     -36.9064262 Ha =     -1004.2848 eV
==========================================================


C A L C U L A T I O N   T I M E :   18  [s]
