===============================================================================
 RRRR   AAA  TTTTT  OOO   M   M      Zbigniew Romanowski          
 R   R A   A  TTT  O   O  MM MM                                   
 RRRR  AAAAA   T   O   O  M M M      VERSION   1.4.1              
 R  R  A   A   T   O   O  M   M                                   
 R   R A   A   T    OOO   M   M      compilation date: Apr 20 2011         
===============================================================================


  C A L C U L A T I O N   D A T E   Wed Apr 20 12:55:43 2011



*************************************
*                                   *
*      I N P U T   P A R A M S      *
*                                   *
*************************************
Atom_Proton                      19

Atom_Rc                          30

Out_EigNode                      10

Out_RhoNode                      10

Rho0_Alpha                       0.0

Rho0_Default                     Yes

Rho0_c                           0.0

Rho_Deg                          8

Rho_Delta                        1E-9

Scf_Diff                         1E-9

Scf_MaxIter                      100

Scf_Mix                          0.3

Solver_EigAbsMaxCoef             1E-4

Solver_EigAbsTol                 1E-14

Solver_EigAdapt                  Yes

Solver_EigDeg                    6

Solver_EigNode                   4

Solver_PsnAbsMaxCoef             1E-4

Solver_PsnAdapt                  Yes

Solver_PsnDeg                    6

Solver_PsnNode                   4

XC_Corr                          vwn

XC_Exch                          slater



===================================================================
     E I G E N V A L U E S
-------------------------------------------------------------------
           State          Value [Ha]           Value [eV]
-------------------------------------------------------------------
   (n=0, L=0) 1s2      -128.4149568 Ha =   -3494.3828594 eV
   (n=1, L=0) 2s2       -12.8390015 Ha =    -349.3704152 eV
   (n=0, L=1) 2p6       -10.2838508 Ha =    -279.8405498 eV
   (n=2, L=0) 3s2        -1.2818966 Ha =     -34.8825216 eV
   (n=1, L=1) 3p6        -0.6937764 Ha =     -18.8788015 eV
   (n=3, L=0) 4s1        -0.0888149 Ha =      -2.4168007 eV
===================================================================


==========================================================
     E N E R G Y 
----------------------------------------------------------
	 Etot   =    -598.2005900 Ha =    -16278.0251 eV
	 Ekin   =     597.1721311 Ha =     16250.0390 eV
	 Ecoul  =     257.3815248 Ha =      7003.7760 eV
	 Eenucl =   -1421.1041170 Ha =    -38670.5878 eV
	 Eexch  =     -30.1475284 Ha =      -820.3640 eV
	 Ecorr  =      -1.5026004 Ha =       -40.8882 eV
	 Exc    =     -31.6501288 Ha =      -861.2522 eV
==========================================================


C A L C U L A T I O N   T I M E :   17  [s]
