===============================================================================
 RRRR   AAA  TTTTT  OOO   M   M      Zbigniew Romanowski          
 R   R A   A  TTT  O   O  MM MM                                   
 RRRR  AAAAA   T   O   O  M M M      VERSION   1.4.1              
 R  R  A   A   T   O   O  M   M                                   
 R   R A   A   T    OOO   M   M      compilation date: Apr 20 2011         
===============================================================================


  C A L C U L A T I O N   D A T E   Wed Apr 20 12:54:08 2011



*************************************
*                                   *
*      I N P U T   P A R A M S      *
*                                   *
*************************************
Atom_Proton                      11

Atom_Rc                          30

Out_EigNode                      10

Out_RhoNode                      10

Rho0_Alpha                       0.0

Rho0_Default                     Yes

Rho0_c                           0.0

Rho_Deg                          8

Rho_Delta                        1E-9

Scf_Diff                         1E-9

Scf_MaxIter                      100

Scf_Mix                          0.3

Solver_EigAbsMaxCoef             1E-4

Solver_EigAbsTol                 1E-14

Solver_EigAdapt                  Yes

Solver_EigDeg                    6

Solver_EigNode                   4

Solver_PsnAbsMaxCoef             1E-4

Solver_PsnAdapt                  Yes

Solver_PsnDeg                    6

Solver_PsnNode                   4

XC_Corr                          vwn

XC_Exch                          slater



===================================================================
     E I G E N V A L U E S
-------------------------------------------------------------------
           State          Value [Ha]           Value [eV]
-------------------------------------------------------------------
   (n=0, L=0) 1s2       -37.7199755 Ha =   -1026.4227718 eV
   (n=1, L=0) 2s2        -2.0634008 Ha =     -56.1485392 eV
   (n=0, L=1) 2p6        -1.0606363 Ha =     -28.8616650 eV
   (n=2, L=0) 3s1        -0.1034149 Ha =      -2.8140899 eV
===================================================================


==========================================================
     E N E R G Y 
----------------------------------------------------------
	 Etot   =    -161.4400603 Ha =     -4393.0504 eV
	 Ekin   =     160.8965711 Ha =      4378.2612 eV
	 Ecoul  =      79.7324973 Ha =      2169.6528 eV
	 Eenucl =    -388.5463718 Ha =    -10572.9879 eV
	 Eexch  =     -12.7101062 Ha =      -345.8630 eV
	 Ecorr  =      -0.8126507 Ha =       -22.1136 eV
	 Exc    =     -13.5227569 Ha =      -367.9765 eV
==========================================================


C A L C U L A T I O N   T I M E :   10  [s]
