===============================================================================
 RRRR   AAA  TTTTT  OOO   M   M      Zbigniew Romanowski          
 R   R A   A  TTT  O   O  MM MM                                   
 RRRR  AAAAA   T   O   O  M M M      VERSION   1.4.1              
 R  R  A   A   T   O   O  M   M                                   
 R   R A   A   T    OOO   M   M      compilation date: Apr 20 2011         
===============================================================================


  C A L C U L A T I O N   D A T E   Wed Apr 20 13:07:24 2011



*************************************
*                                   *
*      I N P U T   P A R A M S      *
*                                   *
*************************************
Atom_Proton                      47

Atom_Rc                          30

Out_EigNode                      10

Out_RhoNode                      10

Rho0_Alpha                       0.0

Rho0_Default                     Yes

Rho0_c                           0.0

Rho_Deg                          8

Rho_Delta                        1E-9

Scf_Diff                         1E-9

Scf_MaxIter                      100

Scf_Mix                          0.3

Solver_EigAbsMaxCoef             1E-4

Solver_EigAbsTol                 1E-14

Solver_EigAdapt                  Yes

Solver_EigDeg                    6

Solver_EigNode                   4

Solver_PsnAbsMaxCoef             1E-4

Solver_PsnAdapt                  Yes

Solver_PsnDeg                    6

Solver_PsnNode                   4

XC_Corr                          vwn

XC_Exch                          slater



===================================================================
     E I G E N V A L U E S
-------------------------------------------------------------------
           State          Value [Ha]           Value [eV]
-------------------------------------------------------------------
   (n=0, L=0) 1s2      -900.3245783 Ha =  -24499.3173120 eV
   (n=1, L=0) 2s2      -129.8598072 Ha =   -3533.6996215 eV
   (n=0, L=1) 2p6      -120.9133505 Ha =   -3290.2517754 eV
   (n=2, L=0) 3s2       -23.6784371 Ha =    -644.3293442 eV
   (n=1, L=1) 3p6       -20.0676299 Ha =    -546.0733206 eV
   (n=0, L=2) 3d10      -13.3678028 Ha =    -363.7599703 eV
   (n=3, L=0) 4s2        -3.2230905 Ha =     -87.7056103 eV
   (n=2, L=1) 4p6        -2.0866016 Ha =     -56.7798718 eV
   (n=1, L=2) 4d10       -0.2987058 Ha =      -8.1282768 eV
   (n=4, L=0) 5s1        -0.1574075 Ha =      -4.2833189 eV
===================================================================


==========================================================
     E N E R G Y 
----------------------------------------------------------
	 Etot   =   -5195.0312146 Ha =   -141365.3712 eV
	 Ekin   =    5191.8185993 Ha =    141277.9506 eV
	 Ecoul  =    2131.6184629 Ha =     58004.8555 eV
	 Eenucl =  -12377.2944833 Ha =   -336806.6054 eV
	 Eexch  =    -136.7084668 Ha =     -3720.0630 eV
	 Ecorr  =      -4.4653267 Ha =      -121.5089 eV
	 Exc    =    -141.1737936 Ha =     -3841.5719 eV
==========================================================


C A L C U L A T I O N   T I M E :   38  [s]
