===============================================================================
 RRRR   AAA  TTTTT  OOO   M   M      Zbigniew Romanowski          
 R   R A   A  TTT  O   O  MM MM                                   
 RRRR  AAAAA   T   O   O  M M M      VERSION   1.4.1              
 R  R  A   A   T   O   O  M   M                                   
 R   R A   A   T    OOO   M   M      compilation date: Apr 20 2011         
===============================================================================


  C A L C U L A T I O N   D A T E   Wed Apr 20 13:33:49 2011



*************************************
*                                   *
*      I N P U T   P A R A M S      *
*                                   *
*************************************
Atom_Proton                      74

Atom_Rc                          50

Out_EigNode                      10

Out_RhoNode                      10

Rho0_Alpha                       0.0

Rho0_Default                     Yes

Rho0_c                           0.0

Rho_Deg                          8

Rho_Delta                        1E-9

Scf_Diff                         1E-9

Scf_MaxIter                      100

Scf_Mix                          0.3

Solver_EigAbsMaxCoef             1E-4

Solver_EigAbsTol                 1E-14

Solver_EigAdapt                  Yes

Solver_EigDeg                    6

Solver_EigNode                   4

Solver_PsnAbsMaxCoef             1E-4

Solver_PsnAdapt                  Yes

Solver_PsnDeg                    6

Solver_PsnNode                   4

XC_Corr                          vwn

XC_Exch                          slater



===================================================================
     E I G E N V A L U E S
-------------------------------------------------------------------
           State          Value [Ha]           Value [eV]
-------------------------------------------------------------------
   (n=0, L=0) 1s2     -2341.0428869 Ha =  -63703.6396741 eV
   (n=1, L=0) 2s2      -384.8561568 Ha =  -10472.5710395 eV
   (n=0, L=1) 2p6      -369.0139731 Ha =  -10041.4790800 eV
   (n=2, L=0) 3s2       -87.8677917 Ha =   -2391.0275948 eV
   (n=1, L=1) 3p6       -80.5021023 Ha =   -2190.5950331 eV
   (n=0, L=2) 3d10      -66.7247868 Ha =   -1815.6915447 eV
   (n=3, L=0) 4s2       -17.5707966 Ha =    -478.1303670 eV
   (n=2, L=1) 4p6       -14.4951022 Ha =    -394.4356475 eV
   (n=1, L=2) 4d10       -8.8796934 Ha =    -241.6311091 eV
   (n=4, L=0) 5s2        -2.3960178 Ha =     -65.1995983 eV
   (n=3, L=1) 5p6        -1.5044567 Ha =     -40.9387488 eV
   (n=0, L=3) 4f14       -1.5508351 Ha =     -42.2007821 eV
   (n=2, L=2) 5d4        -0.2206030 Ha =      -6.0029728 eV
   (n=5, L=0) 6s2        -0.1814132 Ha =      -4.9365521 eV
===================================================================


==========================================================
     E N E R G Y 
----------------------------------------------------------
	 Etot   =  -15283.4488220 Ha =   -415887.8601 eV
	 Ekin   =   15277.8493020 Ha =    415735.4880 eV
	 Ecoul  =    6141.6345322 Ha =    167124.0093 eV
	 Eenucl =  -36404.0874963 Ha =   -990615.2875 eV
	 Eexch  =    -291.2308547 Ha =     -7924.8721 eV
	 Ecorr  =      -7.6143052 Ha =      -207.1978 eV
	 Exc    =    -298.8451599 Ha =     -8132.0699 eV
==========================================================


C A L C U L A T I O N   T I M E :   65  [s]
