===============================================================================
 RRRR   AAA  TTTTT  OOO   M   M      Zbigniew Romanowski          
 R   R A   A  TTT  O   O  MM MM                                   
 RRRR  AAAAA   T   O   O  M M M      VERSION   1.4.1              
 R  R  A   A   T   O   O  M   M                                   
 R   R A   A   T    OOO   M   M      compilation date: Apr 20 2011         
===============================================================================


  C A L C U L A T I O N   D A T E   Wed Apr 20 13:34:54 2011



*************************************
*                                   *
*      I N P U T   P A R A M S      *
*                                   *
*************************************
Atom_Proton                      75

Atom_Rc                          50

Out_EigNode                      10

Out_RhoNode                      10

Rho0_Alpha                       0.0

Rho0_Default                     Yes

Rho0_c                           0.0

Rho_Deg                          8

Rho_Delta                        1E-9

Scf_Diff                         1E-9

Scf_MaxIter                      100

Scf_Mix                          0.3

Solver_EigAbsMaxCoef             1E-4

Solver_EigAbsTol                 1E-14

Solver_EigAdapt                  Yes

Solver_EigDeg                    6

Solver_EigNode                   4

Solver_PsnAbsMaxCoef             1E-4

Solver_PsnAdapt                  Yes

Solver_PsnDeg                    6

Solver_PsnNode                   4

XC_Corr                          vwn

XC_Exch                          slater



===================================================================
     E I G E N V A L U E S
-------------------------------------------------------------------
           State          Value [Ha]           Value [eV]
-------------------------------------------------------------------
   (n=0, L=0) 1s2     -2407.6655717 Ha =  -65516.5528528 eV
   (n=1, L=0) 2s2      -397.0877066 Ha =  -10805.4116918 eV
   (n=0, L=1) 2p6      -380.9828690 Ha =  -10367.1724863 eV
   (n=2, L=0) 3s2       -91.1491933 Ha =   -2480.3199459 eV
   (n=1, L=1) 3p6       -83.6345783 Ha =   -2275.8348728 eV
   (n=0, L=2) 3d10      -69.5767605 Ha =   -1893.2984540 eV
   (n=3, L=0) 4s2       -18.4543247 Ha =    -502.1726249 eV
   (n=2, L=1) 4p6       -15.2954952 Ha =    -416.2156624 eV
   (n=1, L=2) 4d10       -9.5168156 Ha =    -258.9682555 eV
   (n=4, L=0) 5s2        -2.5673479 Ha =     -69.8617720 eV
   (n=3, L=1) 5p6        -1.6312267 Ha =     -44.3883694 eV
   (n=0, L=3) 4f14       -1.9250805 Ha =     -52.3846179 eV
   (n=2, L=2) 5d5        -0.2586386 Ha =      -7.0379829 eV
   (n=5, L=0) 6s2        -0.1868594 Ha =      -5.0847528 eV
===================================================================


==========================================================
     E N E R G Y 
----------------------------------------------------------
	 Etot   =  -15780.2360244 Ha =   -429406.2596 eV
	 Ekin   =   15774.5439503 Ha =    429251.3689 eV
	 Ecoul  =    6337.5358772 Ha =    172454.8082 eV
	 Eenucl =  -37586.7229158 Ha =  -1022796.7486 eV
	 Eexch  =    -297.8571381 Ha =     -8105.1842 eV
	 Ecorr  =      -7.7357980 Ha =      -210.5038 eV
	 Exc    =    -305.5929361 Ha =     -8315.6880 eV
==========================================================


C A L C U L A T I O N   T I M E :   63  [s]
