===============================================================================
 RRRR   AAA  TTTTT  OOO   M   M      Zbigniew Romanowski          
 R   R A   A  TTT  O   O  MM MM                                   
 RRRR  AAAAA   T   O   O  M M M      VERSION   1.4.1              
 R  R  A   A   T   O   O  M   M                                   
 R   R A   A   T    OOO   M   M      compilation date: Apr 20 2011         
===============================================================================


  C A L C U L A T I O N   D A T E   Wed Apr 20 13:46:21 2011



*************************************
*                                   *
*      I N P U T   P A R A M S      *
*                                   *
*************************************
Atom_Proton                      84

Atom_Rc                          110

Out_EigNode                      10

Out_RhoNode                      10

Rho0_Alpha                       0.0

Rho0_Default                     Yes

Rho0_c                           0.0

Rho_Deg                          8

Rho_Delta                        1E-9

Scf_Diff                         1E-9

Scf_MaxIter                      100

Scf_Mix                          0.3

Solver_EigAbsMaxCoef             1E-4

Solver_EigAbsTol                 1E-14

Solver_EigAdapt                  Yes

Solver_EigDeg                    6

Solver_EigNode                   4

Solver_PsnAbsMaxCoef             1E-4

Solver_PsnAdapt                  Yes

Solver_PsnDeg                    6

Solver_PsnNode                   4

XC_Corr                          vwn

XC_Exch                          slater



===================================================================
     E I G E N V A L U E S
-------------------------------------------------------------------
           State          Value [Ha]           Value [eV]
-------------------------------------------------------------------
   (n=0, L=0) 1s2     -3050.9884158 Ha =  -83022.4289241 eV
   (n=1, L=0) 2s2      -517.2758433 Ha =  -14075.9292001 eV
   (n=0, L=1) 2p6      -498.7719198 Ha =  -13572.4069103 eV
   (n=2, L=0) 3s2      -124.7836833 Ha =   -3395.5699159 eV
   (n=1, L=1) 3p6      -115.8983844 Ha =   -3153.7862709 eV
   (n=0, L=2) 3d10      -99.2560680 Ha =   -2700.9213825 eV
   (n=3, L=0) 4s2       -28.4225398 Ha =    -773.4242047 eV
   (n=2, L=1) 4p6       -24.4813373 Ha =    -666.1775819 eV
   (n=1, L=2) 4d10      -17.1733072 Ha =    -467.3140246 eV
   (n=4, L=0) 5s2        -5.0274474 Ha =    -136.8051390 eV
   (n=3, L=1) 5p6        -3.6553818 Ha =     -99.4689693 eV
   (n=0, L=3) 4f14       -7.2064996 Ha =    -196.1007438 eV
   (n=2, L=2) 5d10       -1.3864584 Ha =     -37.7278198 eV
   (n=5, L=0) 6s2        -0.4935277 Ha =     -13.4297029 eV
   (n=4, L=1) 6p4        -0.2178886 Ha =      -5.9291088 eV
===================================================================


==========================================================
     E N E R G Y 
----------------------------------------------------------
	 Etot   =  -20671.2565393 Ha =   -562498.9980 eV
	 Ekin   =   20664.7561050 Ha =    562322.1105 eV
	 Ecoul  =    8200.9701406 Ha =    223161.9291 eV
	 Eenucl =  -49169.1037359 Ha =  -1337972.4417 eV
	 Eexch  =    -359.0819077 Ha =     -9771.2112 eV
	 Ecorr  =      -8.7971413 Ha =      -239.3847 eV
	 Exc    =    -367.8790490 Ha =    -10010.5959 eV
==========================================================


C A L C U L A T I O N   T I M E :   83  [s]
