===============================================================================
 RRRR   AAA  TTTTT  OOO   M   M      Zbigniew Romanowski          
 R   R A   A  TTT  O   O  MM MM                                   
 RRRR  AAAAA   T   O   O  M M M      VERSION   1.4.1              
 R  R  A   A   T   O   O  M   M                                   
 R   R A   A   T    OOO   M   M      compilation date: Apr 20 2011         
===============================================================================


  C A L C U L A T I O N   D A T E   Wed Apr 20 12:53:38 2011



*************************************
*                                   *
*      I N P U T   P A R A M S      *
*                                   *
*************************************
Atom_Proton                      7

Atom_Rc                          30

Out_EigNode                      10

Out_RhoNode                      10

Rho0_Alpha                       0.0

Rho0_Default                     Yes

Rho0_c                           0.0

Rho_Deg                          8

Rho_Delta                        1E-9

Scf_Diff                         1E-9

Scf_MaxIter                      100

Scf_Mix                          0.3

Solver_EigAbsMaxCoef             1E-4

Solver_EigAbsTol                 1E-14

Solver_EigAdapt                  Yes

Solver_EigDeg                    6

Solver_EigNode                   4

Solver_PsnAbsMaxCoef             1E-4

Solver_PsnAdapt                  Yes

Solver_PsnDeg                    6

Solver_PsnNode                   4

XC_Corr                          vwn

XC_Exch                          slater



===================================================================
     E I G E N V A L U E S
-------------------------------------------------------------------
           State          Value [Ha]           Value [eV]
-------------------------------------------------------------------
   (n=0, L=0) 1s2       -14.0115012 Ha =    -381.2760663 eV
   (n=1, L=0) 2s2        -0.6761507 Ha =     -18.3991775 eV
   (n=0, L=1) 2p3        -0.2662967 Ha =      -7.2463725 eV
===================================================================


==========================================================
     E N E R G Y 
----------------------------------------------------------
	 Etot   =     -54.0250161 Ha =     -1470.1098 eV
	 Ekin   =      53.7317267 Ha =      1462.1289 eV
	 Ecoul  =      25.7998455 Ha =       702.0564 eV
	 Eenucl =    -127.4162289 Ha =     -3467.2058 eV
	 Eexch  =      -5.6825389 Ha =      -154.6313 eV
	 Ecorr  =      -0.4578205 Ha =       -12.4580 eV
	 Exc    =      -6.1403593 Ha =      -167.0893 eV
==========================================================


C A L C U L A T I O N   T I M E :   6  [s]
