===============================================================================
 RRRR   AAA  TTTTT  OOO   M   M      Zbigniew Romanowski          
 R   R A   A  TTT  O   O  MM MM                                   
 RRRR  AAAAA   T   O   O  M M M      VERSION   1.4.1              
 R  R  A   A   T   O   O  M   M                                   
 R   R A   A   T    OOO   M   M      compilation date: Apr 20 2011         
===============================================================================


  C A L C U L A T I O N   D A T E   Wed Apr 20 13:54:49 2011



*************************************
*                                   *
*      I N P U T   P A R A M S      *
*                                   *
*************************************
Atom_Proton                      89

Atom_Rc                          140

Out_EigNode                      10

Out_RhoNode                      10

Rho0_Alpha                       0.0

Rho0_Default                     Yes

Rho0_c                           0.0

Rho_Deg                          8

Rho_Delta                        1E-9

Scf_Diff                         1E-9

Scf_MaxIter                      100

Scf_Mix                          0.3

Solver_EigAbsMaxCoef             1E-4

Solver_EigAbsTol                 1E-14

Solver_EigAdapt                  Yes

Solver_EigDeg                    6

Solver_EigNode                   4

Solver_PsnAbsMaxCoef             1E-4

Solver_PsnAdapt                  Yes

Solver_PsnDeg                    6

Solver_PsnNode                   4

XC_Corr                          vwn

XC_Exch                          slater



===================================================================
     E I G E N V A L U E S
-------------------------------------------------------------------
           State          Value [Ha]           Value [eV]
-------------------------------------------------------------------
   (n=0, L=0) 1s2     -3443.1103661 Ha =  -93692.7141926 eV
   (n=1, L=0) 2s2      -592.6228780 Ha =  -16126.2463374 eV
   (n=0, L=1) 2p6      -572.7626997 Ha =  -15585.8181165 eV
   (n=2, L=0) 3s2      -147.3207164 Ha =   -4008.8397725 eV
   (n=1, L=1) 3p6      -137.6543942 Ha =   -3745.8031956 eV
   (n=0, L=2) 3d10     -119.5417436 Ha =   -3252.9280884 eV
   (n=3, L=0) 4s2       -36.1582598 Ha =    -983.9259099 eV
   (n=2, L=1) 4p6       -31.7618460 Ha =    -864.2922355 eV
   (n=1, L=2) 4d10      -23.5706097 Ha =    -641.3951819 eV
   (n=4, L=0) 5s2        -7.7130784 Ha =    -209.8855894 eV
   (n=3, L=1) 5p6        -6.0651100 Ha =    -165.0416503 eV
   (n=0, L=3) 4f14      -12.2782246 Ha =    -334.1107512 eV
   (n=2, L=2) 5d10       -3.2227523 Ha =     -87.6964070 eV
   (n=5, L=0) 6s2        -1.1969806 Ha =     -32.5718170 eV
   (n=4, L=1) 6p6        -0.7445244 Ha =     -20.2597362 eV
   (n=3, L=2) 6d1        -0.1377857 Ha =      -3.7493773 eV
   (n=6, L=0) 7s2        -0.1265506 Ha =      -3.4436508 eV
===================================================================


==========================================================
     E N E R G Y 
----------------------------------------------------------
	 Etot   =  -23716.4969514 Ha =   -645365.0143 eV
	 Ekin   =   23709.5943402 Ha =    645177.1828 eV
	 Ecoul  =    9262.6118816 Ha =    252050.9526 eV
	 Eenucl =  -56286.0164992 Ha =  -1531635.3809 eV
	 Eexch  =    -393.3584367 Ha =    -10703.9321 eV
	 Ecorr  =      -9.3282373 Ha =      -253.8367 eV
	 Exc    =    -402.6866740 Ha =    -10957.7688 eV
==========================================================


C A L C U L A T I O N   T I M E :   127  [s]
