===============================================================================
 RRRR   AAA  TTTTT  OOO   M   M      Zbigniew Romanowski          
 R   R A   A  TTT  O   O  MM MM                                   
 RRRR  AAAAA   T   O   O  M M M      VERSION   1.4.1              
 R  R  A   A   T   O   O  M   M                                   
 R   R A   A   T    OOO   M   M      compilation date: Apr 20 2011         
===============================================================================


  C A L C U L A T I O N   D A T E   Wed Apr 20 12:54:27 2011



*************************************
*                                   *
*      I N P U T   P A R A M S      *
*                                   *
*************************************
Atom_Proton                      13

Atom_Rc                          30

Out_EigNode                      10

Out_RhoNode                      10

Rho0_Alpha                       0.0

Rho0_Default                     Yes

Rho0_c                           0.0

Rho_Deg                          8

Rho_Delta                        1E-9

Scf_Diff                         1E-9

Scf_MaxIter                      100

Scf_Mix                          0.3

Solver_EigAbsMaxCoef             1E-4

Solver_EigAbsTol                 1E-14

Solver_EigAdapt                  Yes

Solver_EigDeg                    6

Solver_EigNode                   4

Solver_PsnAbsMaxCoef             1E-4

Solver_PsnAdapt                  Yes

Solver_PsnDeg                    6

Solver_PsnNode                   4

XC_Corr                          vwn

XC_Exch                          slater



===================================================================
     E I G E N V A L U E S
-------------------------------------------------------------------
           State          Value [Ha]           Value [eV]
-------------------------------------------------------------------
   (n=0, L=0) 1s2       -55.1560443 Ha =   -1500.8869725 eV
   (n=1, L=0) 2s2        -3.9348268 Ha =    -107.0731303 eV
   (n=0, L=1) 2p6        -2.5640176 Ha =     -69.7711490 eV
   (n=2, L=0) 3s2        -0.2868830 Ha =      -7.8065585 eV
   (n=1, L=1) 3p1        -0.1025449 Ha =      -2.7904151 eV
===================================================================


==========================================================
     E N E R G Y 
----------------------------------------------------------
	 Etot   =    -241.3155734 Ha =     -6566.5949 eV
	 Ekin   =     240.6634886 Ha =      6548.8506 eV
	 Ecoul  =     112.6707326 Ha =      3065.9565 eV
	 Eenucl =    -577.2057569 Ha =    -15706.7210 eV
	 Eexch  =     -16.4743148 Ha =      -448.2933 eV
	 Ecorr  =      -0.9697230 Ha =       -26.3878 eV
	 Exc    =     -17.4440378 Ha =      -474.6811 eV
==========================================================


C A L C U L A T I O N   T I M E :   12  [s]
