===============================================================================
 RRRR   AAA  TTTTT  OOO   M   M      Zbigniew Romanowski          
 R   R A   A  TTT  O   O  MM MM                                   
 RRRR  AAAAA   T   O   O  M M M      VERSION   1.4.1              
 R  R  A   A   T   O   O  M   M                                   
 R   R A   A   T    OOO   M   M      compilation date: Apr 20 2011         
===============================================================================


  C A L C U L A T I O N   D A T E   Wed Apr 20 13:04:42 2011



*************************************
*                                   *
*      I N P U T   P A R A M S      *
*                                   *
*************************************
Atom_Proton                      42

Atom_Rc                          30

Out_EigNode                      10

Out_RhoNode                      10

Rho0_Alpha                       0.0

Rho0_Default                     Yes

Rho0_c                           0.0

Rho_Deg                          8

Rho_Delta                        1E-9

Scf_Diff                         1E-9

Scf_MaxIter                      100

Scf_Mix                          0.3

Solver_EigAbsMaxCoef             1E-4

Solver_EigAbsTol                 1E-14

Solver_EigAdapt                  Yes

Solver_EigDeg                    6

Solver_EigNode                   4

Solver_PsnAbsMaxCoef             1E-4

Solver_PsnAdapt                  Yes

Solver_PsnDeg                    6

Solver_PsnNode                   4

XC_Corr                          vwn

XC_Exch                          slater



===================================================================
     E I G E N V A L U E S
-------------------------------------------------------------------
           State          Value [Ha]           Value [eV]
-------------------------------------------------------------------
   (n=0, L=0) 1s2      -709.2321185 Ha =  -19299.3761781 eV
   (n=1, L=0) 2s2       -98.5036385 Ha =   -2680.4465336 eV
   (n=0, L=1) 2p6       -90.7915414 Ha =   -2470.5876470 eV
   (n=2, L=0) 3s2       -16.6815454 Ha =    -453.9323748 eV
   (n=1, L=1) 3p6       -13.7148096 Ha =    -373.2025985 eV
   (n=0, L=2) 3d10       -8.2577214 Ha =    -224.7062242 eV
   (n=3, L=0) 4s2        -2.2348245 Ha =     -60.8132608 eV
   (n=2, L=1) 4p6        -1.3900498 Ha =     -37.8255486 eV
   (n=1, L=2) 4d5        -0.1533469 Ha =      -4.1728225 eV
   (n=4, L=0) 5s1        -0.1478802 Ha =      -4.0240654 eV
===================================================================


==========================================================
     E N E R G Y 
----------------------------------------------------------
	 Etot   =   -3973.0132358 Ha =   -108112.2456 eV
	 Ekin   =    3970.2315986 Ha =    108036.5527 eV
	 Ecoul  =    1638.9774534 Ha =     44599.2808 eV
	 Eenucl =   -9465.0245398 Ha =   -257558.9350 eV
	 Eexch  =    -113.3087074 Ha =     -3083.3169 eV
	 Ecorr  =      -3.8890406 Ha =      -105.8272 eV
	 Exc    =    -117.1977480 Ha =     -3189.1441 eV
==========================================================


C A L C U L A T I O N   T I M E :   34  [s]
