===============================================================================
 RRRR   AAA  TTTTT  OOO   M   M      Zbigniew Romanowski          
 R   R A   A  TTT  O   O  MM MM                                   
 RRRR  AAAAA   T   O   O  M M M      VERSION   1.4.1              
 R  R  A   A   T   O   O  M   M                                   
 R   R A   A   T    OOO   M   M      compilation date: Apr 20 2011         
===============================================================================


  C A L C U L A T I O N   D A T E   Wed Apr 20 13:03:38 2011



*************************************
*                                   *
*      I N P U T   P A R A M S      *
*                                   *
*************************************
Atom_Proton                      40

Atom_Rc                          30

Out_EigNode                      10

Out_RhoNode                      10

Rho0_Alpha                       0.0

Rho0_Default                     Yes

Rho0_c                           0.0

Rho_Deg                          8

Rho_Delta                        1E-9

Scf_Diff                         1E-9

Scf_MaxIter                      100

Scf_Mix                          0.3

Solver_EigAbsMaxCoef             1E-4

Solver_EigAbsTol                 1E-14

Solver_EigAdapt                  Yes

Solver_EigDeg                    6

Solver_EigNode                   4

Solver_PsnAbsMaxCoef             1E-4

Solver_PsnAdapt                  Yes

Solver_PsnDeg                    6

Solver_PsnNode                   4

XC_Corr                          vwn

XC_Exch                          slater



===================================================================
     E I G E N V A L U E S
-------------------------------------------------------------------
           State          Value [Ha]           Value [eV]
-------------------------------------------------------------------
   (n=0, L=0) 1s2      -639.2922363 Ha =  -17396.1965818 eV
   (n=1, L=0) 2s2       -87.2370617 Ha =   -2373.8643896 eV
   (n=0, L=1) 2p6       -80.0100430 Ha =   -2177.2052853 eV
   (n=2, L=0) 3s2       -14.2304321 Ha =    -387.2335377 eV
   (n=1, L=1) 3p6       -11.5144151 Ha =    -313.3262343 eV
   (n=0, L=2) 3d10       -6.5446430 Ha =    -178.0905346 eV
   (n=3, L=0) 4s2        -1.9189710 Ha =     -52.2183659 eV
   (n=2, L=1) 4p6        -1.1865971 Ha =     -32.2892655 eV
   (n=1, L=2) 4d2        -0.1506730 Ha =      -4.1000601 eV
   (n=4, L=0) 5s2        -0.1623911 Ha =      -4.4189306 eV
===================================================================


==========================================================
     E N E R G Y 
----------------------------------------------------------
	 Etot   =   -3536.7377510 Ha =    -96240.4698 eV
	 Ekin   =    3534.1242092 Ha =     96169.3510 eV
	 Ecoul  =    1464.2361057 Ha =     39844.2804 eV
	 Eenucl =   -8426.9005858 Ha =   -229309.8693 eV
	 Eexch  =    -104.5351319 Ha =     -2844.5734 eV
	 Ecorr  =      -3.6623482 Ha =       -99.6585 eV
	 Exc    =    -108.1974800 Ha =     -2944.2320 eV
==========================================================


C A L C U L A T I O N   T I M E :   32  [s]
