===============================================================================
 RRRR   AAA  TTTTT  OOO   M   M      Zbigniew Romanowski          
 R   R A   A  TTT  O   O  MM MM                                   
 RRRR  AAAAA   T   O   O  M M M      VERSION   1.4.1              
 R  R  A   A   T   O   O  M   M                                   
 R   R A   A   T    OOO   M   M      compilation date: Apr 20 2011         
===============================================================================


  C A L C U L A T I O N   D A T E   Wed Apr 20 13:25:41 2011



*************************************
*                                   *
*      I N P U T   P A R A M S      *
*                                   *
*************************************
Atom_Proton                      67

Atom_Rc                          50

Out_EigNode                      10

Out_RhoNode                      10

Rho0_Alpha                       0.0

Rho0_Default                     Yes

Rho0_c                           0.0

Rho_Deg                          8

Rho_Delta                        1E-9

Scf_Diff                         1E-9

Scf_MaxIter                      100

Scf_Mix                          0.3

Solver_EigAbsMaxCoef             1E-4

Solver_EigAbsTol                 1E-14

Solver_EigAdapt                  Yes

Solver_EigDeg                    6

Solver_EigNode                   4

Solver_PsnAbsMaxCoef             1E-4

Solver_PsnAdapt                  Yes

Solver_PsnDeg                    6

Solver_PsnNode                   4

XC_Corr                          vwn

XC_Exch                          slater



===================================================================
     E I G E N V A L U E S
-------------------------------------------------------------------
           State          Value [Ha]           Value [eV]
-------------------------------------------------------------------
   (n=0, L=0) 1s2     -1902.0519083 Ha =  -51757.9708092 eV
   (n=1, L=0) 2s2      -305.7392945 Ha =   -8319.6706733 eV
   (n=0, L=1) 2p6      -291.7009937 Ha =   -7937.6653458 eV
   (n=2, L=0) 3s2       -67.7854924 Ha =   -1844.5550948 eV
   (n=1, L=1) 3p6       -61.4363045 Ha =   -1671.7832155 eV
   (n=0, L=2) 3d10      -49.5659960 Ha =   -1348.7725363 eV
   (n=3, L=0) 4s2       -12.9854978 Ha =    -353.3568213 eV
   (n=2, L=1) 4p6       -10.4553031 Ha =    -284.5060477 eV
   (n=1, L=2) 4d10       -5.9061950 Ha =    -160.7173120 eV
   (n=4, L=0) 5s2        -1.5820881 Ha =     -43.0512273 eV
   (n=3, L=1) 5p6        -0.9194632 Ha =     -25.0201113 eV
   (n=0, L=3) 4f11       -0.2726770 Ha =      -7.4199900 eV
   (n=5, L=0) 6s2        -0.1338446 Ha =      -3.6421335 eV
===================================================================


==========================================================
     E N E R G Y 
----------------------------------------------------------
	 Etot   =  -12061.7705492 Ha =   -328220.6786 eV
	 Ekin   =   12056.8348013 Ha =    328086.3687 eV
	 Ecoul  =    4818.7966193 Ha =    131127.4070 eV
	 Eenucl =  -28685.3380249 Ha =   -780575.3785 eV
	 Eexch  =    -245.3164079 Ha =     -6675.4642 eV
	 Ecorr  =      -6.7475370 Ha =      -183.6116 eV
	 Exc    =    -252.0639449 Ha =     -6859.0758 eV
==========================================================


C A L C U L A T I O N   T I M E :   83  [s]
