===============================================================================
 RRRR   AAA  TTTTT  OOO   M   M      Zbigniew Romanowski          
 R   R A   A  TTT  O   O  MM MM                                   
 RRRR  AAAAA   T   O   O  M M M      VERSION   1.4.1              
 R  R  A   A   T   O   O  M   M                                   
 R   R A   A   T    OOO   M   M      compilation date: Apr 20 2011         
===============================================================================


  C A L C U L A T I O N   D A T E   Wed Apr 20 14:00:53 2011



*************************************
*                                   *
*      I N P U T   P A R A M S      *
*                                   *
*************************************
Atom_Proton                      92

Atom_Rc                          140

Out_EigNode                      10

Out_RhoNode                      10

Rho0_Alpha                       0.0

Rho0_Default                     Yes

Rho0_c                           0.0

Rho_Deg                          8

Rho_Delta                        1E-9

Scf_Diff                         1E-9

Scf_MaxIter                      100

Scf_Mix                          0.3

Solver_EigAbsMaxCoef             1E-4

Solver_EigAbsTol                 1E-14

Solver_EigAdapt                  Yes

Solver_EigDeg                    6

Solver_EigNode                   4

Solver_PsnAbsMaxCoef             1E-4

Solver_PsnAdapt                  Yes

Solver_PsnDeg                    6

Solver_PsnNode                   4

XC_Corr                          vwn

XC_Exch                          slater



===================================================================
     E I G E N V A L U E S
-------------------------------------------------------------------
           State          Value [Ha]           Value [eV]
-------------------------------------------------------------------
   (n=0, L=0) 1s2     -3689.3551398 Ha = -100393.4407913 eV
   (n=1, L=0) 2s2      -639.7787281 Ha =  -17409.4348263 eV
   (n=0, L=1) 2p6      -619.1085502 Ha =  -16846.9651796 eV
   (n=2, L=0) 3s2      -161.1180732 Ha =   -4384.2886170 eV
   (n=1, L=1) 3p6      -150.9789802 Ha =   -4108.3871657 eV
   (n=0, L=2) 3d10     -131.9773583 Ha =   -3591.3216817 eV
   (n=3, L=0) 4s2       -40.5280842 Ha =   -1102.8360437 eV
   (n=2, L=1) 4p6       -35.8533208 Ha =    -975.6280179 eV
   (n=1, L=2) 4d10      -27.1232123 Ha =    -738.0673600 eV
   (n=4, L=0) 5s2        -8.8240894 Ha =    -240.1180324 eV
   (n=3, L=1) 5p6        -7.0180922 Ha =    -190.9738687 eV
   (n=0, L=3) 4f14      -15.0274601 Ha =    -408.9219838 eV
   (n=2, L=2) 5d10       -3.8661751 Ha =    -105.2050046 eV
   (n=5, L=0) 6s2        -1.3259763 Ha =     -36.0820035 eV
   (n=4, L=1) 6p6        -0.8225380 Ha =     -22.3826154 eV
   (n=1, L=3) 5f3        -0.3665434 Ha =      -9.9742494 eV
   (n=3, L=2) 6d1        -0.1431902 Ha =      -3.8964411 eV
   (n=6, L=0) 7s2        -0.1309479 Ha =      -3.5633074 eV
===================================================================


==========================================================
     E N E R G Y 
----------------------------------------------------------
	 Etot   =  -25658.4178889 Ha =   -698207.8871 eV
	 Ekin   =   25651.2311781 Ha =    698012.3249 eV
	 Ecoul  =    9991.5941772 Ha =    271887.7637 eV
	 Eenucl =  -60876.2106165 Ha =  -1656542.1366 eV
	 Eexch  =    -415.3327592 Ha =    -11301.8897 eV
	 Ecorr  =      -9.6998685 Ha =      -263.9494 eV
	 Exc    =    -425.0326277 Ha =    -11565.8391 eV
==========================================================


C A L C U L A T I O N   T I M E :   122  [s]
