===============================================================================
 RRRR   AAA  TTTTT  OOO   M   M      Zbigniew Romanowski          
 R   R A   A  TTT  O   O  MM MM                                   
 RRRR  AAAAA   T   O   O  M M M      VERSION   1.4.1              
 R  R  A   A   T   O   O  M   M                                   
 R   R A   A   T    OOO   M   M      compilation date: Apr 20 2011         
===============================================================================


  C A L C U L A T I O N   D A T E   Wed Apr 20 13:36:56 2011



*************************************
*                                   *
*      I N P U T   P A R A M S      *
*                                   *
*************************************
Atom_Proton                      77

Atom_Rc                          100

Out_EigNode                      10

Out_RhoNode                      10

Rho0_Alpha                       0.0

Rho0_Default                     Yes

Rho0_c                           0.0

Rho_Deg                          8

Rho_Delta                        1E-9

Scf_Diff                         1E-9

Scf_MaxIter                      100

Scf_Mix                          0.3

Solver_EigAbsMaxCoef             1E-4

Solver_EigAbsTol                 1E-14

Solver_EigAdapt                  Yes

Solver_EigDeg                    6

Solver_EigNode                   4

Solver_PsnAbsMaxCoef             1E-4

Solver_PsnAdapt                  Yes

Solver_PsnDeg                    6

Solver_PsnNode                   4

XC_Corr                          vwn

XC_Exch                          slater



===================================================================
     E I G E N V A L U E S
-------------------------------------------------------------------
           State          Value [Ha]           Value [eV]
-------------------------------------------------------------------
   (n=0, L=0) 1s2     -2543.7613420 Ha =  -69219.9433223 eV
   (n=1, L=0) 2s2      -422.1594239 Ha =  -11487.6544866 eV
   (n=0, L=1) 2p6      -405.5268340 Ha =  -11035.0542712 eV
   (n=2, L=0) 3s2       -97.9230810 Ha =   -2664.6486074 eV
   (n=1, L=1) 3p6       -90.1084276 Ha =   -2451.9989931 eV
   (n=0, L=2) 3d10      -75.4850268 Ha =   -2054.0721282 eV
   (n=3, L=0) 4s2       -20.2942899 Ha =    -552.2411128 eV
   (n=2, L=1) 4p6       -16.9665784 Ha =    -461.6885918 eV
   (n=1, L=2) 4d10      -10.8565934 Ha =    -295.4258198 eV
   (n=4, L=0) 5s2        -2.9091737 Ha =     -79.1634161 eV
   (n=3, L=1) 5p6        -1.8833489 Ha =     -51.2490313 eV
   (n=0, L=3) 4f14       -2.7383393 Ha =     -74.5147303 eV
   (n=2, L=2) 5d7        -0.3351893 Ha =      -9.1210548 eV
   (n=5, L=0) 6s2        -0.1955110 Ha =      -5.3201763 eV
===================================================================


==========================================================
     E N E R G Y 
----------------------------------------------------------
	 Etot   =  -16801.6774704 Ha =   -457201.3667 eV
	 Ekin   =   16795.7980450 Ha =    457041.3779 eV
	 Ecoul  =    6740.6489865 Ha =    183424.1810 eV
	 Eenucl =  -40018.8423735 Ha =  -1088978.7321 eV
	 Eexch  =    -311.3007696 Ha =     -8471.0076 eV
	 Ecorr  =      -7.9813588 Ha =      -217.1859 eV
	 Exc    =    -319.2821284 Ha =     -8688.1935 eV
==========================================================


C A L C U L A T I O N   T I M E :   70  [s]
