===============================================================================
 RRRR   AAA  TTTTT  OOO   M   M      Zbigniew Romanowski          
 R   R A   A  TTT  O   O  MM MM                                   
 RRRR  AAAAA   T   O   O  M M M      VERSION   1.4.1              
 R  R  A   A   T   O   O  M   M                                   
 R   R A   A   T    OOO   M   M      compilation date: Apr 20 2011         
===============================================================================


  C A L C U L A T I O N   D A T E   Wed Apr 20 13:16:36 2011



*************************************
*                                   *
*      I N P U T   P A R A M S      *
*                                   *
*************************************
Atom_Proton                      59

Atom_Rc                          40

Out_EigNode                      10

Out_RhoNode                      10

Rho0_Alpha                       0.0

Rho0_Default                     Yes

Rho0_c                           0.0

Rho_Deg                          8

Rho_Delta                        1E-9

Scf_Diff                         1E-9

Scf_MaxIter                      100

Scf_Mix                          0.3

Solver_EigAbsMaxCoef             1E-4

Solver_EigAbsTol                 1E-14

Solver_EigAdapt                  Yes

Solver_EigDeg                    6

Solver_EigNode                   4

Solver_PsnAbsMaxCoef             1E-4

Solver_PsnAdapt                  Yes

Solver_PsnDeg                    6

Solver_PsnNode                   4

XC_Corr                          vwn

XC_Exch                          slater



===================================================================
     E I G E N V A L U E S
-------------------------------------------------------------------
           State          Value [Ha]           Value [eV]
-------------------------------------------------------------------
   (n=0, L=0) 1s2     -1457.3380666 Ha =  -39656.5733997 eV
   (n=1, L=0) 2s2      -227.4263628 Ha =   -6188.6465855 eV
   (n=0, L=1) 2p6      -215.4183127 Ha =   -5861.8877282 eV
   (n=2, L=0) 3s2       -48.9249936 Ha =   -1331.3298023 eV
   (n=1, L=1) 3p6       -43.6925477 Ha =   -1188.9463159 eV
   (n=0, L=2) 3d10      -33.9139957 Ha =    -922.8557822 eV
   (n=3, L=0) 4s2        -9.5774469 Ha =    -260.6181343 eV
   (n=2, L=1) 4p6        -7.6131081 Ha =    -207.1652335 eV
   (n=1, L=2) 4d10       -4.1542277 Ha =    -113.0433904 eV
   (n=4, L=0) 5s2        -1.2961056 Ha =     -35.2691720 eV
   (n=3, L=1) 5p6        -0.7780464 Ha =     -21.1719259 eV
   (n=0, L=3) 4f3        -0.1551386 Ha =      -4.2215760 eV
   (n=5, L=0) 6s2        -0.1244649 Ha =      -3.3868954 eV
===================================================================


==========================================================
     E N E R G Y 
----------------------------------------------------------
	 Etot   =   -8917.6643688 Ha =   -242664.3616 eV
	 Ekin   =    8913.5011274 Ha =    242551.0730 eV
	 Ecoul  =    3508.2131463 Ha =     95464.2683 eV
	 Eenucl =  -21136.9652076 Ha =   -575171.6993 eV
	 Eexch  =    -196.6751694 Ha =     -5351.8559 eV
	 Ecorr  =      -5.7382655 Ha =      -156.1477 eV
	 Exc    =    -202.4134349 Ha =     -5508.0035 eV
==========================================================


C A L C U L A T I O N   T I M E :   58  [s]
