===============================================================================
 RRRR   AAA  TTTTT  OOO   M   M      Zbigniew Romanowski          
 R   R A   A  TTT  O   O  MM MM                                   
 RRRR  AAAAA   T   O   O  M M M      VERSION   1.4.1              
 R  R  A   A   T   O   O  M   M                                   
 R   R A   A   T    OOO   M   M      compilation date: Apr 20 2011         
===============================================================================


  C A L C U L A T I O N   D A T E   Wed Apr 20 13:20:30 2011



*************************************
*                                   *
*      I N P U T   P A R A M S      *
*                                   *
*************************************
Atom_Proton                      63

Atom_Rc                          40

Out_EigNode                      10

Out_RhoNode                      10

Rho0_Alpha                       0.0

Rho0_Default                     Yes

Rho0_c                           0.0

Rho_Deg                          8

Rho_Delta                        1E-9

Scf_Diff                         1E-9

Scf_MaxIter                      100

Scf_Mix                          0.3

Solver_EigAbsMaxCoef             1E-4

Solver_EigAbsTol                 1E-14

Solver_EigAdapt                  Yes

Solver_EigDeg                    6

Solver_EigNode                   4

Solver_PsnAbsMaxCoef             1E-4

Solver_PsnAdapt                  Yes

Solver_PsnDeg                    6

Solver_PsnNode                   4

XC_Corr                          vwn

XC_Exch                          slater



===================================================================
     E I G E N V A L U E S
-------------------------------------------------------------------
           State          Value [Ha]           Value [eV]
-------------------------------------------------------------------
   (n=0, L=0) 1s2     -1672.3093222 Ha =  -45506.2959676 eV
   (n=1, L=0) 2s2      -265.1995346 Ha =   -7216.5169147 eV
   (n=0, L=1) 2p6      -252.1766974 Ha =   -6862.1440287 eV
   (n=2, L=0) 3s2       -58.0681281 Ha =   -1580.1295779 eV
   (n=1, L=1) 3p6       -52.2819874 Ha =   -1422.6791417 eV
   (n=0, L=2) 3d10      -41.4655176 Ha =   -1128.3451527 eV
   (n=3, L=0) 4s2       -11.2677475 Ha =    -306.6140016 eV
   (n=2, L=1) 4p6        -9.0254553 Ha =    -245.5975310 eV
   (n=1, L=2) 4d10       -5.0324199 Ha =    -136.9404477 eV
   (n=4, L=0) 5s2        -1.4440873 Ha =     -39.2959976 eV
   (n=3, L=1) 5p6        -0.8535753 Ha =     -23.2271936 eV
   (n=0, L=3) 4f7        -0.2327732 Ha =      -6.3341434 eV
   (n=5, L=0) 6s2        -0.1294265 Ha =      -3.5219076 eV
===================================================================


==========================================================
     E N E R G Y 
----------------------------------------------------------
	 Etot   =  -10419.7107748 Ha =   -283537.5227 eV
	 Ekin   =   10415.1681609 Ha =    283413.9107 eV
	 Ecoul  =    4124.1898560 Ha =    112226.0109 eV
	 Eenucl =  -24732.6742181 Ha =   -673016.8744 eV
	 Eexch  =    -220.1589241 Ha =     -5990.8876 eV
	 Ecorr  =      -6.2356495 Ha =      -169.6823 eV
	 Exc    =    -226.3945736 Ha =     -6160.5699 eV
==========================================================


C A L C U L A T I O N   T I M E :   72  [s]
