===============================================================================
 RRRR   AAA  TTTTT  OOO   M   M      Zbigniew Romanowski          
 R   R A   A  TTT  O   O  MM MM                                   
 RRRR  AAAAA   T   O   O  M M M      VERSION   1.4.1              
 R  R  A   A   T   O   O  M   M                                   
 R   R A   A   T    OOO   M   M      compilation date: Apr 20 2011         
===============================================================================


  C A L C U L A T I O N   D A T E   Wed Apr 20 13:13:31 2011



*************************************
*                                   *
*      I N P U T   P A R A M S      *
*                                   *
*************************************
Atom_Proton                      56

Atom_Rc                          30

Out_EigNode                      10

Out_RhoNode                      10

Rho0_Alpha                       0.0

Rho0_Default                     Yes

Rho0_c                           0.0

Rho_Deg                          8

Rho_Delta                        1E-9

Scf_Diff                         1E-9

Scf_MaxIter                      100

Scf_Mix                          0.3

Solver_EigAbsMaxCoef             1E-4

Solver_EigAbsTol                 1E-14

Solver_EigAdapt                  Yes

Solver_EigDeg                    6

Solver_EigNode                   4

Solver_PsnAbsMaxCoef             1E-4

Solver_PsnAdapt                  Yes

Solver_PsnDeg                    6

Solver_PsnNode                   4

XC_Corr                          vwn

XC_Exch                          slater



===================================================================
     E I G E N V A L U E S
-------------------------------------------------------------------
           State          Value [Ha]           Value [eV]
-------------------------------------------------------------------
   (n=0, L=0) 1s2     -1305.7432581 Ha =  -35531.4285291 eV
   (n=1, L=0) 2s2      -200.8444439 Ha =   -5465.3087107 eV
   (n=0, L=1) 2p6      -189.5984827 Ha =   -5159.2875520 eV
   (n=2, L=0) 3s2       -42.3594344 Ha =   -1152.6701019 eV
   (n=1, L=1) 3p6       -37.5369307 Ha =   -1021.4418197 eV
   (n=0, L=2) 3d10      -28.5289333 Ha =    -776.3193474 eV
   (n=3, L=0) 4s2        -8.2570608 Ha =    -224.6882484 eV
   (n=2, L=1) 4p6        -6.4976225 Ha =    -176.8110306 eV
   (n=1, L=2) 4d10       -3.4324415 Ha =     -93.4023961 eV
   (n=4, L=0) 5s2        -1.1571590 Ha =     -31.4882044 eV
   (n=3, L=1) 5p6        -0.6986050 Ha =     -19.0101957 eV
   (n=5, L=0) 6s2        -0.1189670 Ha =      -3.2372892 eV
===================================================================


==========================================================
     E N E R G Y 
----------------------------------------------------------
	 Etot   =   -7880.1115780 Ha =   -214430.8382 eV
	 Ekin   =    7876.2201332 Ha =    214324.9456 eV
	 Ecoul  =    3098.1145850 Ha =     84304.8097 eV
	 Eenucl =  -18668.8531119 Ha =   -508010.2968 eV
	 Eexch  =    -180.2142546 Ha =     -4903.9272 eV
	 Ecorr  =      -5.3789297 Ha =      -146.3696 eV
	 Exc    =    -185.5931843 Ha =     -5050.2968 eV
==========================================================


C A L C U L A T I O N   T I M E :   51  [s]
