===============================================================================
 RRRR   AAA  TTTTT  OOO   M   M      Zbigniew Romanowski          
 R   R A   A  TTT  O   O  MM MM                                   
 RRRR  AAAAA   T   O   O  M M M      VERSION   1.4.1              
 R  R  A   A   T   O   O  M   M                                   
 R   R A   A   T    OOO   M   M      compilation date: Apr 20 2011         
===============================================================================


  C A L C U L A T I O N   D A T E   Wed Apr 20 13:00:47 2011



*************************************
*                                   *
*      I N P U T   P A R A M S      *
*                                   *
*************************************
Atom_Proton                      34

Atom_Rc                          30

Out_EigNode                      10

Out_RhoNode                      10

Rho0_Alpha                       0.0

Rho0_Default                     Yes

Rho0_c                           0.0

Rho_Deg                          8

Rho_Delta                        1E-9

Scf_Diff                         1E-9

Scf_MaxIter                      100

Scf_Mix                          0.3

Solver_EigAbsMaxCoef             1E-4

Solver_EigAbsTol                 1E-14

Solver_EigAdapt                  Yes

Solver_EigDeg                    6

Solver_EigNode                   4

Solver_PsnAbsMaxCoef             1E-4

Solver_PsnAdapt                  Yes

Solver_PsnDeg                    6

Solver_PsnNode                   4

XC_Corr                          vwn

XC_Exch                          slater



===================================================================
     E I G E N V A L U E S
-------------------------------------------------------------------
           State          Value [Ha]           Value [eV]
-------------------------------------------------------------------
   (n=0, L=0) 1s2      -451.3002575 Ha =  -12280.6246515 eV
   (n=1, L=0) 2s2       -57.3119484 Ha =   -1559.5526807 eV
   (n=0, L=1) 2p6       -51.5143879 Ha =   -1401.7914939 eV
   (n=2, L=0) 3s2        -7.5471859 Ha =    -205.3713820 eV
   (n=1, L=1) 3p6        -5.5535170 Ha =    -151.1203614 eV
   (n=0, L=2) 3d10       -2.0113922 Ha =     -54.7333006 eV
   (n=3, L=0) 4s2        -0.6212477 Ha =     -16.9051737 eV
   (n=2, L=1) 4p4        -0.2458065 Ha =      -6.6888009 eV
===================================================================


==========================================================
     E N E R G Y 
----------------------------------------------------------
	 Etot   =   -2398.1114400 Ha =    -65256.5692 eV
	 Ekin   =    2395.9343067 Ha =     65197.3258 eV
	 Ecoul  =    1028.1927181 Ha =     27978.8204 eV
	 Eenucl =   -5738.6199272 Ha =   -156157.3169 eV
	 Eexch  =     -80.5495192 Ha =     -2191.8853 eV
	 Ecorr  =      -3.0690184 Ha =       -83.5131 eV
	 Exc    =     -83.6185375 Ha =     -2275.3984 eV
==========================================================


C A L C U L A T I O N   T I M E :   25  [s]
