===============================================================================
 RRRR   AAA  TTTTT  OOO   M   M      Zbigniew Romanowski          
 R   R A   A  TTT  O   O  MM MM                                   
 RRRR  AAAAA   T   O   O  M M M      VERSION   1.4.1              
 R  R  A   A   T   O   O  M   M                                   
 R   R A   A   T    OOO   M   M      compilation date: Apr 20 2011         
===============================================================================


  C A L C U L A T I O N   D A T E   Wed Apr 20 13:05:49 2011



*************************************
*                                   *
*      I N P U T   P A R A M S      *
*                                   *
*************************************
Atom_Proton                      44

Atom_Rc                          30

Out_EigNode                      10

Out_RhoNode                      10

Rho0_Alpha                       0.0

Rho0_Default                     Yes

Rho0_c                           0.0

Rho_Deg                          8

Rho_Delta                        1E-9

Scf_Diff                         1E-9

Scf_MaxIter                      100

Scf_Mix                          0.3

Solver_EigAbsMaxCoef             1E-4

Solver_EigAbsTol                 1E-14

Solver_EigAdapt                  Yes

Solver_EigDeg                    6

Solver_EigNode                   4

Solver_PsnAbsMaxCoef             1E-4

Solver_PsnAdapt                  Yes

Solver_PsnDeg                    6

Solver_PsnNode                   4

XC_Corr                          vwn

XC_Exch                          slater



===================================================================
     E I G E N V A L U E S
-------------------------------------------------------------------
           State          Value [Ha]           Value [eV]
-------------------------------------------------------------------
   (n=0, L=0) 1s2      -782.9186210 Ha =  -21304.5074923 eV
   (n=1, L=0) 2s2      -110.5360539 Ha =   -3007.8684103 eV
   (n=0, L=1) 2p6      -102.3336490 Ha =   -2784.6674406 eV
   (n=2, L=0) 3s2       -19.3666918 Ha =    -526.9996379 eV
   (n=1, L=1) 3p6       -16.1452175 Ha =    -439.3380082 eV
   (n=0, L=2) 3d10      -10.1956684 Ha =    -277.4409597 eV
   (n=3, L=0) 4s2        -2.6283628 Ha =     -71.5220897 eV
   (n=2, L=1) 4p6        -1.6675494 Ha =     -45.3767697 eV
   (n=1, L=2) 4d7        -0.2103754 Ha =      -5.7246620 eV
   (n=4, L=0) 5s1        -0.1528339 Ha =      -4.1588633 eV
===================================================================


==========================================================
     E N E R G Y 
----------------------------------------------------------
	 Etot   =   -4438.9812284 Ha =   -120792.0035 eV
	 Ekin   =    4436.0310462 Ha =    120711.7242 eV
	 Ecoul  =    1824.8009198 Ha =     49655.8439 eV
	 Eenucl =  -10573.3236385 Ha =   -287717.5822 eV
	 Eexch  =    -122.3741817 Ha =     -3330.0034 eV
	 Ecorr  =      -4.1153740 Ha =      -111.9861 eV
	 Exc    =    -126.4895558 Ha =     -3441.9895 eV
==========================================================


C A L C U L A T I O N   T I M E :   33  [s]
