===============================================================================
 RRRR   AAA  TTTTT  OOO   M   M      Zbigniew Romanowski          
 R   R A   A  TTT  O   O  MM MM                                   
 RRRR  AAAAA   T   O   O  M M M      VERSION   1.4.1              
 R  R  A   A   T   O   O  M   M                                   
 R   R A   A   T    OOO   M   M      compilation date: Apr 20 2011         
===============================================================================


  C A L C U L A T I O N   D A T E   Wed Apr 20 13:14:22 2011



*************************************
*                                   *
*      I N P U T   P A R A M S      *
*                                   *
*************************************
Atom_Proton                      57

Atom_Rc                          40

Out_EigNode                      10

Out_RhoNode                      10

Rho0_Alpha                       0.0

Rho0_Default                     Yes

Rho0_c                           0.0

Rho_Deg                          8

Rho_Delta                        1E-9

Scf_Diff                         1E-9

Scf_MaxIter                      100

Scf_Mix                          0.3

Solver_EigAbsMaxCoef             1E-4

Solver_EigAbsTol                 1E-14

Solver_EigAdapt                  Yes

Solver_EigDeg                    6

Solver_EigNode                   4

Solver_PsnAbsMaxCoef             1E-4

Solver_PsnAdapt                  Yes

Solver_PsnDeg                    6

Solver_PsnNode                   4

XC_Corr                          vwn

XC_Exch                          slater



===================================================================
     E I G E N V A L U E S
-------------------------------------------------------------------
           State          Value [Ha]           Value [eV]
-------------------------------------------------------------------
   (n=0, L=0) 1s2     -1355.6224461 Ha =  -36888.7235354 eV
   (n=1, L=0) 2s2      -209.8311510 Ha =   -5709.8518413 eV
   (n=0, L=1) 2p6      -198.3252434 Ha =   -5396.7571090 eV
   (n=2, L=0) 3s2       -44.8562835 Ha =   -1220.6134858 eV
   (n=1, L=1) 3p6       -39.8958384 Ha =   -1085.6315899 eV
   (n=0, L=2) 3d10      -30.6266963 Ha =    -833.4029412 eV
   (n=3, L=0) 4s2        -9.0005428 Ha =    -244.9196195 eV
   (n=2, L=1) 4p6        -7.1677239 Ha =    -195.0455930 eV
   (n=1, L=2) 4d10       -3.9580102 Ha =    -107.7039873 eV
   (n=4, L=0) 5s2        -1.3249359 Ha =     -36.0536919 eV
   (n=3, L=1) 5p6        -0.8244977 Ha =     -22.4359419 eV
   (n=2, L=2) 5d1        -0.1410852 Ha =      -3.8391623 eV
   (n=5, L=0) 6s2        -0.1322333 Ha =      -3.5982861 eV
===================================================================


==========================================================
     E N E R G Y 
----------------------------------------------------------
	 Etot   =   -8217.5752299 Ha =   -223613.7810 eV
	 Ekin   =    8213.6073760 Ha =    223505.8092 eV
	 Ecoul  =    3215.0181089 Ha =     87485.9475 eV
	 Eenucl =  -19455.4947595 Ha =   -529416.1140 eV
	 Eexch  =    -185.2234703 Ha =     -5040.2362 eV
	 Ecorr  =      -5.4824851 Ha =      -149.1875 eV
	 Exc    =    -190.7059553 Ha =     -5189.4237 eV
==========================================================


C A L C U L A T I O N   T I M E :   69  [s]
