===============================================================================
 RRRR   AAA  TTTTT  OOO   M   M      Zbigniew Romanowski          
 R   R A   A  TTT  O   O  MM MM                                   
 RRRR  AAAAA   T   O   O  M M M      VERSION   1.4.1              
 R  R  A   A   T   O   O  M   M                                   
 R   R A   A   T    OOO   M   M      compilation date: Apr 20 2011         
===============================================================================


  C A L C U L A T I O N   D A T E   Wed Apr 20 13:47:44 2011



*************************************
*                                   *
*      I N P U T   P A R A M S      *
*                                   *
*************************************
Atom_Proton                      85

Atom_Rc                          110

Out_EigNode                      10

Out_RhoNode                      10

Rho0_Alpha                       0.0

Rho0_Default                     Yes

Rho0_c                           0.0

Rho_Deg                          8

Rho_Delta                        1E-9

Scf_Diff                         1E-9

Scf_MaxIter                      100

Scf_Mix                          0.3

Solver_EigAbsMaxCoef             1E-4

Solver_EigAbsTol                 1E-14

Solver_EigAdapt                  Yes

Solver_EigDeg                    6

Solver_EigNode                   4

Solver_PsnAbsMaxCoef             1E-4

Solver_PsnAdapt                  Yes

Solver_PsnDeg                    6

Solver_PsnNode                   4

XC_Corr                          vwn

XC_Exch                          slater



===================================================================
     E I G E N V A L U E S
-------------------------------------------------------------------
           State          Value [Ha]           Value [eV]
-------------------------------------------------------------------
   (n=0, L=0) 1s2     -3127.3902750 Ha =  -85101.4495769 eV
   (n=1, L=0) 2s2      -531.8183500 Ha =  -14471.6548050 eV
   (n=0, L=1) 2p6      -513.0442427 Ha =  -13960.7803682 eV
   (n=2, L=0) 3s2      -129.0355423 Ha =   -3511.2700142 eV
   (n=1, L=1) 3p6      -119.9950130 Ha =   -3265.2622965 eV
   (n=0, L=2) 3d10     -103.0603748 Ha =   -2804.4428481 eV
   (n=3, L=0) 4s2       -29.8095148 Ha =    -811.1660845 eV
   (n=2, L=1) 4p6       -25.7782641 Ha =    -701.4691007 eV
   (n=1, L=2) 4d10      -18.2951622 Ha =    -497.8415518 eV
   (n=4, L=0) 5s2        -5.4533835 Ha =    -148.3955642 eV
   (n=3, L=1) 5p6        -4.0270613 Ha =    -109.5829829 eV
   (n=0, L=3) 4f14       -8.0634826 Ha =    -219.4206669 eV
   (n=2, L=2) 5d10       -1.6437578 Ha =     -44.7293617 eV
   (n=5, L=0) 6s2        -0.5601888 Ha =     -15.2436608 eV
   (n=4, L=1) 6p5        -0.2554534 Ha =      -6.9513090 eV
===================================================================


==========================================================
     E N E R G Y 
----------------------------------------------------------
	 Etot   =  -21261.5552150 Ha =   -578561.9990 eV
	 Ekin   =   21254.9683440 Ha =    578382.7593 eV
	 Ecoul  =    8414.9565469 Ha =    228984.8523 eV
	 Eenucl =  -50556.6063350 Ha =  -1375728.6768 eV
	 Eexch  =    -365.9622881 Ha =     -9958.4377 eV
	 Ecorr  =      -8.9114828 Ha =      -242.4962 eV
	 Exc    =    -374.8737709 Ha =    -10200.9338 eV
==========================================================


C A L C U L A T I O N   T I M E :   90  [s]
