===============================================================================
 RRRR   AAA  TTTTT  OOO   M   M      Zbigniew Romanowski          
 R   R A   A  TTT  O   O  MM MM                                   
 RRRR  AAAAA   T   O   O  M M M      VERSION   1.4.1              
 R  R  A   A   T   O   O  M   M                                   
 R   R A   A   T    OOO   M   M      compilation date: Apr 20 2011         
===============================================================================


  C A L C U L A T I O N   D A T E   Wed Apr 20 12:53:15 2011



*************************************
*                                   *
*      I N P U T   P A R A M S      *
*                                   *
*************************************
Atom_Proton                      3

Atom_Rc                          30

Out_EigNode                      10

Out_RhoNode                      10

Rho0_Alpha                       0.0

Rho0_Default                     Yes

Rho0_c                           0.0

Rho_Deg                          8

Rho_Delta                        1E-9

Scf_Diff                         1E-9

Scf_MaxIter                      100

Scf_Mix                          0.3

Solver_EigAbsMaxCoef             1E-4

Solver_EigAbsTol                 1E-14

Solver_EigAdapt                  Yes

Solver_EigDeg                    6

Solver_EigNode                   4

Solver_PsnAbsMaxCoef             1E-4

Solver_PsnAdapt                  Yes

Solver_PsnDeg                    6

Solver_PsnNode                   4

XC_Corr                          vwn

XC_Exch                          slater



===================================================================
     E I G E N V A L U E S
-------------------------------------------------------------------
           State          Value [Ha]           Value [eV]
-------------------------------------------------------------------
   (n=0, L=0) 1s2        -1.8785638 Ha =     -51.1188196 eV
   (n=1, L=0) 2s1        -0.1055397 Ha =      -2.8719083 eV
===================================================================


==========================================================
     E N E R G Y 
----------------------------------------------------------
	 Etot   =      -7.3351952 Ha =      -199.6028 eV
	 Ekin   =       7.2374840 Ha =       196.9439 eV
	 Ecoul  =       3.9907552 Ha =       108.5950 eV
	 Eenucl =     -16.9110414 Ha =      -460.1773 eV
	 Eexch  =      -1.4915907 Ha =       -40.5886 eV
	 Ecorr  =      -0.1608023 Ha =        -4.3757 eV
	 Exc    =      -1.6523930 Ha =       -44.9643 eV
==========================================================


C A L C U L A T I O N   T I M E :   4  [s]
