===============================================================================
 RRRR   AAA  TTTTT  OOO   M   M      Zbigniew Romanowski          
 R   R A   A  TTT  O   O  MM MM                                   
 RRRR  AAAAA   T   O   O  M M M      VERSION   1.4.1              
 R  R  A   A   T   O   O  M   M                                   
 R   R A   A   T    OOO   M   M      compilation date: Apr 20 2011         
===============================================================================


  C A L C U L A T I O N   D A T E   Wed Apr 20 13:49:14 2011



*************************************
*                                   *
*      I N P U T   P A R A M S      *
*                                   *
*************************************
Atom_Proton                      86

Atom_Rc                          110

Out_EigNode                      10

Out_RhoNode                      10

Rho0_Alpha                       0.0

Rho0_Default                     Yes

Rho0_c                           0.0

Rho_Deg                          8

Rho_Delta                        1E-9

Scf_Diff                         1E-9

Scf_MaxIter                      100

Scf_Mix                          0.3

Solver_EigAbsMaxCoef             1E-4

Solver_EigAbsTol                 1E-14

Solver_EigAdapt                  Yes

Solver_EigDeg                    6

Solver_EigNode                   4

Solver_PsnAbsMaxCoef             1E-4

Solver_PsnAdapt                  Yes

Solver_PsnDeg                    6

Solver_PsnNode                   4

XC_Corr                          vwn

XC_Exch                          slater



===================================================================
     E I G E N V A L U E S
-------------------------------------------------------------------
           State          Value [Ha]           Value [eV]
-------------------------------------------------------------------
   (n=0, L=0) 1s2     -3204.7562874 Ha =  -87206.7064287 eV
   (n=1, L=0) 2s2      -546.5779603 Ha =  -14873.2881528 eV
   (n=0, L=1) 2p6      -527.5330246 Ha =  -14355.0440301 eV
   (n=2, L=0) 3s2      -133.3691446 Ha =   -3629.1944833 eV
   (n=1, L=1) 3p6      -124.1728623 Ha =   -3378.9484693 eV
   (n=0, L=2) 3d10     -106.9450064 Ha =   -2910.1500838 eV
   (n=3, L=0) 4s2       -31.2308036 Ha =    -849.8416956 eV
   (n=2, L=1) 4p6       -27.1089852 Ha =    -737.6802173 eV
   (n=1, L=2) 4d10      -19.4499944 Ha =    -529.2664408 eV
   (n=4, L=0) 5s2        -5.8896827 Ha =    -160.2679832 eV
   (n=3, L=1) 5p6        -4.4087025 Ha =    -119.9680705 eV
   (n=0, L=3) 4f14       -8.9533182 Ha =    -243.6345614 eV
   (n=2, L=2) 5d10       -1.9113294 Ha =     -52.0104266 eV
   (n=5, L=0) 6s2        -0.6265705 Ha =     -17.0500167 eV
   (n=4, L=1) 6p6        -0.2931798 Ha =      -7.9779061 eV
===================================================================


==========================================================
     E N E R G Y 
----------------------------------------------------------
	 Etot   =  -21861.3468692 Ha =   -594883.3195 eV
	 Ekin   =   21854.6726956 Ha =    594701.7043 eV
	 Ecoul  =    8632.0160374 Ha =    234891.3992 eV
	 Eenucl =  -51966.1203771 Ha =  -1414083.8796 eV
	 Eexch  =    -372.8883063 Ha =    -10146.9061 eV
	 Ecorr  =      -9.0269188 Ha =      -245.6374 eV
	 Exc    =    -381.9152251 Ha =    -10392.5434 eV
==========================================================


C A L C U L A T I O N   T I M E :   97  [s]
