===============================================================================
 RRRR   AAA  TTTTT  OOO   M   M      Zbigniew Romanowski          
 R   R A   A  TTT  O   O  MM MM                                   
 RRRR  AAAAA   T   O   O  M M M      VERSION   1.4.1              
 R  R  A   A   T   O   O  M   M                                   
 R   R A   A   T    OOO   M   M      compilation date: Apr 20 2011         
===============================================================================


  C A L C U L A T I O N   D A T E   Wed Apr 20 13:06:57 2011



*************************************
*                                   *
*      I N P U T   P A R A M S      *
*                                   *
*************************************
Atom_Proton                      46

Atom_Rc                          30

Out_EigNode                      10

Out_RhoNode                      10

Rho0_Alpha                       0.0

Rho0_Default                     Yes

Rho0_c                           0.0

Rho_Deg                          8

Rho_Delta                        1E-9

Scf_Diff                         1E-9

Scf_MaxIter                      100

Scf_Mix                          0.3

Solver_EigAbsMaxCoef             1E-4

Solver_EigAbsTol                 1E-14

Solver_EigAdapt                  Yes

Solver_EigDeg                    6

Solver_EigNode                   4

Solver_PsnAbsMaxCoef             1E-4

Solver_PsnAdapt                  Yes

Solver_PsnDeg                    6

Solver_PsnNode                   4

XC_Corr                          vwn

XC_Exch                          slater



===================================================================
     E I G E N V A L U E S
-------------------------------------------------------------------
           State          Value [Ha]           Value [eV]
-------------------------------------------------------------------
   (n=0, L=0) 1s2      -860.1349093 Ha =  -23405.6901038 eV
   (n=1, L=0) 2s2      -123.1050780 Ha =   -3349.8922949 eV
   (n=0, L=1) 2p6      -114.4082864 Ha =   -3113.2382463 eV
   (n=2, L=0) 3s2       -22.0608983 Ha =    -600.3134434 eV
   (n=1, L=1) 3p6       -18.5807977 Ha =    -505.6141642 eV
   (n=0, L=2) 3d10      -12.1321970 Ha =    -330.1370979 eV
   (n=3, L=0) 4s2        -2.8891734 Ha =     -78.6191743 eV
   (n=2, L=1) 4p6        -1.8152147 Ha =     -49.3949861 eV
   (n=1, L=2) 4d10       -0.1607709 Ha =      -4.3748417 eV
===================================================================


==========================================================
     E N E R G Y 
----------------------------------------------------------
	 Etot   =   -4935.3684058 Ha =   -134299.5177 eV
	 Ekin   =    4932.2345091 Ha =    134214.2392 eV
	 Ecoul  =    2031.6458380 Ha =     55284.4355 eV
	 Eenucl =  -11762.8757981 Ha =   -320087.2592 eV
	 Eexch  =    -132.0128366 Ha =     -3592.2871 eV
	 Ecorr  =      -4.3601182 Ha =      -118.6460 eV
	 Exc    =    -136.3729548 Ha =     -3710.9331 eV
==========================================================


C A L C U L A T I O N   T I M E :   27  [s]
