===============================================================================
 RRRR   AAA  TTTTT  OOO   M   M      Zbigniew Romanowski          
 R   R A   A  TTT  O   O  MM MM                                   
 RRRR  AAAAA   T   O   O  M M M      VERSION   1.4.1              
 R  R  A   A   T   O   O  M   M                                   
 R   R A   A   T    OOO   M   M      compilation date: Apr 20 2011         
===============================================================================


  C A L C U L A T I O N   D A T E   Wed Apr 20 12:56:00 2011



*************************************
*                                   *
*      I N P U T   P A R A M S      *
*                                   *
*************************************
Atom_Proton                      20

Atom_Rc                          30

Out_EigNode                      10

Out_RhoNode                      10

Rho0_Alpha                       0.0

Rho0_Default                     Yes

Rho0_c                           0.0

Rho_Deg                          8

Rho_Delta                        1E-9

Scf_Diff                         1E-9

Scf_MaxIter                      100

Scf_Mix                          0.3

Solver_EigAbsMaxCoef             1E-4

Solver_EigAbsTol                 1E-14

Solver_EigAdapt                  Yes

Solver_EigDeg                    6

Solver_EigNode                   4

Solver_PsnAbsMaxCoef             1E-4

Solver_PsnAdapt                  Yes

Solver_PsnDeg                    6

Solver_PsnNode                   4

XC_Corr                          vwn

XC_Exch                          slater



===================================================================
     E I G E N V A L U E S
-------------------------------------------------------------------
           State          Value [Ha]           Value [eV]
-------------------------------------------------------------------
   (n=0, L=0) 1s2      -143.9351808 Ha =   -3916.7137630 eV
   (n=1, L=0) 2s2       -15.0469055 Ha =    -409.4511270 eV
   (n=0, L=1) 2p6       -12.2853764 Ha =    -334.3053623 eV
   (n=2, L=0) 3s2        -1.7063308 Ha =     -46.4320765 eV
   (n=1, L=1) 3p6        -1.0305725 Ha =     -28.0435789 eV
   (n=3, L=0) 4s2        -0.1414105 Ha =      -3.8480140 eV
===================================================================


==========================================================
     E N E R G Y 
----------------------------------------------------------
	 Etot   =    -675.7422827 Ha =    -18388.0625 eV
	 Ekin   =     674.6573329 Ha =     18358.5392 eV
	 Ecoul  =     285.2061303 Ha =      7760.9294 eV
	 Eenucl =   -1601.4632079 Ha =    -43578.4563 eV
	 Eexch  =     -32.5593210 Ha =      -885.9928 eV
	 Ecorr  =      -1.5832170 Ha =       -43.0819 eV
	 Exc    =     -34.1425380 Ha =      -929.0748 eV
==========================================================


C A L C U L A T I O N   T I M E :   16  [s]
