===============================================================================
 RRRR   AAA  TTTTT  OOO   M   M      Zbigniew Romanowski          
 R   R A   A  TTT  O   O  MM MM                                   
 RRRR  AAAAA   T   O   O  M M M      VERSION   1.4.1              
 R  R  A   A   T   O   O  M   M                                   
 R   R A   A   T    OOO   M   M      compilation date: Apr 20 2011         
===============================================================================


  C A L C U L A T I O N   D A T E   Wed Apr 20 13:35:57 2011



*************************************
*                                   *
*      I N P U T   P A R A M S      *
*                                   *
*************************************
Atom_Proton                      76

Atom_Rc                          50

Out_EigNode                      10

Out_RhoNode                      10

Rho0_Alpha                       0.0

Rho0_Default                     Yes

Rho0_c                           0.0

Rho_Deg                          8

Rho_Delta                        1E-9

Scf_Diff                         1E-9

Scf_MaxIter                      100

Scf_Mix                          0.3

Solver_EigAbsMaxCoef             1E-4

Solver_EigAbsTol                 1E-14

Solver_EigAdapt                  Yes

Solver_EigDeg                    6

Solver_EigNode                   4

Solver_PsnAbsMaxCoef             1E-4

Solver_PsnAdapt                  Yes

Solver_PsnDeg                    6

Solver_PsnNode                   4

XC_Corr                          vwn

XC_Exch                          slater



===================================================================
     E I G E N V A L U E S
-------------------------------------------------------------------
           State          Value [Ha]           Value [eV]
-------------------------------------------------------------------
   (n=0, L=0) 1s2     -2475.2386165 Ha =  -67355.3268982 eV
   (n=1, L=0) 2s2      -409.5223964 Ha =  -11143.7801174 eV
   (n=0, L=1) 2p6      -393.1540803 Ha =  -10698.3712300 eV
   (n=2, L=0) 3s2       -94.5013240 Ha =   -2571.5369530 eV
   (n=1, L=1) 3p6       -86.8370470 Ha =   -2362.9793300 eV
   (n=0, L=2) 3d10      -72.4971831 Ha =   -1972.7679727 eV
   (n=3, L=0) 4s2       -19.3625275 Ha =    -526.8863216 eV
   (n=2, L=1) 4p6       -16.1196710 Ha =    -438.6428460 eV
   (n=1, L=2) 4d10      -10.1760823 Ha =    -276.9079899 eV
   (n=4, L=0) 5s2        -2.7382927 Ha =     -74.5134622 eV
   (n=3, L=1) 5p6        -1.7574043 Ha =     -47.8218710 eV
   (n=0, L=3) 4f14       -2.3211750 Ha =     -63.1630005 eV
   (n=2, L=2) 5d6        -0.2967908 Ha =      -8.0761676 eV
   (n=5, L=0) 6s2        -0.1914888 Ha =      -5.2107275 eV
===================================================================


==========================================================
     E N E R G Y 
----------------------------------------------------------
	 Etot   =  -16286.2954085 Ha =   -443176.9705 eV
	 Ekin   =   16280.5100182 Ha =    443019.5404 eV
	 Ecoul  =    6537.1734158 Ha =    177887.2750 eV
	 Eenucl =  -38791.5743766 Ha =  -1055582.7449 eV
	 Eexch  =    -304.5463047 Ha =     -8287.2075 eV
	 Ecorr  =      -7.8581613 Ha =      -213.8335 eV
	 Exc    =    -312.4044660 Ha =     -8501.0410 eV
==========================================================


C A L C U L A T I O N   T I M E :   58  [s]
