===============================================================================
 RRRR   AAA  TTTTT  OOO   M   M      Zbigniew Romanowski          
 R   R A   A  TTT  O   O  MM MM                                   
 RRRR  AAAAA   T   O   O  M M M      VERSION   1.4.1              
 R  R  A   A   T   O   O  M   M                                   
 R   R A   A   T    OOO   M   M      compilation date: Apr 20 2011         
===============================================================================


  C A L C U L A T I O N   D A T E   Wed Apr 20 12:53:29 2011



*************************************
*                                   *
*      I N P U T   P A R A M S      *
*                                   *
*************************************
Atom_Proton                      6

Atom_Rc                          30

Out_EigNode                      10

Out_RhoNode                      10

Rho0_Alpha                       0.0

Rho0_Default                     Yes

Rho0_c                           0.0

Rho_Deg                          8

Rho_Delta                        1E-9

Scf_Diff                         1E-9

Scf_MaxIter                      100

Scf_Mix                          0.3

Solver_EigAbsMaxCoef             1E-4

Solver_EigAbsTol                 1E-14

Solver_EigAdapt                  Yes

Solver_EigDeg                    6

Solver_EigNode                   4

Solver_PsnAbsMaxCoef             1E-4

Solver_PsnAdapt                  Yes

Solver_PsnDeg                    6

Solver_PsnNode                   4

XC_Corr                          vwn

XC_Exch                          slater



===================================================================
     E I G E N V A L U E S
-------------------------------------------------------------------
           State          Value [Ha]           Value [eV]
-------------------------------------------------------------------
   (n=0, L=0) 1s2        -9.9477182 Ha =    -270.6938266 eV
   (n=1, L=0) 2s2        -0.5008661 Ha =     -13.6293931 eV
   (n=0, L=1) 2p2        -0.1991857 Ha =      -5.4201720 eV
===================================================================


==========================================================
     E N E R G Y 
----------------------------------------------------------
	 Etot   =     -37.4257485 Ha =     -1018.4164 eV
	 Ekin   =      37.1903907 Ha =      1012.0119 eV
	 Ecoul  =      17.6279973 Ha =       479.6869 eV
	 Eenucl =     -87.5154123 Ha =     -2381.4388 eV
	 Eexch  =      -4.3558626 Ha =      -118.5302 eV
	 Ecorr  =      -0.3728617 Ha =       -10.1462 eV
	 Exc    =      -4.7287243 Ha =      -128.6764 eV
==========================================================


C A L C U L A T I O N   T I M E :   9  [s]
