===============================================================================
 RRRR   AAA  TTTTT  OOO   M   M      Zbigniew Romanowski          
 R   R A   A  TTT  O   O  MM MM                                   
 RRRR  AAAAA   T   O   O  M M M      VERSION   1.4.1              
 R  R  A   A   T   O   O  M   M                                   
 R   R A   A   T    OOO   M   M      compilation date: Apr 20 2011         
===============================================================================


  C A L C U L A T I O N   D A T E   Wed Apr 20 13:40:46 2011



*************************************
*                                   *
*      I N P U T   P A R A M S      *
*                                   *
*************************************
Atom_Proton                      80

Atom_Rc                          110

Out_EigNode                      10

Out_RhoNode                      10

Rho0_Alpha                       0.0

Rho0_Default                     Yes

Rho0_c                           0.0

Rho_Deg                          8

Rho_Delta                        1E-9

Scf_Diff                         1E-9

Scf_MaxIter                      100

Scf_Mix                          0.3

Solver_EigAbsMaxCoef             1E-4

Solver_EigAbsTol                 1E-14

Solver_EigAdapt                  Yes

Solver_EigDeg                    6

Solver_EigNode                   4

Solver_PsnAbsMaxCoef             1E-4

Solver_PsnAdapt                  Yes

Solver_PsnDeg                    6

Solver_PsnNode                   4

XC_Corr                          vwn

XC_Exch                          slater



===================================================================
     E I G E N V A L U E S
-------------------------------------------------------------------
           State          Value [Ha]           Value [eV]
-------------------------------------------------------------------
   (n=0, L=0) 1s2     -2755.0226370 Ha =  -74968.7117389 eV
   (n=1, L=0) 2s2      -461.2786403 Ha =  -12552.1529110 eV
   (n=0, L=1) 2p6      -443.8486763 Ha =  -12077.8548335 eV
   (n=2, L=0) 3s2      -108.5979207 Ha =   -2955.1286079 eV
   (n=1, L=1) 3p6      -100.3280309 Ha =   -2730.0912626 eV
   (n=0, L=2) 3d10      -84.8454918 Ha =   -2308.7858275 eV
   (n=3, L=0) 4s2       -23.2229209 Ha =    -631.9339951 eV
   (n=2, L=1) 4p6       -19.6361869 Ha =    -534.3330443 eV
   (n=1, L=2) 4d10      -13.0192214 Ha =    -354.2744961 eV
   (n=4, L=0) 5s2        -3.4234857 Ha =     -93.1586951 eV
   (n=3, L=1) 5p6        -2.2619746 Ha =     -61.5520619 eV
   (n=0, L=3) 4f14       -4.1102912 Ha =    -111.8478067 eV
   (n=2, L=2) 5d10       -0.4525516 Ha =     -12.3146766 eV
   (n=5, L=0) 6s2        -0.2051370 Ha =      -5.5821162 eV
===================================================================


==========================================================
     E N E R G Y 
----------------------------------------------------------
	 Etot   =  -18404.2742199 Ha =   -500810.6686 eV
	 Ekin   =   18398.1083816 Ha =    500642.8859 eV
	 Ecoul  =    7374.9949948 Ha =    200685.7826 eV
	 Eenucl =  -43837.0471724 Ha =  -1192878.3847 eV
	 Eexch  =    -331.9747332 Ha =     -9033.5802 eV
	 Ecorr  =      -8.3556907 Ha =      -227.3721 eV
	 Exc    =    -340.3304239 Ha =     -9260.9524 eV
==========================================================


C A L C U L A T I O N   T I M E :   75  [s]
