===============================================================================
 RRRR   AAA  TTTTT  OOO   M   M      Zbigniew Romanowski          
 R   R A   A  TTT  O   O  MM MM                                   
 RRRR  AAAAA   T   O   O  M M M      VERSION   1.4.1              
 R  R  A   A   T   O   O  M   M                                   
 R   R A   A   T    OOO   M   M      compilation date: Apr 20 2011         
===============================================================================


  C A L C U L A T I O N   D A T E   Wed Apr 20 13:18:36 2011



*************************************
*                                   *
*      I N P U T   P A R A M S      *
*                                   *
*************************************
Atom_Proton                      61

Atom_Rc                          40

Out_EigNode                      10

Out_RhoNode                      10

Rho0_Alpha                       0.0

Rho0_Default                     Yes

Rho0_c                           0.0

Rho_Deg                          8

Rho_Delta                        1E-9

Scf_Diff                         1E-9

Scf_MaxIter                      100

Scf_Mix                          0.3

Solver_EigAbsMaxCoef             1E-4

Solver_EigAbsTol                 1E-14

Solver_EigAdapt                  Yes

Solver_EigDeg                    6

Solver_EigNode                   4

Solver_PsnAbsMaxCoef             1E-4

Solver_PsnAdapt                  Yes

Solver_PsnDeg                    6

Solver_PsnNode                   4

XC_Corr                          vwn

XC_Exch                          slater



===================================================================
     E I G E N V A L U E S
-------------------------------------------------------------------
           State          Value [Ha]           Value [eV]
-------------------------------------------------------------------
   (n=0, L=0) 1s2     -1562.9802843 Ha =  -42531.2724541 eV
   (n=1, L=0) 2s2      -245.9705485 Ha =   -6693.2644754 eV
   (n=0, L=1) 2p6      -233.4551139 Ha =   -6352.6988514 eV
   (n=2, L=0) 3s2       -53.4293116 Ha =   -1453.8997267 eV
   (n=1, L=1) 3p6       -47.9211326 Ha =   -1304.0130868 eV
   (n=0, L=2) 3d10      -37.6254331 Ha =   -1023.8501174 eV
   (n=3, L=0) 4s2       -10.4227559 Ha =    -283.6203842 eV
   (n=2, L=1) 4p6        -8.3204949 Ha =    -226.4143959 eV
   (n=1, L=2) 4d10       -4.5968224 Ha =    -125.0871225 eV
   (n=4, L=0) 5s2        -1.3722655 Ha =     -37.3416072 eV
   (n=3, L=1) 5p6        -0.8177026 Ha =     -22.2510362 eV
   (n=0, L=3) 4f5        -0.2001593 Ha =      -5.4466661 eV
   (n=5, L=0) 6s2        -0.1270529 Ha =      -3.4573179 eV
===================================================================


==========================================================
     E N E R G Y 
----------------------------------------------------------
	 Etot   =   -9651.4841345 Ha =   -262632.8082 eV
	 Ekin   =    9647.1331357 Ha =    262514.4104 eV
	 Ecoul  =    3806.5165110 Ha =    103581.5950 eV
	 Eenucl =  -22890.9422937 Ha =   -622900.3099 eV
	 Eexch  =    -208.2065759 Ha =     -5665.6445 eV
	 Ecorr  =      -5.9849117 Ha =      -162.8593 eV
	 Exc    =    -214.1914875 Ha =     -5828.5038 eV
==========================================================


C A L C U L A T I O N   T I M E :   57  [s]
