===============================================================================
 RRRR   AAA  TTTTT  OOO   M   M      Zbigniew Romanowski          
 R   R A   A  TTT  O   O  MM MM                                   
 RRRR  AAAAA   T   O   O  M M M      VERSION   1.4.1              
 R  R  A   A   T   O   O  M   M                                   
 R   R A   A   T    OOO   M   M      compilation date: Apr 20 2011         
===============================================================================


  C A L C U L A T I O N   D A T E   Wed Apr 20 13:06:22 2011



*************************************
*                                   *
*      I N P U T   P A R A M S      *
*                                   *
*************************************
Atom_Proton                      45

Atom_Rc                          30

Out_EigNode                      10

Out_RhoNode                      10

Rho0_Alpha                       0.0

Rho0_Default                     Yes

Rho0_c                           0.0

Rho_Deg                          8

Rho_Delta                        1E-9

Scf_Diff                         1E-9

Scf_MaxIter                      100

Scf_Mix                          0.3

Solver_EigAbsMaxCoef             1E-4

Solver_EigAbsTol                 1E-14

Solver_EigAdapt                  Yes

Solver_EigDeg                    6

Solver_EigNode                   4

Solver_PsnAbsMaxCoef             1E-4

Solver_PsnAdapt                  Yes

Solver_PsnDeg                    6

Solver_PsnNode                   4

XC_Corr                          vwn

XC_Exch                          slater



===================================================================
     E I G E N V A L U E S
-------------------------------------------------------------------
           State          Value [Ha]           Value [eV]
-------------------------------------------------------------------
   (n=0, L=0) 1s2      -821.1367729 Ha =  -22344.4864675 eV
   (n=1, L=0) 2s2      -116.8069499 Ha =   -3178.5098382 eV
   (n=0, L=1) 2p6      -108.3576648 Ha =   -2948.5908484 eV
   (n=2, L=0) 3s2       -20.7656030 Ha =    -565.0663199 eV
   (n=1, L=1) 3p6       -17.4152992 Ha =    -473.8990278 eV
   (n=0, L=2) 3d10      -11.2172501 Ha =    -305.2398839 eV
   (n=3, L=0) 4s2        -2.8255047 Ha =     -76.8866443 eV
   (n=2, L=1) 4p6        -1.8064561 Ha =     -49.1566513 eV
   (n=1, L=2) 4d8        -0.2394225 Ha =      -6.5150815 eV
   (n=4, L=0) 5s1        -0.1546244 Ha =      -4.2075861 eV
===================================================================


==========================================================
     E N E R G Y 
----------------------------------------------------------
	 Etot   =   -4683.3010305 Ha =   -127440.3485 eV
	 Ekin   =    4680.2645719 Ha =    127357.7214 eV
	 Ecoul  =    1923.2615570 Ha =     52335.1203 eV
	 Eenucl =  -11155.5430597 Ha =   -303560.7333 eV
	 Eexch  =    -127.0533710 Ha =     -3457.3319 eV
	 Ecorr  =      -4.2307287 Ha =      -115.1251 eV
	 Exc    =    -131.2840997 Ha =     -3572.4570 eV
==========================================================


C A L C U L A T I O N   T I M E :   35  [s]
