===============================================================================
 RRRR   AAA  TTTTT  OOO   M   M      Zbigniew Romanowski          
 R   R A   A  TTT  O   O  MM MM                                   
 RRRR  AAAAA   T   O   O  M M M      VERSION   1.4.1              
 R  R  A   A   T   O   O  M   M                                   
 R   R A   A   T    OOO   M   M      compilation date: Apr 20 2011         
===============================================================================


  C A L C U L A T I O N   D A T E   Wed Apr 20 13:15:31 2011



*************************************
*                                   *
*      I N P U T   P A R A M S      *
*                                   *
*************************************
Atom_Proton                      58

Atom_Rc                          40

Out_EigNode                      10

Out_RhoNode                      10

Rho0_Alpha                       0.0

Rho0_Default                     Yes

Rho0_c                           0.0

Rho_Deg                          8

Rho_Delta                        1E-9

Scf_Diff                         1E-9

Scf_MaxIter                      100

Scf_Mix                          0.3

Solver_EigAbsMaxCoef             1E-4

Solver_EigAbsTol                 1E-14

Solver_EigAdapt                  Yes

Solver_EigDeg                    6

Solver_EigNode                   4

Solver_PsnAbsMaxCoef             1E-4

Solver_PsnAdapt                  Yes

Solver_PsnDeg                    6

Solver_PsnNode                   4

XC_Corr                          vwn

XC_Exch                          slater



===================================================================
     E I G E N V A L U E S
-------------------------------------------------------------------
           State          Value [Ha]           Value [eV]
-------------------------------------------------------------------
   (n=0, L=0) 1s2     -1406.1482840 Ha =  -38263.6149519 eV
   (n=1, L=0) 2s2      -218.6848416 Ha =   -5950.7753712 eV
   (n=0, L=1) 2p6      -206.9251476 Ha =   -5630.7746922 eV
   (n=2, L=0) 3s2       -47.0352826 Ha =   -1279.9076488 eV
   (n=1, L=1) 3p6       -41.9382818 Ha =   -1141.2098462 eV
   (n=0, L=2) 3d10      -32.4125686 Ha =    -881.9994718 eV
   (n=3, L=0) 4s2        -9.4327442 Ha =    -256.6805327 eV
   (n=2, L=1) 4p6        -7.5321055 Ha =    -204.9610200 eV
   (n=1, L=2) 4d10       -4.1925484 Ha =    -114.0861600 eV
   (n=4, L=0) 5s2        -1.3697279 Ha =     -37.2725567 eV
   (n=3, L=1) 5p6        -0.8501097 Ha =     -23.1328871 eV
   (n=0, L=3) 4f1        -0.3374419 Ha =      -9.1823496 eV
   (n=2, L=2) 5d1        -0.1405496 Ha =      -3.8245865 eV
   (n=5, L=0) 6s2        -0.1339743 Ha =      -3.6456610 eV
===================================================================


==========================================================
     E N E R G Y 
----------------------------------------------------------
	 Etot   =   -8563.3602851 Ha =   -233023.1629 eV
	 Ekin   =    8559.3014217 Ha =    232912.7145 eV
	 Ecoul  =    3351.8335364 Ha =     91208.9211 eV
	 Eenucl =  -20278.1784120 Ha =   -551802.6936 eV
	 Eexch  =    -190.7140858 Ha =     -5189.6450 eV
	 Ecorr  =      -5.6027453 Ha =      -152.4599 eV
	 Exc    =    -196.3168311 Ha =     -5342.1049 eV
==========================================================


C A L C U L A T I O N   T I M E :   65  [s]
