===============================================================================
 RRRR   AAA  TTTTT  OOO   M   M      Zbigniew Romanowski          
 R   R A   A  TTT  O   O  MM MM                                   
 RRRR  AAAAA   T   O   O  M M M      VERSION   1.4.1              
 R  R  A   A   T   O   O  M   M                                   
 R   R A   A   T    OOO   M   M      compilation date: Apr 20 2011         
===============================================================================


  C A L C U L A T I O N   D A T E   Wed Apr 20 13:17:34 2011



*************************************
*                                   *
*      I N P U T   P A R A M S      *
*                                   *
*************************************
Atom_Proton                      60

Atom_Rc                          40

Out_EigNode                      10

Out_RhoNode                      10

Rho0_Alpha                       0.0

Rho0_Default                     Yes

Rho0_c                           0.0

Rho_Deg                          8

Rho_Delta                        1E-9

Scf_Diff                         1E-9

Scf_MaxIter                      100

Scf_Mix                          0.3

Solver_EigAbsMaxCoef             1E-4

Solver_EigAbsTol                 1E-14

Solver_EigAdapt                  Yes

Solver_EigDeg                    6

Solver_EigNode                   4

Solver_PsnAbsMaxCoef             1E-4

Solver_PsnAdapt                  Yes

Solver_PsnDeg                    6

Solver_PsnNode                   4

XC_Corr                          vwn

XC_Exch                          slater



===================================================================
     E I G E N V A L U E S
-------------------------------------------------------------------
           State          Value [Ha]           Value [eV]
-------------------------------------------------------------------
   (n=0, L=0) 1s2     -1509.6989553 Ha =  -41081.3995780 eV
   (n=1, L=0) 2s2      -236.6135720 Ha =   -6438.6457067 eV
   (n=0, L=1) 2p6      -224.3518161 Ha =   -6104.9830966 eV
   (n=2, L=0) 3s2       -51.1612628 Ha =   -1392.1823760 eV
   (n=1, L=1) 3p6       -45.7912191 Ha =   -1246.0546283 eV
   (n=0, L=2) 3d10      -35.7545150 Ha =    -972.9393482 eV
   (n=3, L=0) 4s2       -10.0008914 Ha =    -272.1407562 eV
   (n=2, L=1) 4p6        -7.9678197 Ha =    -216.8175212 eV
   (n=1, L=2) 4d10       -4.3770267 Ha =    -119.1061190 eV
   (n=4, L=0) 5s2        -1.3349344 Ha =     -36.3257672 eV
   (n=3, L=1) 5p6        -0.7985029 Ha =     -21.7285818 eV
   (n=0, L=3) 4f4        -0.1795086 Ha =      -4.8847245 eV
   (n=5, L=0) 6s2        -0.1257957 Ha =      -3.4231073 eV
===================================================================


==========================================================
     E N E R G Y 
----------------------------------------------------------
	 Etot   =   -9280.3110370 Ha =   -252532.5758 eV
	 Ekin   =    9276.0544391 Ha =    252416.7468 eV
	 Ecoul  =    3654.9480141 Ha =     99457.1661 eV
	 Eenucl =  -22003.0646962 Ha =   -598739.6954 eV
	 Eexch  =    -202.3877618 Ha =     -5507.3049 eV
	 Ecorr  =      -5.8610321 Ha =      -159.4884 eV
	 Exc    =    -208.2487939 Ha =     -5666.7933 eV
==========================================================


C A L C U L A T I O N   T I M E :   61  [s]
