===============================================================================
 RRRR   AAA  TTTTT  OOO   M   M      Zbigniew Romanowski          
 R   R A   A  TTT  O   O  MM MM                                   
 RRRR  AAAAA   T   O   O  M M M      VERSION   1.4.1              
 R  R  A   A   T   O   O  M   M                                   
 R   R A   A   T    OOO   M   M      compilation date: Apr 20 2011         
===============================================================================


  C A L C U L A T I O N   D A T E   Wed Apr 20 13:43:31 2011



*************************************
*                                   *
*      I N P U T   P A R A M S      *
*                                   *
*************************************
Atom_Proton                      82

Atom_Rc                          110

Out_EigNode                      10

Out_RhoNode                      10

Rho0_Alpha                       0.0

Rho0_Default                     Yes

Rho0_c                           0.0

Rho_Deg                          8

Rho_Delta                        1E-9

Scf_Diff                         1E-9

Scf_MaxIter                      100

Scf_Mix                          0.3

Solver_EigAbsMaxCoef             1E-4

Solver_EigAbsTol                 1E-14

Solver_EigAdapt                  Yes

Solver_EigDeg                    6

Solver_EigNode                   4

Solver_PsnAbsMaxCoef             1E-4

Solver_PsnAdapt                  Yes

Solver_PsnDeg                    6

Solver_PsnNode                   4

XC_Corr                          vwn

XC_Exch                          slater



===================================================================
     E I G E N V A L U E S
-------------------------------------------------------------------
           State          Value [Ha]           Value [eV]
-------------------------------------------------------------------
   (n=0, L=0) 1s2     -2901.0780607 Ha =  -78943.1208117 eV
   (n=1, L=0) 2s2      -488.8433352 Ha =  -13302.2337417 eV
   (n=0, L=1) 2p6      -470.8777852 Ha =  -12813.3614825 eV
   (n=2, L=0) 3s2      -116.5268519 Ha =   -3170.8879095 eV
   (n=1, L=1) 3p6      -107.9503909 Ha =   -2937.5082545 eV
   (n=0, L=2) 3d10      -91.8899241 Ha =   -2500.4764537 eV
   (n=3, L=0) 4s2       -25.7533303 Ha =    -700.7906095 eV
   (n=2, L=1) 4p6       -21.9905642 Ha =    -598.3995358 eV
   (n=1, L=2) 4d10      -15.0300266 Ha =    -408.9918234 eV
   (n=4, L=0) 5s2        -4.2067976 Ha =    -114.4739032 eV
   (n=3, L=1) 5p6        -2.9416569 Ha =     -80.0473386 eV
   (n=0, L=3) 4f14       -5.5925317 Ha =    -152.1820142 eV
   (n=2, L=2) 5d10       -0.9023926 Ha =     -24.5555929 eV
   (n=5, L=0) 6s2        -0.3571868 Ha =      -9.7196418 eV
   (n=4, L=1) 6p2        -0.1418313 Ha =      -3.8594634 eV
===================================================================


==========================================================
     E N E R G Y 
----------------------------------------------------------
	 Etot   =  -19518.9931447 Ha =   -531144.0098 eV
	 Ekin   =   19512.6626774 Ha =    530971.7473 eV
	 Ecoul  =    7781.9944576 Ha =    211760.9095 eV
	 Eenucl =  -46459.6277341 Ha =  -1264243.1290 eV
	 Eexch  =    -345.4502108 Ha =     -9400.2702 eV
	 Ecorr  =      -8.5723348 Ha =      -233.2674 eV
	 Exc    =    -354.0225456 Ha =     -9633.5376 eV
==========================================================


C A L C U L A T I O N   T I M E :   80  [s]
