===============================================================================
 RRRR   AAA  TTTTT  OOO   M   M      Zbigniew Romanowski          
 R   R A   A  TTT  O   O  MM MM                                   
 RRRR  AAAAA   T   O   O  M M M      VERSION   1.4.1              
 R  R  A   A   T   O   O  M   M                                   
 R   R A   A   T    OOO   M   M      compilation date: Apr 20 2011         
===============================================================================


  C A L C U L A T I O N   D A T E   Wed Apr 20 13:02:36 2011



*************************************
*                                   *
*      I N P U T   P A R A M S      *
*                                   *
*************************************
Atom_Proton                      38

Atom_Rc                          30

Out_EigNode                      10

Out_RhoNode                      10

Rho0_Alpha                       0.0

Rho0_Default                     Yes

Rho0_c                           0.0

Rho_Deg                          8

Rho_Delta                        1E-9

Scf_Diff                         1E-9

Scf_MaxIter                      100

Scf_Mix                          0.3

Solver_EigAbsMaxCoef             1E-4

Solver_EigAbsTol                 1E-14

Solver_EigAdapt                  Yes

Solver_EigDeg                    6

Solver_EigNode                   4

Solver_PsnAbsMaxCoef             1E-4

Solver_PsnAdapt                  Yes

Solver_PsnDeg                    6

Solver_PsnNode                   4

XC_Corr                          vwn

XC_Exch                          slater



===================================================================
     E I G E N V A L U E S
-------------------------------------------------------------------
           State          Value [Ha]           Value [eV]
-------------------------------------------------------------------
   (n=0, L=0) 1s2      -572.8701689 Ha =  -15588.7425316 eV
   (n=1, L=0) 2s2       -76.4918228 Ha =   -2081.4687103 eV
   (n=0, L=1) 2p6       -69.7459410 Ha =   -1897.9021347 eV
   (n=2, L=0) 3s2       -11.7715851 Ha =    -320.3242526 eV
   (n=1, L=1) 3p6        -9.3018635 Ha =    -253.1190537 eV
   (n=0, L=2) 3d10       -4.8134979 Ha =    -130.9832208 eV
   (n=3, L=0) 4s2        -1.4553176 Ha =     -39.6015920 eV
   (n=2, L=1) 4p6        -0.8444886 Ha =     -22.9799275 eV
   (n=4, L=0) 5s2        -0.1317928 Ha =      -3.5862986 eV
===================================================================


==========================================================
     E N E R G Y 
----------------------------------------------------------
	 Etot   =   -3129.4531614 Ha =    -85157.5841 eV
	 Ekin   =    3126.9907055 Ha =     85090.5766 eV
	 Ecoul  =    1308.9543719 Ha =     35618.8082 eV
	 Eenucl =   -7465.6418165 Ha =   -203152.4321 eV
	 Eexch  =     -96.3000786 Ha =     -2620.4840 eV
	 Ecorr  =      -3.4563438 Ha =       -94.0528 eV
	 Exc    =     -99.7564224 Ha =     -2714.5369 eV
==========================================================


C A L C U L A T I O N   T I M E :   30  [s]
