===============================================================================
 RRRR   AAA  TTTTT  OOO   M   M      Zbigniew Romanowski          
 R   R A   A  TTT  O   O  MM MM                                   
 RRRR  AAAAA   T   O   O  M M M      VERSION   1.4.1              
 R  R  A   A   T   O   O  M   M                                   
 R   R A   A   T    OOO   M   M      compilation date: Apr 20 2011         
===============================================================================


  C A L C U L A T I O N   D A T E   Wed Apr 20 12:56:34 2011



*************************************
*                                   *
*      I N P U T   P A R A M S      *
*                                   *
*************************************
Atom_Proton                      22

Atom_Rc                          30

Out_EigNode                      10

Out_RhoNode                      10

Rho0_Alpha                       0.0

Rho0_Default                     Yes

Rho0_c                           0.0

Rho_Deg                          8

Rho_Delta                        1E-9

Scf_Diff                         1E-9

Scf_MaxIter                      100

Scf_Mix                          0.3

Solver_EigAbsMaxCoef             1E-4

Solver_EigAbsTol                 1E-14

Solver_EigAdapt                  Yes

Solver_EigDeg                    6

Solver_EigNode                   4

Solver_PsnAbsMaxCoef             1E-4

Solver_PsnAdapt                  Yes

Solver_PsnDeg                    6

Solver_PsnNode                   4

XC_Corr                          vwn

XC_Exch                          slater



===================================================================
     E I G E N V A L U E S
-------------------------------------------------------------------
           State          Value [Ha]           Value [eV]
-------------------------------------------------------------------
   (n=0, L=0) 1s2      -177.2766430 Ha =   -4823.9899627 eV
   (n=1, L=0) 2s2       -19.4579010 Ha =    -529.4815922 eV
   (n=0, L=1) 2p6       -16.2853390 Ha =    -443.1509441 eV
   (n=2, L=0) 3s2        -2.2580065 Ha =     -61.4440837 eV
   (n=1, L=1) 3p6        -1.4229474 Ha =     -38.7207467 eV
   (n=0, L=2) 3d2        -0.1700101 Ha =      -4.6262554 eV
   (n=3, L=0) 4s2        -0.1671063 Ha =      -4.5472392 eV
===================================================================


==========================================================
     E N E R G Y 
----------------------------------------------------------
	 Etot   =    -847.2772160 Ha =    -23055.8111 eV
	 Ekin   =     846.0505325 Ha =     23022.4310 eV
	 Ecoul  =     355.2323548 Ha =      9666.4585 eV
	 Eenucl =   -2008.7408478 Ha =    -54661.1529 eV
	 Eexch  =     -38.0387207 Ha =     -1035.0964 eV
	 Ecorr  =      -1.7805349 Ha =       -48.4513 eV
	 Exc    =     -39.8192556 Ha =     -1083.5476 eV
==========================================================


C A L C U L A T I O N   T I M E :   18  [s]
