===============================================================================
 RRRR   AAA  TTTTT  OOO   M   M      Zbigniew Romanowski          
 R   R A   A  TTT  O   O  MM MM                                   
 RRRR  AAAAA   T   O   O  M M M      VERSION   1.4.1              
 R  R  A   A   T   O   O  M   M                                   
 R   R A   A   T    OOO   M   M      compilation date: Apr 20 2011         
===============================================================================


  C A L C U L A T I O N   D A T E   Wed Apr 20 13:29:17 2011



*************************************
*                                   *
*      I N P U T   P A R A M S      *
*                                   *
*************************************
Atom_Proton                      70

Atom_Rc                          50

Out_EigNode                      10

Out_RhoNode                      10

Rho0_Alpha                       0.0

Rho0_Default                     Yes

Rho0_c                           0.0

Rho_Deg                          8

Rho_Delta                        1E-9

Scf_Diff                         1E-9

Scf_MaxIter                      100

Scf_Mix                          0.3

Solver_EigAbsMaxCoef             1E-4

Solver_EigAbsTol                 1E-14

Solver_EigAdapt                  Yes

Solver_EigDeg                    6

Solver_EigNode                   4

Solver_PsnAbsMaxCoef             1E-4

Solver_PsnAdapt                  Yes

Solver_PsnDeg                    6

Solver_PsnNode                   4

XC_Corr                          vwn

XC_Exch                          slater



===================================================================
     E I G E N V A L U E S
-------------------------------------------------------------------
           State          Value [Ha]           Value [eV]
-------------------------------------------------------------------
   (n=0, L=0) 1s2     -2084.0693891 Ha =  -56710.9667914 eV
   (n=1, L=0) 2s2      -337.9789759 Ha =   -9196.9656008 eV
   (n=0, L=1) 2p6      -323.1782190 Ha =   -8794.2125819 eV
   (n=2, L=0) 3s2       -75.4766306 Ha =   -2053.8436538 eV
   (n=1, L=1) 3p6       -68.6986551 Ha =   -1869.4037591 eV
   (n=0, L=2) 3d10      -56.0263148 Ha =   -1524.5684681 eV
   (n=3, L=0) 4s2       -14.3120763 Ha =    -389.4552117 eV
   (n=2, L=1) 4p6       -11.5582459 Ha =    -314.5189415 eV
   (n=1, L=2) 4d10       -6.5749628 Ha =    -178.9155867 eV
   (n=4, L=0) 5s2        -1.6838857 Ha =     -45.8213079 eV
   (n=3, L=1) 5p6        -0.9661374 Ha =     -26.2901914 eV
   (n=0, L=3) 4f14       -0.2864084 Ha =      -7.7936449 eV
   (n=5, L=0) 6s2        -0.1369891 Ha =      -3.7276991 eV
===================================================================


==========================================================
     E N E R G Y 
----------------------------------------------------------
	 Etot   =  -13388.0485951 Ha =   -364310.8926 eV
	 Ekin   =   13382.8103006 Ha =    364168.3499 eV
	 Ecoul  =    5393.3650961 Ha =    146762.3633 eV
	 Eenucl =  -31891.7983997 Ha =   -867828.4559 eV
	 Eexch  =    -265.2860959 Ha =     -7218.8724 eV
	 Ecorr  =      -7.1394962 Ha =      -194.2775 eV
	 Exc    =    -272.4255921 Ha =     -7413.1499 eV
==========================================================


C A L C U L A T I O N   T I M E :   70  [s]
