===============================================================================
 RRRR   AAA  TTTTT  OOO   M   M      Zbigniew Romanowski          
 R   R A   A  TTT  O   O  MM MM                                   
 RRRR  AAAAA   T   O   O  M M M      VERSION   1.4.1              
 R  R  A   A   T   O   O  M   M                                   
 R   R A   A   T    OOO   M   M      compilation date: Apr 20 2011         
===============================================================================


  C A L C U L A T I O N   D A T E   Wed Apr 20 12:59:40 2011



*************************************
*                                   *
*      I N P U T   P A R A M S      *
*                                   *
*************************************
Atom_Proton                      31

Atom_Rc                          30

Out_EigNode                      10

Out_RhoNode                      10

Rho0_Alpha                       0.0

Rho0_Default                     Yes

Rho0_c                           0.0

Rho_Deg                          8

Rho_Delta                        1E-9

Scf_Diff                         1E-9

Scf_MaxIter                      100

Scf_Mix                          0.3

Solver_EigAbsMaxCoef             1E-4

Solver_EigAbsTol                 1E-14

Solver_EigAdapt                  Yes

Solver_EigDeg                    6

Solver_EigNode                   4

Solver_PsnAbsMaxCoef             1E-4

Solver_PsnAdapt                  Yes

Solver_PsnDeg                    6

Solver_PsnNode                   4

XC_Corr                          vwn

XC_Exch                          slater



===================================================================
     E I G E N V A L U E S
-------------------------------------------------------------------
           State          Value [Ha]           Value [eV]
-------------------------------------------------------------------
   (n=0, L=0) 1s2      -370.1706387 Ha =  -10072.9538609 eV
   (n=1, L=0) 2s2       -45.2008687 Ha =   -1229.9902196 eV
   (n=0, L=1) 2p6       -40.0933394 Ha =   -1091.0059198 eV
   (n=2, L=0) 3s2        -5.2416446 Ha =    -142.6337995 eV
   (n=1, L=1) 3p6        -3.5846664 Ha =     -97.5446874 eV
   (n=0, L=2) 3d10       -0.7362041 Ha =     -20.0333291 eV
   (n=3, L=0) 4s2        -0.3280187 Ha =      -8.9259298 eV
   (n=2, L=1) 4p1        -0.1016338 Ha =      -2.7656227 eV
===================================================================


==========================================================
     E N E R G Y 
----------------------------------------------------------
	 Etot   =   -1921.8464559 Ha =    -52296.6131 eV
	 Ekin   =    1919.8947819 Ha =     52243.5048 eV
	 Ecoul  =     833.7549777 Ha =     22687.8486 eV
	 Eenucl =   -4603.5768225 Ha =   -125270.9212 eV
	 Eexch  =     -69.1574554 Ha =     -1881.8885 eV
	 Ecorr  =      -2.7619376 Ha =       -75.1569 eV
	 Exc    =     -71.9193930 Ha =     -1957.0453 eV
==========================================================


C A L C U L A T I O N   T I M E :   21  [s]
