===============================================================================
 RRRR   AAA  TTTTT  OOO   M   M      Zbigniew Romanowski          
 R   R A   A  TTT  O   O  MM MM                                   
 RRRR  AAAAA   T   O   O  M M M      VERSION   1.4.1              
 R  R  A   A   T   O   O  M   M                                   
 R   R A   A   T    OOO   M   M      compilation date: Apr 20 2011         
===============================================================================


  C A L C U L A T I O N   D A T E   Wed Apr 20 13:52:47 2011



*************************************
*                                   *
*      I N P U T   P A R A M S      *
*                                   *
*************************************
Atom_Proton                      88

Atom_Rc                          140

Out_EigNode                      10

Out_RhoNode                      10

Rho0_Alpha                       0.0

Rho0_Default                     Yes

Rho0_c                           0.0

Rho_Deg                          8

Rho_Delta                        1E-9

Scf_Diff                         1E-9

Scf_MaxIter                      100

Scf_Mix                          0.3

Solver_EigAbsMaxCoef             1E-4

Solver_EigAbsTol                 1E-14

Solver_EigAdapt                  Yes

Solver_EigDeg                    6

Solver_EigNode                   4

Solver_PsnAbsMaxCoef             1E-4

Solver_PsnAdapt                  Yes

Solver_PsnDeg                    6

Solver_PsnNode                   4

XC_Corr                          vwn

XC_Exch                          slater



===================================================================
     E I G E N V A L U E S
-------------------------------------------------------------------
           State          Value [Ha]           Value [eV]
-------------------------------------------------------------------
   (n=0, L=0) 1s2     -3362.7365628 Ha =  -91505.6103894 eV
   (n=1, L=0) 2s2      -577.1012079 Ha =  -15703.8760836 eV
   (n=0, L=1) 2p6      -557.5132139 Ha =  -15170.8544467 eV
   (n=2, L=0) 3s2      -142.6324259 Ha =   -3881.2636512 eV
   (n=1, L=1) 3p6      -133.1232506 Ha =   -3622.5033022 eV
   (n=0, L=2) 3d10     -115.3064763 Ha =   -3137.6794758 eV
   (n=3, L=0) 4s2       -34.5256281 Ha =    -939.4993074 eV
   (n=2, L=1) 4p6       -30.2212080 Ha =    -822.3689351 eV
   (n=1, L=2) 4d10      -22.2081249 Ha =    -604.3197221 eV
   (n=4, L=0) 5s2        -7.1391372 Ha =    -194.2677041 eV
   (n=3, L=1) 5p6        -5.5472026 Ha =    -150.9485364 eV
   (n=0, L=3) 4f14      -11.1810661 Ha =    -304.2552561 eV
   (n=2, L=2) 5d10       -2.8198528 Ha =     -76.7328462 eV
   (n=5, L=0) 6s2        -1.0513501 Ha =     -28.6089708 eV
   (n=4, L=1) 6p6        -0.6346736 Ha =     -17.2705169 eV
   (n=6, L=0) 7s2        -0.1137317 Ha =      -3.0948272 eV
===================================================================


==========================================================
     E N E R G Y 
----------------------------------------------------------
	 Etot   =  -23088.6880831 Ha =   -628281.2991 eV
	 Ekin   =   23081.8675241 Ha =    628095.7004 eV
	 Ecoul  =    9045.5870607 Ha =    246145.3491 eV
	 Eenucl =  -54820.4746451 Ha =  -1491755.5689 eV
	 Eexch  =    -386.4489393 Ha =    -10515.9133 eV
	 Ecorr  =      -9.2190834 Ha =      -250.8665 eV
	 Exc    =    -395.6680227 Ha =    -10766.7798 eV
==========================================================


C A L C U L A T I O N   T I M E :   122  [s]
